{"total": {"lines":{"total":2269,"covered":427,"skipped":0,"pct":18.81},"statements":{"total":2452,"covered":472,"skipped":0,"pct":19.24},"functions":{"total":603,"covered":102,"skipped":0,"pct":16.91},"branches":{"total":1540,"covered":224,"skipped":0,"pct":14.54},"branchesTrue":{"total":0,"covered":0,"skipped":0,"pct":100}}
,"C:/Users/nabeghe/Documents/software-engineering/Front-end/src/App.jsx": {"lines":{"total":4,"covered":4,"skipped":0,"pct":100},"functions":{"total":2,"covered":2,"skipped":0,"pct":100},"statements":{"total":4,"covered":4,"skipped":0,"pct":100},"branches":{"total":3,"covered":3,"skipped":0,"pct":100}}
,"C:/Users/nabeghe/Documents/software-engineering/Front-end/src/main.jsx": {"lines":{"total":1,"covered":1,"skipped":0,"pct":100},"functions":{"total":0,"covered":0,"skipped":0,"pct":100},"statements":{"total":1,"covered":1,"skipped":0,"pct":100},"branches":{"total":0,"covered":0,"skipped":0,"pct":100}}
,"C:/Users/nabeghe/Documents/software-engineering/Front-end/src/components/Chat/Chat.jsx": {"lines":{"total":110,"covered":27,"skipped":0,"pct":24.54},"functions":{"total":25,"covered":6,"skipped":0,"pct":24},"statements":{"total":117,"covered":30,"skipped":0,"pct":25.64},"branches":{"total":68,"covered":6,"skipped":0,"pct":8.82}}
,"C:/Users/nabeghe/Documents/software-engineering/Front-end/src/components/Chat/ChatIntroduction/Chat_intro.jsx": {"lines":{"total":7,"covered":7,"skipped":0,"pct":100},"functions":{"total":4,"covered":4,"skipped":0,"pct":100},"statements":{"total":10,"covered":10,"skipped":0,"pct":100},"branches":{"total":3,"covered":3,"skipped":0,"pct":100}}
,"C:/Users/nabeghe/Documents/software-engineering/Front-end/src/components/CompleteInfoModal/Complete_Info.jsx": {"lines":{"total":99,"covered":13,"skipped":0,"pct":13.13},"functions":{"total":23,"covered":1,"skipped":0,"pct":4.34},"statements":{"total":110,"covered":14,"skipped":0,"pct":12.72},"branches":{"total":56,"covered":4,"skipped":0,"pct":7.14}}
,"C:/Users/nabeghe/Documents/software-engineering/Front-end/src/components/CompleteInfoModal/Coverters_Checkers.js": {"lines":{"total":9,"covered":3,"skipped":0,"pct":33.33},"functions":{"total":5,"covered":0,"skipped":0,"pct":0},"statements":{"total":11,"covered":3,"skipped":0,"pct":27.27},"branches":{"total":4,"covered":0,"skipped":0,"pct":0}}
,"C:/Users/nabeghe/Documents/software-engineering/Front-end/src/components/Counter/Statistic.jsx": {"lines":{"total":22,"covered":14,"skipped":0,"pct":63.63},"functions":{"total":5,"covered":5,"skipped":0,"pct":100},"statements":{"total":24,"covered":16,"skipped":0,"pct":66.66},"branches":{"total":4,"covered":3,"skipped":0,"pct":75}}
,"C:/Users/nabeghe/Documents/software-engineering/Front-end/src/components/Counter/counter.jsx": {"lines":{"total":16,"covered":11,"skipped":0,"pct":68.75},"functions":{"total":9,"covered":6,"skipped":0,"pct":66.66},"statements":{"total":18,"covered":13,"skipped":0,"pct":72.22},"branches":{"total":5,"covered":5,"skipped":0,"pct":100}}
,"C:/Users/nabeghe/Documents/software-engineering/Front-end/src/components/Crasoul/Crasoul.jsx": {"lines":{"total":5,"covered":5,"skipped":0,"pct":100},"functions":{"total":2,"covered":2,"skipped":0,"pct":100},"statements":{"total":5,"covered":5,"skipped":0,"pct":100},"branches":{"total":3,"covered":3,"skipped":0,"pct":100}}
,"C:/Users/nabeghe/Documents/software-engineering/Front-end/src/components/Doctor/doctor.jsx": {"lines":{"total":5,"covered":5,"skipped":0,"pct":100},"functions":{"total":2,"covered":2,"skipped":0,"pct":100},"statements":{"total":5,"covered":5,"skipped":0,"pct":100},"branches":{"total":3,"covered":3,"skipped":0,"pct":100}}
,"C:/Users/nabeghe/Documents/software-engineering/Front-end/src/components/Doctor's_Patients/PatientProfile.jsx": {"lines":{"total":9,"covered":5,"skipped":0,"pct":55.55},"functions":{"total":4,"covered":1,"skipped":0,"pct":25},"statements":{"total":12,"covered":5,"skipped":0,"pct":41.66},"branches":{"total":7,"covered":3,"skipped":0,"pct":42.85}}
,"C:/Users/nabeghe/Documents/software-engineering/Front-end/src/components/Doctor's_Patients/PatientsList.jsx": {"lines":{"total":27,"covered":5,"skipped":0,"pct":18.51},"functions":{"total":7,"covered":1,"skipped":0,"pct":14.28},"statements":{"total":30,"covered":5,"skipped":0,"pct":16.66},"branches":{"total":10,"covered":3,"skipped":0,"pct":30}}
,"C:/Users/nabeghe/Documents/software-engineering/Front-end/src/components/DoctorInfoModal/DoctorInfoModal.jsx": {"lines":{"total":101,"covered":27,"skipped":0,"pct":26.73},"functions":{"total":22,"covered":4,"skipped":0,"pct":18.18},"statements":{"total":106,"covered":28,"skipped":0,"pct":26.41},"branches":{"total":48,"covered":7,"skipped":0,"pct":14.58}}
,"C:/Users/nabeghe/Documents/software-engineering/Front-end/src/components/DoctorPannelRating/DoctorPannelRating.jsx": {"lines":{"total":22,"covered":4,"skipped":0,"pct":18.18},"functions":{"total":8,"covered":1,"skipped":0,"pct":12.5},"statements":{"total":27,"covered":5,"skipped":0,"pct":18.51},"branches":{"total":10,"covered":4,"skipped":0,"pct":40}}
,"C:/Users/nabeghe/Documents/software-engineering/Front-end/src/components/Doctor_FreeTime/Doctor_FreeTime.jsx": {"lines":{"total":10,"covered":5,"skipped":0,"pct":50},"functions":{"total":5,"covered":1,"skipped":0,"pct":20},"statements":{"total":13,"covered":5,"skipped":0,"pct":38.46},"branches":{"total":13,"covered":3,"skipped":0,"pct":23.07}}
,"C:/Users/nabeghe/Documents/software-engineering/Front-end/src/components/Doctor_FreeTime/Doctor_FreeTime_Add.jsx": {"lines":{"total":83,"covered":10,"skipped":0,"pct":12.04},"functions":{"total":20,"covered":1,"skipped":0,"pct":5},"statements":{"total":90,"covered":10,"skipped":0,"pct":11.11},"branches":{"total":37,"covered":3,"skipped":0,"pct":8.1}}
,"C:/Users/nabeghe/Documents/software-engineering/Front-end/src/components/Doctor_FreeTime/Doctor_FreeTime_Edit.jsx": {"lines":{"total":77,"covered":10,"skipped":0,"pct":12.98},"functions":{"total":24,"covered":1,"skipped":0,"pct":4.16},"statements":{"total":83,"covered":10,"skipped":0,"pct":12.04},"branches":{"total":26,"covered":3,"skipped":0,"pct":11.53}}
,"C:/Users/nabeghe/Documents/software-engineering/Front-end/src/components/Doctor_FreeTime/Hours.jsx": {"lines":{"total":5,"covered":4,"skipped":0,"pct":80},"functions":{"total":2,"covered":1,"skipped":0,"pct":50},"statements":{"total":5,"covered":4,"skipped":0,"pct":80},"branches":{"total":5,"covered":3,"skipped":0,"pct":60}}
,"C:/Users/nabeghe/Documents/software-engineering/Front-end/src/components/DoctorsList/DoctorProfile.jsx": {"lines":{"total":71,"covered":5,"skipped":0,"pct":7.04},"functions":{"total":12,"covered":1,"skipped":0,"pct":8.33},"statements":{"total":73,"covered":5,"skipped":0,"pct":6.84},"branches":{"total":53,"covered":3,"skipped":0,"pct":5.66}}
,"C:/Users/nabeghe/Documents/software-engineering/Front-end/src/components/DoctorsList/DoctorsList.jsx": {"lines":{"total":71,"covered":7,"skipped":0,"pct":9.85},"functions":{"total":23,"covered":1,"skipped":0,"pct":4.34},"statements":{"total":74,"covered":7,"skipped":0,"pct":9.45},"branches":{"total":17,"covered":3,"skipped":0,"pct":17.64}}
,"C:/Users/nabeghe/Documents/software-engineering/Front-end/src/components/Footer/Footer.jsx": {"lines":{"total":5,"covered":5,"skipped":0,"pct":100},"functions":{"total":2,"covered":2,"skipped":0,"pct":100},"statements":{"total":5,"covered":5,"skipped":0,"pct":100},"branches":{"total":3,"covered":3,"skipped":0,"pct":100}}
,"C:/Users/nabeghe/Documents/software-engineering/Front-end/src/components/ForgetPassword/ForgetPassword.jsx": {"lines":{"total":53,"covered":5,"skipped":0,"pct":9.43},"functions":{"total":10,"covered":1,"skipped":0,"pct":10},"statements":{"total":56,"covered":5,"skipped":0,"pct":8.92},"branches":{"total":29,"covered":3,"skipped":0,"pct":10.34}}
,"C:/Users/nabeghe/Documents/software-engineering/Front-end/src/components/Home/Home.jsx": {"lines":{"total":4,"covered":4,"skipped":0,"pct":100},"functions":{"total":2,"covered":2,"skipped":0,"pct":100},"statements":{"total":4,"covered":4,"skipped":0,"pct":100},"branches":{"total":3,"covered":3,"skipped":0,"pct":100}}
,"C:/Users/nabeghe/Documents/software-engineering/Front-end/src/components/LandingPage/LandingPage.jsx": {"lines":{"total":8,"covered":8,"skipped":0,"pct":100},"functions":{"total":5,"covered":5,"skipped":0,"pct":100},"statements":{"total":11,"covered":11,"skipped":0,"pct":100},"branches":{"total":3,"covered":3,"skipped":0,"pct":100}}
,"C:/Users/nabeghe/Documents/software-engineering/Front-end/src/components/LoginSignUp/IsValidEmail.jsx": {"lines":{"total":3,"covered":3,"skipped":0,"pct":100},"functions":{"total":1,"covered":1,"skipped":0,"pct":100},"statements":{"total":4,"covered":4,"skipped":0,"pct":100},"branches":{"total":3,"covered":3,"skipped":0,"pct":100}}
,"C:/Users/nabeghe/Documents/software-engineering/Front-end/src/components/LoginSignUp/LoginSignUp.jsx": {"lines":{"total":191,"covered":47,"skipped":0,"pct":24.6},"functions":{"total":19,"covered":5,"skipped":0,"pct":26.31},"statements":{"total":194,"covered":50,"skipped":0,"pct":25.77},"branches":{"total":103,"covered":27,"skipped":0,"pct":26.21}}
,"C:/Users/nabeghe/Documents/software-engineering/Front-end/src/components/MedicalInfoModal/MedicalInfoModal.jsx": {"lines":{"total":140,"covered":4,"skipped":0,"pct":2.85},"functions":{"total":36,"covered":1,"skipped":0,"pct":2.77},"statements":{"total":146,"covered":5,"skipped":0,"pct":3.42},"branches":{"total":63,"covered":4,"skipped":0,"pct":6.34}}
,"C:/Users/nabeghe/Documents/software-engineering/Front-end/src/components/Patient_Panel/Patient_History.jsx": {"lines":{"total":13,"covered":4,"skipped":0,"pct":30.76},"functions":{"total":5,"covered":1,"skipped":0,"pct":20},"statements":{"total":15,"covered":4,"skipped":0,"pct":26.66},"branches":{"total":11,"covered":3,"skipped":0,"pct":27.27}}
,"C:/Users/nabeghe/Documents/software-engineering/Front-end/src/components/Patient_Panel/Patient_Info.jsx": {"lines":{"total":9,"covered":5,"skipped":0,"pct":55.55},"functions":{"total":5,"covered":1,"skipped":0,"pct":20},"statements":{"total":12,"covered":5,"skipped":0,"pct":41.66},"branches":{"total":9,"covered":3,"skipped":0,"pct":33.33}}
,"C:/Users/nabeghe/Documents/software-engineering/Front-end/src/components/Patient_Panel/Patient_Panel.jsx": {"lines":{"total":33,"covered":5,"skipped":0,"pct":15.15},"functions":{"total":13,"covered":1,"skipped":0,"pct":7.69},"statements":{"total":36,"covered":5,"skipped":0,"pct":13.88},"branches":{"total":20,"covered":3,"skipped":0,"pct":15}}
,"C:/Users/nabeghe/Documents/software-engineering/Front-end/src/components/Patient_Panel/Patient_Results.jsx": {"lines":{"total":8,"covered":5,"skipped":0,"pct":62.5},"functions":{"total":5,"covered":1,"skipped":0,"pct":20},"statements":{"total":12,"covered":5,"skipped":0,"pct":41.66},"branches":{"total":103,"covered":3,"skipped":0,"pct":2.91}}
,"C:/Users/nabeghe/Documents/software-engineering/Front-end/src/components/RatingDoctor/Comments.jsx": {"lines":{"total":11,"covered":3,"skipped":0,"pct":27.27},"functions":{"total":8,"covered":1,"skipped":0,"pct":12.5},"statements":{"total":13,"covered":3,"skipped":0,"pct":23.07},"branches":{"total":5,"covered":3,"skipped":0,"pct":60}}
,"C:/Users/nabeghe/Documents/software-engineering/Front-end/src/components/RatingDoctor/Rating&InfoModal.jsx": {"lines":{"total":90,"covered":4,"skipped":0,"pct":4.44},"functions":{"total":17,"covered":1,"skipped":0,"pct":5.88},"statements":{"total":93,"covered":6,"skipped":0,"pct":6.45},"branches":{"total":39,"covered":4,"skipped":0,"pct":10.25}}
,"C:/Users/nabeghe/Documents/software-engineering/Front-end/src/components/RatingDoctor/Stars.jsx": {"lines":{"total":19,"covered":7,"skipped":0,"pct":36.84},"functions":{"total":5,"covered":1,"skipped":0,"pct":20},"statements":{"total":19,"covered":7,"skipped":0,"pct":36.84},"branches":{"total":23,"covered":3,"skipped":0,"pct":13.04}}
,"C:/Users/nabeghe/Documents/software-engineering/Front-end/src/components/Recommendation/Recommendation.jsx": {"lines":{"total":7,"covered":6,"skipped":0,"pct":85.71},"functions":{"total":4,"covered":3,"skipped":0,"pct":75},"statements":{"total":10,"covered":9,"skipped":0,"pct":90},"branches":{"total":3,"covered":3,"skipped":0,"pct":100}}
,"C:/Users/nabeghe/Documents/software-engineering/Front-end/src/components/RecommendationPage/Doctor_Questions_Recommendation.jsx": {"lines":{"total":1,"covered":1,"skipped":0,"pct":100},"functions":{"total":0,"covered":0,"skipped":0,"pct":100},"statements":{"total":1,"covered":1,"skipped":0,"pct":100},"branches":{"total":0,"covered":0,"skipped":0,"pct":100}}
,"C:/Users/nabeghe/Documents/software-engineering/Front-end/src/components/RecommendationPage/Patient_Questions_Recommendation.jsx": {"lines":{"total":1,"covered":1,"skipped":0,"pct":100},"functions":{"total":0,"covered":0,"skipped":0,"pct":100},"statements":{"total":1,"covered":1,"skipped":0,"pct":100},"branches":{"total":0,"covered":0,"skipped":0,"pct":100}}
,"C:/Users/nabeghe/Documents/software-engineering/Front-end/src/components/RecommendationPage/RecommendationPage.jsx": {"lines":{"total":124,"covered":5,"skipped":0,"pct":4.03},"functions":{"total":27,"covered":1,"skipped":0,"pct":3.7},"statements":{"total":132,"covered":6,"skipped":0,"pct":4.54},"branches":{"total":206,"covered":4,"skipped":0,"pct":1.94}}
,"C:/Users/nabeghe/Documents/software-engineering/Front-end/src/components/Reservation/HourCard.jsx": {"lines":{"total":5,"covered":4,"skipped":0,"pct":80},"functions":{"total":2,"covered":1,"skipped":0,"pct":50},"statements":{"total":5,"covered":4,"skipped":0,"pct":80},"branches":{"total":5,"covered":3,"skipped":0,"pct":60}}
,"C:/Users/nabeghe/Documents/software-engineering/Front-end/src/components/Reservation/Reservation.jsx": {"lines":{"total":129,"covered":7,"skipped":0,"pct":5.42},"functions":{"total":32,"covered":1,"skipped":0,"pct":3.12},"statements":{"total":137,"covered":7,"skipped":0,"pct":5.1},"branches":{"total":38,"covered":3,"skipped":0,"pct":7.89}}
,"C:/Users/nabeghe/Documents/software-engineering/Front-end/src/components/SeeingDoctorReservation/DoctorPage.jsx": {"lines":{"total":38,"covered":5,"skipped":0,"pct":13.15},"functions":{"total":9,"covered":1,"skipped":0,"pct":11.11},"statements":{"total":43,"covered":6,"skipped":0,"pct":13.95},"branches":{"total":10,"covered":4,"skipped":0,"pct":40}}
,"C:/Users/nabeghe/Documents/software-engineering/Front-end/src/components/SeeingDoctorReservation/ReservationTable.jsx": {"lines":{"total":11,"covered":5,"skipped":0,"pct":45.45},"functions":{"total":5,"covered":1,"skipped":0,"pct":20},"statements":{"total":14,"covered":5,"skipped":0,"pct":35.71},"branches":{"total":7,"covered":3,"skipped":0,"pct":42.85}}
,"C:/Users/nabeghe/Documents/software-engineering/Front-end/src/components/SidebarNabar/NavBar_SideBar.jsx": {"lines":{"total":65,"covered":26,"skipped":0,"pct":40},"functions":{"total":29,"covered":8,"skipped":0,"pct":27.58},"statements":{"total":71,"covered":30,"skipped":0,"pct":42.25},"branches":{"total":36,"covered":20,"skipped":0,"pct":55.55}}
,"C:/Users/nabeghe/Documents/software-engineering/Front-end/src/components/Slider/Slider.jsx": {"lines":{"total":10,"covered":4,"skipped":0,"pct":40},"functions":{"total":4,"covered":1,"skipped":0,"pct":25},"statements":{"total":12,"covered":5,"skipped":0,"pct":41.66},"branches":{"total":5,"covered":3,"skipped":0,"pct":60}}
,"C:/Users/nabeghe/Documents/software-engineering/Front-end/src/components/TestPage/TestPage.jsx": {"lines":{"total":17,"covered":4,"skipped":0,"pct":23.52},"functions":{"total":6,"covered":1,"skipped":0,"pct":16.66},"statements":{"total":19,"covered":5,"skipped":0,"pct":26.31},"branches":{"total":29,"covered":3,"skipped":0,"pct":10.34}}
,"C:/Users/nabeghe/Documents/software-engineering/Front-end/src/components/Tests/Tests.jsx": {"lines":{"total":5,"covered":5,"skipped":0,"pct":100},"functions":{"total":2,"covered":2,"skipped":0,"pct":100},"statements":{"total":5,"covered":5,"skipped":0,"pct":100},"branches":{"total":3,"covered":3,"skipped":0,"pct":100}}
,"C:/Users/nabeghe/Documents/software-engineering/Front-end/src/components/Tests_lib/questions_Glasser.jsx": {"lines":{"total":1,"covered":1,"skipped":0,"pct":100},"functions":{"total":0,"covered":0,"skipped":0,"pct":100},"statements":{"total":1,"covered":1,"skipped":0,"pct":100},"branches":{"total":0,"covered":0,"skipped":0,"pct":100}}
,"C:/Users/nabeghe/Documents/software-engineering/Front-end/src/components/Tests_lib/questions_MBTI.jsx": {"lines":{"total":1,"covered":1,"skipped":0,"pct":100},"functions":{"total":0,"covered":0,"skipped":0,"pct":100},"statements":{"total":1,"covered":1,"skipped":0,"pct":100},"branches":{"total":0,"covered":0,"skipped":0,"pct":100}}
,"C:/Users/nabeghe/Documents/software-engineering/Front-end/src/components/Tests_lib/test_Glasser.jsx": {"lines":{"total":81,"covered":33,"skipped":0,"pct":40.74},"functions":{"total":29,"covered":7,"skipped":0,"pct":24.13},"statements":{"total":92,"covered":37,"skipped":0,"pct":40.21},"branches":{"total":53,"covered":15,"skipped":0,"pct":28.3}}
,"C:/Users/nabeghe/Documents/software-engineering/Front-end/src/components/Tests_lib/test_MBTI.jsx": {"lines":{"total":78,"covered":5,"skipped":0,"pct":6.41},"functions":{"total":29,"covered":1,"skipped":0,"pct":3.44},"statements":{"total":90,"covered":6,"skipped":0,"pct":6.66},"branches":{"total":53,"covered":4,"skipped":0,"pct":7.54}}
,"C:/Users/nabeghe/Documents/software-engineering/Front-end/src/components/UserManagement/user_management.jsx": {"lines":{"total":103,"covered":4,"skipped":0,"pct":3.88},"functions":{"total":27,"covered":1,"skipped":0,"pct":3.7},"statements":{"total":108,"covered":6,"skipped":0,"pct":5.55},"branches":{"total":48,"covered":4,"skipped":0,"pct":8.33}}
,"C:/Users/nabeghe/Documents/software-engineering/Front-end/src/components/User_Panel/ChangeInformation.jsx": {"lines":{"total":64,"covered":4,"skipped":0,"pct":6.25},"functions":{"total":16,"covered":1,"skipped":0,"pct":6.25},"statements":{"total":68,"covered":4,"skipped":0,"pct":5.88},"branches":{"total":25,"covered":3,"skipped":0,"pct":12}}
,"C:/Users/nabeghe/Documents/software-engineering/Front-end/src/components/User_Panel/ChangePassword.jsx": {"lines":{"total":57,"covered":4,"skipped":0,"pct":7.01},"functions":{"total":13,"covered":1,"skipped":0,"pct":7.69},"statements":{"total":59,"covered":4,"skipped":0,"pct":6.77},"branches":{"total":35,"covered":3,"skipped":0,"pct":8.57}}
,"C:/Users/nabeghe/Documents/software-engineering/Front-end/src/components/User_Panel/User_Panel.jsx": {"lines":{"total":31,"covered":5,"skipped":0,"pct":16.12},"functions":{"total":11,"covered":1,"skipped":0,"pct":9.09},"statements":{"total":35,"covered":5,"skipped":0,"pct":14.28},"branches":{"total":46,"covered":3,"skipped":0,"pct":6.52}}
,"C:/Users/nabeghe/Documents/software-engineering/Front-end/src/components/User_TestResult/TestResult.jsx": {"lines":{"total":33,"covered":5,"skipped":0,"pct":15.15},"functions":{"total":9,"covered":1,"skipped":0,"pct":11.11},"statements":{"total":38,"covered":6,"skipped":0,"pct":15.78},"branches":{"total":114,"covered":4,"skipped":0,"pct":3.5}}
,"C:/Users/nabeghe/Documents/software-engineering/Front-end/src/components/Verification/verification.jsx": {"lines":{"total":60,"covered":5,"skipped":0,"pct":8.33},"functions":{"total":9,"covered":1,"skipped":0,"pct":11.11},"statements":{"total":63,"covered":5,"skipped":0,"pct":7.93},"branches":{"total":29,"covered":3,"skipped":0,"pct":10.34}}
,"C:/Users/nabeghe/Documents/software-engineering/Front-end/src/components/aboutus/aboutus.jsx": {"lines":{"total":6,"covered":6,"skipped":0,"pct":100},"functions":{"total":3,"covered":3,"skipped":0,"pct":100},"statements":{"total":9,"covered":9,"skipped":0,"pct":100},"branches":{"total":3,"covered":3,"skipped":0,"pct":100}}
}
