{"C:/Users/nabeghe/Documents/software-engineering/Front-end/src/App.jsx": {"path":"C:/Users/nabeghe/Documents/software-engineering/Front-end/src/App.jsx","statementMap":{"0":{"start":{"line":1,"column":25},"end":{"line":1,"column":null}},"1":{"start":{"line":27,"column":2},"end":{"line":99,"column":null}},"2":{"start":{"line":101,"column":1},"end":{"line":26,"column":15}},"3":{"start":{"line":103,"column":19},"end":{"line":103,"column":null}}},"fnMap":{"0":{"name":"(anonymous_0)","decl":{"start":{"line":1,"column":25},"end":{"line":1,"column":null}},"loc":{"start":{"line":1,"column":25},"end":{"line":1,"column":null}}},"1":{"name":"App","decl":{"start":{"line":26,"column":9},"end":{"line":26,"column":15}},"loc":{"start":{"line":26,"column":15},"end":{"line":101,"column":1}}}},"branchMap":{"0":{"loc":{"start":{"line":1,"column":25},"end":{"line":1,"column":null}},"type":"binary-expr","locations":[{"start":{"line":1,"column":25},"end":{"line":1,"column":null}},{"start":{"line":1,"column":25},"end":{"line":1,"column":null}}]},"1":{"loc":{"start":{"line":1,"column":25},"end":{"line":1,"column":null}},"type":"if","locations":[{"start":{"line":1,"column":25},"end":{"line":1,"column":null}}]}},"s":{"0":256,"1":94,"2":32,"3":32},"f":{"0":32,"1":94},"b":{"0":[64,32],"1":[32]}}
,"C:/Users/nabeghe/Documents/software-engineering/Front-end/src/main.jsx": {"path":"C:/Users/nabeghe/Documents/software-engineering/Front-end/src/main.jsx","statementMap":{"0":{"start":{"line":8,"column":0},"end":{"line":12,"column":null}}},"fnMap":{},"branchMap":{},"s":{"0":32},"f":{},"b":{}}
,"C:/Users/nabeghe/Documents/software-engineering/Front-end/src/components/Chat/Chat.jsx": {"path":"C:/Users/nabeghe/Documents/software-engineering/Front-end/src/components/Chat/Chat.jsx","statementMap":{"0":{"start":{"line":1,"column":19},"end":{"line":1,"column":null}},"1":{"start":{"line":14,"column":14},"end":{"line":14,"column":null}},"2":{"start":{"line":15,"column":14},"end":{"line":15,"column":null}},"3":{"start":{"line":16,"column":25},"end":{"line":16,"column":null}},"4":{"start":{"line":17,"column":13},"end":{"line":17,"column":null}},"5":{"start":{"line":18,"column":13},"end":{"line":18,"column":null}},"6":{"start":{"line":19,"column":12},"end":{"line":19,"column":null}},"7":{"start":{"line":20,"column":2},"end":{"line":26,"column":null}},"8":{"start":{"line":27,"column":1},"end":{"line":13,"column":21}},"9":{"start":{"line":29,"column":24},"end":{"line":29,"column":null}},"10":{"start":{"line":30,"column":2},"end":{"line":30,"column":null}},"11":{"start":{"line":30,"column":39},"end":{"line":30,"column":59}},"12":{"start":{"line":33,"column":13},"end":{"line":959,"column":2}},"13":{"start":{"line":33,"column":19},"end":{"line":33,"column":null}},"14":{"start":{"line":34,"column":32},"end":{"line":34,"column":null}},"15":{"start":{"line":44,"column":6},"end":{"line":44,"column":null}},"16":{"start":{"line":46,"column":20},"end":{"line":46,"column":null}},"17":{"start":{"line":47,"column":51},"end":{"line":47,"column":null}},"18":{"start":{"line":48,"column":47},"end":{"line":48,"column":null}},"19":{"start":{"line":49,"column":27},"end":{"line":49,"column":null}},"20":{"start":{"line":50,"column":36},"end":{"line":50,"column":null}},"21":{"start":{"line":51,"column":30},"end":{"line":51,"column":null}},"22":{"start":{"line":52,"column":32},"end":{"line":52,"column":null}},"23":{"start":{"line":53,"column":29},"end":{"line":53,"column":null}},"24":{"start":{"line":54,"column":30},"end":{"line":54,"column":null}},"25":{"start":{"line":55,"column":37},"end":{"line":55,"column":null}},"26":{"start":{"line":57,"column":2},"end":{"line":61,"column":null}},"27":{"start":{"line":58,"column":4},"end":{"line":60,"column":null}},"28":{"start":{"line":59,"column":6},"end":{"line":59,"column":null}},"29":{"start":{"line":64,"column":4},"end":{"line":64,"column":null}},"30":{"start":{"line":64,"column":16},"end":{"line":64,"column":null}},"31":{"start":{"line":65,"column":4},"end":{"line":65,"column":null}},"32":{"start":{"line":65,"column":17},"end":{"line":65,"column":null}},"33":{"start":{"line":66,"column":4},"end":{"line":66,"column":null}},"34":{"start":{"line":66,"column":24},"end":{"line":66,"column":29}},"35":{"start":{"line":69,"column":20},"end":{"line":94,"column":null}},"36":{"start":{"line":70,"column":4},"end":{"line":70,"column":null}},"37":{"start":{"line":71,"column":4},"end":{"line":93,"column":null}},"38":{"start":{"line":72,"column":23},"end":{"line":72,"column":null}},"39":{"start":{"line":73,"column":6},"end":{"line":73,"column":null}},"40":{"start":{"line":74,"column":29},"end":{"line":80,"column":null}},"41":{"start":{"line":82,"column":6},"end":{"line":90,"column":null}},"42":{"start":{"line":83,"column":29},"end":{"line":83,"column":null}},"43":{"start":{"line":84,"column":8},"end":{"line":84,"column":null}},"44":{"start":{"line":85,"column":8},"end":{"line":85,"column":null}},"45":{"start":{"line":86,"column":8},"end":{"line":86,"column":null}},"46":{"start":{"line":87,"column":8},"end":{"line":87,"column":null}},"47":{"start":{"line":89,"column":8},"end":{"line":89,"column":null}},"48":{"start":{"line":92,"column":6},"end":{"line":92,"column":null}},"49":{"start":{"line":97,"column":4},"end":{"line":130,"column":null}},"50":{"start":{"line":98,"column":20},"end":{"line":98,"column":null}},"51":{"start":{"line":99,"column":23},"end":{"line":107,"column":null}},"52":{"start":{"line":108,"column":6},"end":{"line":119,"column":null}},"53":{"start":{"line":109,"column":8},"end":{"line":116,"column":null}},"54":{"start":{"line":117,"column":8},"end":{"line":117,"column":null}},"55":{"start":{"line":118,"column":8},"end":{"line":118,"column":null}},"56":{"start":{"line":121,"column":6},"end":{"line":129,"column":null}},"57":{"start":{"line":132,"column":2},"end":{"line":160,"column":null}},"58":{"start":{"line":133,"column":31},"end":{"line":157,"column":null}},"59":{"start":{"line":134,"column":6},"end":{"line":156,"column":null}},"60":{"start":{"line":135,"column":22},"end":{"line":135,"column":null}},"61":{"start":{"line":136,"column":25},"end":{"line":144,"column":null}},"62":{"start":{"line":145,"column":8},"end":{"line":155,"column":null}},"63":{"start":{"line":146,"column":24},"end":{"line":146,"column":null}},"64":{"start":{"line":147,"column":23},"end":{"line":147,"column":null}},"65":{"start":{"line":148,"column":10},"end":{"line":153,"column":null}},"66":{"start":{"line":149,"column":12},"end":{"line":153,"column":null}},"67":{"start":{"line":154,"column":10},"end":{"line":154,"column":null}},"68":{"start":{"line":159,"column":4},"end":{"line":159,"column":null}},"69":{"start":{"line":163,"column":4},"end":{"line":163,"column":null}},"70":{"start":{"line":164,"column":4},"end":{"line":186,"column":null}},"71":{"start":{"line":165,"column":20},"end":{"line":165,"column":null}},"72":{"start":{"line":166,"column":23},"end":{"line":174,"column":null}},"73":{"start":{"line":175,"column":6},"end":{"line":177,"column":null}},"74":{"start":{"line":176,"column":8},"end":{"line":176,"column":null}},"75":{"start":{"line":179,"column":6},"end":{"line":185,"column":null}},"76":{"start":{"line":180,"column":8},"end":{"line":184,"column":null}},"77":{"start":{"line":184,"column":10},"end":{"line":184,"column":null}},"78":{"start":{"line":190,"column":4},"end":{"line":190,"column":null}},"79":{"start":{"line":191,"column":4},"end":{"line":250,"column":null}},"80":{"start":{"line":192,"column":20},"end":{"line":192,"column":null}},"81":{"start":{"line":193,"column":23},"end":{"line":205,"column":null}},"82":{"start":{"line":206,"column":6},"end":{"line":210,"column":null}},"83":{"start":{"line":207,"column":8},"end":{"line":207,"column":null}},"84":{"start":{"line":208,"column":8},"end":{"line":208,"column":null}},"85":{"start":{"line":209,"column":8},"end":{"line":209,"column":null}},"86":{"start":{"line":212,"column":6},"end":{"line":212,"column":null}},"87":{"start":{"line":213,"column":6},"end":{"line":213,"column":null}},"88":{"start":{"line":214,"column":6},"end":{"line":226,"column":null}},"89":{"start":{"line":218,"column":8},"end":{"line":226,"column":null}},"90":{"start":{"line":227,"column":6},"end":{"line":239,"column":null}},"91":{"start":{"line":231,"column":8},"end":{"line":239,"column":null}},"92":{"start":{"line":240,"column":6},"end":{"line":249,"column":null}},"93":{"start":{"line":241,"column":8},"end":{"line":249,"column":null}},"94":{"start":{"line":253,"column":2},"end":{"line":957,"column":null}},"95":{"start":{"line":299,"column":30},"end":{"line":331,"column":null}},"96":{"start":{"line":305,"column":36},"end":{"line":305,"column":null}},"97":{"start":{"line":351,"column":30},"end":{"line":461,"column":null}},"98":{"start":{"line":482,"column":51},"end":{"line":482,"column":null}},"99":{"start":{"line":549,"column":38},"end":{"line":549,"column":null}},"100":{"start":{"line":550,"column":38},"end":{"line":550,"column":null}},"101":{"start":{"line":757,"column":38},"end":{"line":763,"column":null}},"102":{"start":{"line":758,"column":40},"end":{"line":758,"column":null}},"103":{"start":{"line":760,"column":42},"end":{"line":760,"column":null}},"104":{"start":{"line":761,"column":54},"end":{"line":761,"column":null}},"105":{"start":{"line":762,"column":40},"end":{"line":762,"column":null}},"106":{"start":{"line":841,"column":34},"end":{"line":844,"column":null}},"107":{"start":{"line":842,"column":36},"end":{"line":842,"column":null}},"108":{"start":{"line":843,"column":36},"end":{"line":843,"column":null}},"109":{"start":{"line":844,"column":41},"end":{"line":844,"column":null}},"110":{"start":{"line":859,"column":40},"end":{"line":859,"column":null}},"111":{"start":{"line":860,"column":40},"end":{"line":860,"column":null}},"112":{"start":{"line":882,"column":40},"end":{"line":882,"column":null}},"113":{"start":{"line":959,"column":2},"end":{"line":44,"column":23}},"114":{"start":{"line":33,"column":10},"end":{"line":44,"column":23}},"115":{"start":{"line":44,"column":22},"end":{"line":33,"column":10}},"116":{"start":{"line":961,"column":20},"end":{"line":961,"column":null}}},"fnMap":{"0":{"name":"(anonymous_0)","decl":{"start":{"line":1,"column":19},"end":{"line":1,"column":null}},"loc":{"start":{"line":1,"column":19},"end":{"line":1,"column":null}}},"1":{"name":"GetTimeDiff","decl":{"start":{"line":13,"column":9},"end":{"line":13,"column":21}},"loc":{"start":{"line":13,"column":27},"end":{"line":27,"column":1}}},"2":{"name":"toPersianDigits","decl":{"start":{"line":28,"column":9},"end":{"line":28,"column":25}},"loc":{"start":{"line":28,"column":30},"end":{"line":31,"column":null}}},"3":{"name":"(anonymous_3)","decl":{"start":{"line":30,"column":28},"end":{"line":30,"column":29}},"loc":{"start":{"line":30,"column":39},"end":{"line":30,"column":59}}},"4":{"name":"(anonymous_4)","decl":{"start":{"line":33,"column":13},"end":{"line":33,"column":19}},"loc":{"start":{"line":33,"column":19},"end":{"line":959,"column":2}}},"5":{"name":"(anonymous_5)","decl":{"start":{"line":57,"column":12},"end":{"line":57,"column":18}},"loc":{"start":{"line":57,"column":18},"end":{"line":61,"column":5}}},"6":{"name":"playAudioBlob","decl":{"start":{"line":63,"column":11},"end":{"line":63,"column":27}},"loc":{"start":{"line":63,"column":27},"end":{"line":67,"column":null}}},"7":{"name":"(anonymous_7)","decl":{"start":{"line":66,"column":14},"end":{"line":66,"column":15}},"loc":{"start":{"line":66,"column":24},"end":{"line":66,"column":29}}},"8":{"name":"(anonymous_8)","decl":{"start":{"line":69,"column":20},"end":{"line":69,"column":32}},"loc":{"start":{"line":69,"column":32},"end":{"line":94,"column":null}}},"9":{"name":"CreateConversation","decl":{"start":{"line":96,"column":17},"end":{"line":96,"column":38}},"loc":{"start":{"line":96,"column":38},"end":{"line":131,"column":null}}},"10":{"name":"(anonymous_10)","decl":{"start":{"line":132,"column":12},"end":{"line":132,"column":18}},"loc":{"start":{"line":132,"column":18},"end":{"line":160,"column":5}}},"11":{"name":"(anonymous_11)","decl":{"start":{"line":133,"column":31},"end":{"line":133,"column":43}},"loc":{"start":{"line":133,"column":43},"end":{"line":157,"column":null}}},"12":{"name":"GetConversation","decl":{"start":{"line":162,"column":17},"end":{"line":162,"column":33}},"loc":{"start":{"line":162,"column":37},"end":{"line":187,"column":null}}},"13":{"name":"SendMessage","decl":{"start":{"line":189,"column":17},"end":{"line":189,"column":31}},"loc":{"start":{"line":189,"column":31},"end":{"line":251,"column":null}}},"14":{"name":"(anonymous_14)","decl":{"start":{"line":298,"column":50},"end":{"line":298,"column":51}},"loc":{"start":{"line":299,"column":30},"end":{"line":331,"column":null}}},"15":{"name":"(anonymous_15)","decl":{"start":{"line":304,"column":43},"end":{"line":304,"column":null}},"loc":{"start":{"line":305,"column":36},"end":{"line":305,"column":null}}},"16":{"name":"(anonymous_16)","decl":{"start":{"line":350,"column":50},"end":{"line":350,"column":51}},"loc":{"start":{"line":351,"column":30},"end":{"line":461,"column":null}}},"17":{"name":"(anonymous_17)","decl":{"start":{"line":482,"column":45},"end":{"line":482,"column":51}},"loc":{"start":{"line":482,"column":51},"end":{"line":482,"column":null}}},"18":{"name":"(anonymous_18)","decl":{"start":{"line":548,"column":45},"end":{"line":548,"column":51}},"loc":{"start":{"line":548,"column":51},"end":{"line":551,"column":null}}},"19":{"name":"(anonymous_19)","decl":{"start":{"line":756,"column":45},"end":{"line":756,"column":51}},"loc":{"start":{"line":756,"column":51},"end":{"line":764,"column":null}}},"20":{"name":"(anonymous_20)","decl":{"start":{"line":757,"column":52},"end":{"line":757,"column":53}},"loc":{"start":{"line":757,"column":62},"end":{"line":763,"column":39}}},"21":{"name":"(anonymous_21)","decl":{"start":{"line":840,"column":42},"end":{"line":840,"column":43}},"loc":{"start":{"line":840,"column":53},"end":{"line":845,"column":null}}},"22":{"name":"(anonymous_22)","decl":{"start":{"line":858,"column":47},"end":{"line":858,"column":53}},"loc":{"start":{"line":858,"column":53},"end":{"line":861,"column":40}}},"23":{"name":"(anonymous_23)","decl":{"start":{"line":881,"column":47},"end":{"line":881,"column":53}},"loc":{"start":{"line":881,"column":53},"end":{"line":883,"column":null}}},"24":{"name":"(anonymous_24)","decl":{"start":{"line":33,"column":10},"end":{"line":33,"column":13}},"loc":{"start":{"line":33,"column":10},"end":{"line":44,"column":23}}}},"branchMap":{"0":{"loc":{"start":{"line":1,"column":19},"end":{"line":1,"column":null}},"type":"binary-expr","locations":[{"start":{"line":1,"column":19},"end":{"line":1,"column":null}},{"start":{"line":1,"column":19},"end":{"line":1,"column":null}}]},"1":{"loc":{"start":{"line":1,"column":19},"end":{"line":1,"column":null}},"type":"if","locations":[{"start":{"line":1,"column":19},"end":{"line":1,"column":null}}]},"2":{"loc":{"start":{"line":20,"column":9},"end":{"line":26,"column":null}},"type":"cond-expr","locations":[{"start":{"line":21,"column":6},"end":{"line":21,"column":null}},{"start":{"line":22,"column":6},"end":{"line":26,"column":null}}]},"3":{"loc":{"start":{"line":22,"column":6},"end":{"line":26,"column":null}},"type":"cond-expr","locations":[{"start":{"line":23,"column":6},"end":{"line":23,"column":null}},{"start":{"line":24,"column":6},"end":{"line":26,"column":null}}]},"4":{"loc":{"start":{"line":24,"column":6},"end":{"line":26,"column":null}},"type":"cond-expr","locations":[{"start":{"line":25,"column":6},"end":{"line":25,"column":null}},{"start":{"line":26,"column":6},"end":{"line":26,"column":null}}]},"5":{"loc":{"start":{"line":58,"column":4},"end":{"line":60,"column":null}},"type":"if","locations":[{"start":{"line":58,"column":4},"end":{"line":60,"column":null}}]},"6":{"loc":{"start":{"line":64,"column":4},"end":{"line":64,"column":null}},"type":"if","locations":[{"start":{"line":64,"column":4},"end":{"line":64,"column":null}}]},"7":{"loc":{"start":{"line":65,"column":4},"end":{"line":65,"column":null}},"type":"if","locations":[{"start":{"line":65,"column":4},"end":{"line":65,"column":null}}]},"8":{"loc":{"start":{"line":82,"column":6},"end":{"line":90,"column":null}},"type":"if","locations":[{"start":{"line":82,"column":6},"end":{"line":90,"column":null}},{"start":{"line":88,"column":13},"end":{"line":90,"column":null}}]},"9":{"loc":{"start":{"line":108,"column":6},"end":{"line":119,"column":null}},"type":"if","locations":[{"start":{"line":108,"column":6},"end":{"line":119,"column":null}}]},"10":{"loc":{"start":{"line":108,"column":10},"end":{"line":108,"column":60}},"type":"binary-expr","locations":[{"start":{"line":108,"column":10},"end":{"line":108,"column":36}},{"start":{"line":108,"column":36},"end":{"line":108,"column":60}}]},"11":{"loc":{"start":{"line":145,"column":8},"end":{"line":155,"column":null}},"type":"if","locations":[{"start":{"line":145,"column":8},"end":{"line":155,"column":null}}]},"12":{"loc":{"start":{"line":145,"column":12},"end":{"line":145,"column":62}},"type":"binary-expr","locations":[{"start":{"line":145,"column":12},"end":{"line":145,"column":38}},{"start":{"line":145,"column":38},"end":{"line":145,"column":62}}]},"13":{"loc":{"start":{"line":175,"column":6},"end":{"line":177,"column":null}},"type":"if","locations":[{"start":{"line":175,"column":6},"end":{"line":177,"column":null}}]},"14":{"loc":{"start":{"line":175,"column":10},"end":{"line":175,"column":60}},"type":"binary-expr","locations":[{"start":{"line":175,"column":10},"end":{"line":175,"column":36}},{"start":{"line":175,"column":36},"end":{"line":175,"column":60}}]},"15":{"loc":{"start":{"line":179,"column":6},"end":{"line":185,"column":null}},"type":"if","locations":[{"start":{"line":179,"column":6},"end":{"line":185,"column":null}}]},"16":{"loc":{"start":{"line":180,"column":8},"end":{"line":184,"column":null}},"type":"if","locations":[{"start":{"line":180,"column":8},"end":{"line":184,"column":null}}]},"17":{"loc":{"start":{"line":206,"column":6},"end":{"line":210,"column":null}},"type":"if","locations":[{"start":{"line":206,"column":6},"end":{"line":210,"column":null}}]},"18":{"loc":{"start":{"line":206,"column":10},"end":{"line":206,"column":62}},"type":"binary-expr","locations":[{"start":{"line":206,"column":10},"end":{"line":206,"column":37}},{"start":{"line":206,"column":37},"end":{"line":206,"column":62}}]},"19":{"loc":{"start":{"line":214,"column":6},"end":{"line":226,"column":null}},"type":"if","locations":[{"start":{"line":214,"column":6},"end":{"line":226,"column":null}}]},"20":{"loc":{"start":{"line":227,"column":6},"end":{"line":239,"column":null}},"type":"if","locations":[{"start":{"line":227,"column":6},"end":{"line":239,"column":null}}]},"21":{"loc":{"start":{"line":240,"column":6},"end":{"line":249,"column":null}},"type":"if","locations":[{"start":{"line":240,"column":6},"end":{"line":249,"column":null}}]},"22":{"loc":{"start":{"line":284,"column":27},"end":{"line":295,"column":null}},"type":"binary-expr","locations":[{"start":{"line":284,"column":27},"end":{"line":284,"column":null}},{"start":{"line":285,"column":28},"end":{"line":295,"column":null}}]},"23":{"loc":{"start":{"line":315,"column":41},"end":{"line":317,"column":null}},"type":"cond-expr","locations":[{"start":{"line":316,"column":44},"end":{"line":316,"column":null}},{"start":{"line":317,"column":44},"end":{"line":317,"column":null}}]},"24":{"loc":{"start":{"line":338,"column":23},"end":{"line":946,"column":null}},"type":"binary-expr","locations":[{"start":{"line":338,"column":23},"end":{"line":338,"column":null}},{"start":{"line":339,"column":24},"end":{"line":946,"column":null}}]},"25":{"loc":{"start":{"line":464,"column":27},"end":{"line":944,"column":null}},"type":"cond-expr","locations":[{"start":{"line":467,"column":28},"end":{"line":833,"column":null}},{"start":{"line":835,"column":28},"end":{"line":944,"column":null}}]},"26":{"loc":{"start":{"line":464,"column":27},"end":{"line":466,"column":null}},"type":"binary-expr","locations":[{"start":{"line":464,"column":27},"end":{"line":464,"column":null}},{"start":{"line":465,"column":26},"end":{"line":465,"column":null}},{"start":{"line":466,"column":26},"end":{"line":466,"column":null}}]},"27":{"loc":{"start":{"line":474,"column":31},"end":{"line":831,"column":null}},"type":"cond-expr","locations":[{"start":{"line":474,"column":49},"end":{"line":598,"column":null}},{"start":{"line":600,"column":32},"end":{"line":831,"column":null}}]},"28":{"loc":{"start":{"line":475,"column":33},"end":{"line":597,"column":null}},"type":"cond-expr","locations":[{"start":{"line":477,"column":34},"end":{"line":477,"column":null}},{"start":{"line":478,"column":39},"end":{"line":597,"column":null}}]},"29":{"loc":{"start":{"line":500,"column":48},"end":{"line":500,"column":null}},"type":"cond-expr","locations":[{"start":{"line":500,"column":57},"end":{"line":500,"column":66}},{"start":{"line":500,"column":66},"end":{"line":500,"column":null}}]},"30":{"loc":{"start":{"line":607,"column":35},"end":{"line":753,"column":null}},"type":"cond-expr","locations":[{"start":{"line":611,"column":36},"end":{"line":684,"column":null}},{"start":{"line":686,"column":36},"end":{"line":753,"column":null}}]},"31":{"loc":{"start":{"line":608,"column":36},"end":{"line":609,"column":null}},"type":"binary-expr","locations":[{"start":{"line":608,"column":36},"end":{"line":608,"column":null}},{"start":{"line":609,"column":36},"end":{"line":609,"column":null}}]},"32":{"loc":{"start":{"line":717,"column":46},"end":{"line":720,"column":null}},"type":"cond-expr","locations":[{"start":{"line":719,"column":50},"end":{"line":719,"column":null}},{"start":{"line":720,"column":50},"end":{"line":720,"column":null}}]},"33":{"loc":{"start":{"line":717,"column":46},"end":{"line":718,"column":null}},"type":"binary-expr","locations":[{"start":{"line":717,"column":46},"end":{"line":717,"column":null}},{"start":{"line":718,"column":46},"end":{"line":718,"column":null}}]},"34":{"loc":{"start":{"line":794,"column":44},"end":{"line":797,"column":null}},"type":"cond-expr","locations":[{"start":{"line":796,"column":48},"end":{"line":796,"column":null}},{"start":{"line":797,"column":48},"end":{"line":797,"column":null}}]},"35":{"loc":{"start":{"line":794,"column":44},"end":{"line":795,"column":null}},"type":"binary-expr","locations":[{"start":{"line":794,"column":44},"end":{"line":794,"column":null}},{"start":{"line":795,"column":44},"end":{"line":795,"column":null}}]},"36":{"loc":{"start":{"line":841,"column":34},"end":{"line":844,"column":null}},"type":"if","locations":[{"start":{"line":841,"column":34},"end":{"line":844,"column":null}},{"start":{"line":844,"column":41},"end":{"line":844,"column":null}}]},"37":{"loc":{"start":{"line":851,"column":33},"end":{"line":908,"column":null}},"type":"binary-expr","locations":[{"start":{"line":851,"column":33},"end":{"line":851,"column":null}},{"start":{"line":852,"column":34},"end":{"line":908,"column":null}}]},"38":{"loc":{"start":{"line":877,"column":42},"end":{"line":878,"column":null}},"type":"binary-expr","locations":[{"start":{"line":877,"column":42},"end":{"line":877,"column":null}},{"start":{"line":878,"column":42},"end":{"line":878,"column":null}}]},"39":{"loc":{"start":{"line":910,"column":33},"end":{"line":941,"column":null}},"type":"binary-expr","locations":[{"start":{"line":910,"column":33},"end":{"line":910,"column":null}},{"start":{"line":911,"column":34},"end":{"line":941,"column":null}}]}},"s":{"0":320,"1":0,"2":0,"3":0,"4":0,"5":0,"6":0,"7":0,"8":32,"9":0,"10":0,"11":0,"12":32,"13":2,"14":2,"15":2,"16":2,"17":2,"18":2,"19":2,"20":2,"21":2,"22":2,"23":2,"24":2,"25":2,"26":2,"27":2,"28":0,"29":0,"30":0,"31":0,"32":0,"33":0,"34":0,"35":2,"36":0,"37":0,"38":0,"39":0,"40":0,"41":0,"42":0,"43":0,"44":0,"45":0,"46":0,"47":0,"48":0,"49":0,"50":0,"51":0,"52":0,"53":0,"54":0,"55":0,"56":0,"57":2,"58":2,"59":2,"60":2,"61":2,"62":0,"63":0,"64":0,"65":0,"66":0,"67":0,"68":2,"69":0,"70":0,"71":0,"72":0,"73":0,"74":0,"75":0,"76":0,"77":0,"78":0,"79":0,"80":0,"81":0,"82":0,"83":0,"84":0,"85":0,"86":0,"87":0,"88":0,"89":0,"90":0,"91":0,"92":0,"93":0,"94":2,"95":0,"96":0,"97":0,"98":0,"99":0,"100":0,"101":0,"102":0,"103":0,"104":0,"105":0,"106":0,"107":0,"108":0,"109":0,"110":0,"111":0,"112":0,"113":32,"114":1,"115":32,"116":64},"f":{"0":64,"1":0,"2":0,"3":0,"4":2,"5":2,"6":0,"7":0,"8":0,"9":0,"10":2,"11":2,"12":0,"13":0,"14":0,"15":0,"16":0,"17":0,"18":0,"19":0,"20":0,"21":0,"22":0,"23":0,"24":1},"b":{"0":[64,32],"1":[32],"2":[0,0],"3":[0,0],"4":[0,0],"5":[0],"6":[0],"7":[0],"8":[0,0],"9":[0],"10":[0,0],"11":[0],"12":[0,0],"13":[0],"14":[0,0],"15":[0],"16":[0],"17":[0],"18":[0,0],"19":[0],"20":[0],"21":[0],"22":[2,2],"23":[0,0],"24":[2,0],"25":[0,0],"26":[0,0,0],"27":[0,0],"28":[0,0],"29":[0,0],"30":[0,0],"31":[0,0],"32":[0,0],"33":[0,0],"34":[0,0],"35":[0,0],"36":[0,0],"37":[0,0],"38":[0,0],"39":[0,0]}}
,"C:/Users/nabeghe/Documents/software-engineering/Front-end/src/components/Chat/ChatIntroduction/Chat_intro.jsx": {"path":"C:/Users/nabeghe/Documents/software-engineering/Front-end/src/components/Chat/ChatIntroduction/Chat_intro.jsx","statementMap":{"0":{"start":{"line":1,"column":25},"end":{"line":1,"column":null}},"1":{"start":{"line":7,"column":19},"end":{"line":63,"column":2}},"2":{"start":{"line":7,"column":25},"end":{"line":7,"column":null}},"3":{"start":{"line":8,"column":19},"end":{"line":8,"column":null}},"4":{"start":{"line":10,"column":2},"end":{"line":61,"column":null}},"5":{"start":{"line":37,"column":16},"end":{"line":37,"column":null}},"6":{"start":{"line":63,"column":2},"end":{"line":8,"column":31}},"7":{"start":{"line":7,"column":16},"end":{"line":8,"column":31}},"8":{"start":{"line":8,"column":30},"end":{"line":7,"column":16}},"9":{"start":{"line":65,"column":26},"end":{"line":65,"column":null}}},"fnMap":{"0":{"name":"(anonymous_0)","decl":{"start":{"line":1,"column":25},"end":{"line":1,"column":null}},"loc":{"start":{"line":1,"column":25},"end":{"line":1,"column":null}}},"1":{"name":"(anonymous_1)","decl":{"start":{"line":7,"column":19},"end":{"line":7,"column":25}},"loc":{"start":{"line":7,"column":25},"end":{"line":63,"column":2}}},"2":{"name":"(anonymous_2)","decl":{"start":{"line":36,"column":73},"end":{"line":36,"column":74}},"loc":{"start":{"line":36,"column":80},"end":{"line":38,"column":17}}},"3":{"name":"(anonymous_3)","decl":{"start":{"line":7,"column":16},"end":{"line":7,"column":19}},"loc":{"start":{"line":7,"column":16},"end":{"line":8,"column":31}}}},"branchMap":{"0":{"loc":{"start":{"line":1,"column":25},"end":{"line":1,"column":null}},"type":"binary-expr","locations":[{"start":{"line":1,"column":25},"end":{"line":1,"column":null}},{"start":{"line":1,"column":25},"end":{"line":1,"column":null}}]},"1":{"loc":{"start":{"line":1,"column":25},"end":{"line":1,"column":null}},"type":"if","locations":[{"start":{"line":1,"column":25},"end":{"line":1,"column":null}}]}},"s":{"0":288,"1":32,"2":45,"3":45,"4":30,"5":1,"6":32,"7":15,"8":32,"9":32},"f":{"0":32,"1":45,"2":1,"3":15},"b":{"0":[64,32],"1":[32]}}
,"C:/Users/nabeghe/Documents/software-engineering/Front-end/src/components/CompleteInfoModal/Complete_Info.jsx": {"path":"C:/Users/nabeghe/Documents/software-engineering/Front-end/src/components/CompleteInfoModal/Complete_Info.jsx","statementMap":{"0":{"start":{"line":1,"column":35},"end":{"line":1,"column":null}},"1":{"start":{"line":1,"column":50},"end":{"line":1,"column":null}},"2":{"start":{"line":26,"column":21},"end":{"line":305,"column":2}},"3":{"start":{"line":26,"column":35},"end":{"line":26,"column":null}},"4":{"start":{"line":27,"column":19},"end":{"line":27,"column":null}},"5":{"start":{"line":28,"column":36},"end":{"line":28,"column":null}},"6":{"start":{"line":29,"column":34},"end":{"line":29,"column":null}},"7":{"start":{"line":30,"column":40},"end":{"line":30,"column":null}},"8":{"start":{"line":31,"column":40},"end":{"line":31,"column":null}},"9":{"start":{"line":32,"column":30},"end":{"line":32,"column":null}},"10":{"start":{"line":33,"column":42},"end":{"line":33,"column":null}},"11":{"start":{"line":34,"column":26},"end":{"line":34,"column":null}},"12":{"start":{"line":36,"column":2},"end":{"line":38,"column":null}},"13":{"start":{"line":37,"column":4},"end":{"line":37,"column":null}},"14":{"start":{"line":40,"column":24},"end":{"line":85,"column":null}},"15":{"start":{"line":41,"column":4},"end":{"line":84,"column":null}},"16":{"start":{"line":42,"column":20},"end":{"line":42,"column":null}},"17":{"start":{"line":43,"column":23},"end":{"line":48,"column":null}},"18":{"start":{"line":50,"column":6},"end":{"line":81,"column":null}},"19":{"start":{"line":52,"column":10},"end":{"line":52,"column":null}},"20":{"start":{"line":54,"column":8},"end":{"line":54,"column":null}},"21":{"start":{"line":55,"column":8},"end":{"line":55,"column":null}},"22":{"start":{"line":56,"column":8},"end":{"line":56,"column":null}},"23":{"start":{"line":57,"column":8},"end":{"line":65,"column":null}},"24":{"start":{"line":68,"column":30},"end":{"line":72,"column":null}},"25":{"start":{"line":74,"column":8},"end":{"line":80,"column":null}},"26":{"start":{"line":75,"column":10},"end":{"line":75,"column":null}},"27":{"start":{"line":76,"column":10},"end":{"line":76,"column":null}},"28":{"start":{"line":78,"column":10},"end":{"line":78,"column":null}},"29":{"start":{"line":79,"column":10},"end":{"line":79,"column":null}},"30":{"start":{"line":83,"column":6},"end":{"line":83,"column":null}},"31":{"start":{"line":87,"column":22},"end":{"line":90,"column":null}},"32":{"start":{"line":88,"column":4},"end":{"line":88,"column":null}},"33":{"start":{"line":89,"column":4},"end":{"line":89,"column":null}},"34":{"start":{"line":92,"column":29},"end":{"line":96,"column":null}},"35":{"start":{"line":93,"column":26},"end":{"line":93,"column":null}},"36":{"start":{"line":94,"column":4},"end":{"line":94,"column":null}},"37":{"start":{"line":95,"column":4},"end":{"line":95,"column":null}},"38":{"start":{"line":98,"column":23},"end":{"line":115,"column":null}},"39":{"start":{"line":99,"column":4},"end":{"line":114,"column":null}},"40":{"start":{"line":106,"column":6},"end":{"line":106,"column":null}},"41":{"start":{"line":108,"column":6},"end":{"line":111,"column":null}},"42":{"start":{"line":112,"column":6},"end":{"line":112,"column":null}},"43":{"start":{"line":113,"column":6},"end":{"line":113,"column":null}},"44":{"start":{"line":117,"column":23},"end":{"line":180,"column":null}},"45":{"start":{"line":118,"column":4},"end":{"line":118,"column":null}},"46":{"start":{"line":119,"column":26},"end":{"line":119,"column":null}},"47":{"start":{"line":120,"column":19},"end":{"line":131,"column":null}},"48":{"start":{"line":133,"column":4},"end":{"line":135,"column":null}},"49":{"start":{"line":134,"column":6},"end":{"line":134,"column":null}},"50":{"start":{"line":134,"column":15},"end":{"line":134,"column":null}},"51":{"start":{"line":137,"column":26},"end":{"line":137,"column":null}},"52":{"start":{"line":138,"column":4},"end":{"line":179,"column":null}},"53":{"start":{"line":139,"column":6},"end":{"line":139,"column":null}},"54":{"start":{"line":141,"column":6},"end":{"line":178,"column":null}},"55":{"start":{"line":142,"column":22},"end":{"line":142,"column":null}},"56":{"start":{"line":143,"column":25},"end":{"line":158,"column":null}},"57":{"start":{"line":160,"column":8},"end":{"line":171,"column":null}},"58":{"start":{"line":161,"column":10},"end":{"line":164,"column":null}},"59":{"start":{"line":165,"column":10},"end":{"line":165,"column":null}},"60":{"start":{"line":167,"column":10},"end":{"line":170,"column":null}},"61":{"start":{"line":173,"column":8},"end":{"line":173,"column":null}},"62":{"start":{"line":174,"column":8},"end":{"line":177,"column":null}},"63":{"start":{"line":182,"column":32},"end":{"line":187,"column":null}},"64":{"start":{"line":183,"column":4},"end":{"line":183,"column":null}},"65":{"start":{"line":183,"column":16},"end":{"line":183,"column":null}},"66":{"start":{"line":184,"column":4},"end":{"line":184,"column":null}},"67":{"start":{"line":184,"column":33},"end":{"line":184,"column":null}},"68":{"start":{"line":185,"column":4},"end":{"line":185,"column":null}},"69":{"start":{"line":185,"column":34},"end":{"line":185,"column":null}},"70":{"start":{"line":186,"column":4},"end":{"line":186,"column":null}},"71":{"start":{"line":189,"column":30},"end":{"line":206,"column":null}},"72":{"start":{"line":190,"column":4},"end":{"line":190,"column":null}},"73":{"start":{"line":190,"column":14},"end":{"line":190,"column":null}},"74":{"start":{"line":192,"column":20},"end":{"line":192,"column":null}},"75":{"start":{"line":193,"column":26},"end":{"line":197,"column":null}},"76":{"start":{"line":199,"column":20},"end":{"line":199,"column":null}},"77":{"start":{"line":200,"column":18},"end":{"line":200,"column":null}},"78":{"start":{"line":202,"column":4},"end":{"line":202,"column":null}},"79":{"start":{"line":202,"column":53},"end":{"line":202,"column":null}},"80":{"start":{"line":203,"column":27},"end":{"line":203,"column":null}},"81":{"start":{"line":204,"column":4},"end":{"line":204,"column":null}},"82":{"start":{"line":205,"column":4},"end":{"line":205,"column":null}},"83":{"start":{"line":205,"column":34},"end":{"line":205,"column":null}},"84":{"start":{"line":208,"column":20},"end":{"line":225,"column":null}},"85":{"start":{"line":209,"column":4},"end":{"line":224,"column":null}},"86":{"start":{"line":228,"column":2},"end":{"line":303,"column":null}},"87":{"start":{"line":272,"column":40},"end":{"line":272,"column":null}},"88":{"start":{"line":278,"column":45},"end":{"line":278,"column":79}},"89":{"start":{"line":280,"column":135},"end":{"line":280,"column":156}},"90":{"start":{"line":305,"column":2},"end":{"line":27,"column":31}},"91":{"start":{"line":26,"column":18},"end":{"line":27,"column":31}},"92":{"start":{"line":27,"column":30},"end":{"line":26,"column":18}},"93":{"start":{"line":307,"column":19},"end":{"line":322,"column":null}},"94":{"start":{"line":308,"column":2},"end":{"line":322,"column":null}},"95":{"start":{"line":313,"column":23},"end":{"line":313,"column":null}},"96":{"start":{"line":323,"column":2},"end":{"line":307,"column":19}},"97":{"start":{"line":325,"column":25},"end":{"line":340,"column":null}},"98":{"start":{"line":326,"column":2},"end":{"line":340,"column":null}},"99":{"start":{"line":331,"column":23},"end":{"line":331,"column":null}},"100":{"start":{"line":341,"column":2},"end":{"line":325,"column":25}},"101":{"start":{"line":343,"column":23},"end":{"line":370,"column":null}},"102":{"start":{"line":344,"column":2},"end":{"line":370,"column":null}},"103":{"start":{"line":349,"column":30},"end":{"line":349,"column":null}},"104":{"start":{"line":350,"column":8},"end":{"line":350,"column":null}},"105":{"start":{"line":372,"column":2},"end":{"line":343,"column":23}},"106":{"start":{"line":374,"column":24},"end":{"line":399,"column":null}},"107":{"start":{"line":375,"column":2},"end":{"line":399,"column":null}},"108":{"start":{"line":400,"column":2},"end":{"line":374,"column":24}},"109":{"start":{"line":404,"column":28},"end":{"line":404,"column":null}}},"fnMap":{"0":{"name":"(anonymous_0)","decl":{"start":{"line":1,"column":50},"end":{"line":1,"column":null}},"loc":{"start":{"line":1,"column":50},"end":{"line":1,"column":null}}},"1":{"name":"(anonymous_1)","decl":{"start":{"line":26,"column":21},"end":{"line":26,"column":22}},"loc":{"start":{"line":26,"column":35},"end":{"line":305,"column":2}}},"2":{"name":"(anonymous_2)","decl":{"start":{"line":36,"column":12},"end":{"line":36,"column":18}},"loc":{"start":{"line":36,"column":18},"end":{"line":38,"column":5}}},"3":{"name":"(anonymous_3)","decl":{"start":{"line":40,"column":24},"end":{"line":40,"column":36}},"loc":{"start":{"line":40,"column":36},"end":{"line":85,"column":null}}},"4":{"name":"(anonymous_4)","decl":{"start":{"line":87,"column":22},"end":{"line":87,"column":23}},"loc":{"start":{"line":87,"column":33},"end":{"line":90,"column":null}}},"5":{"name":"(anonymous_5)","decl":{"start":{"line":92,"column":29},"end":{"line":92,"column":30}},"loc":{"start":{"line":92,"column":48},"end":{"line":96,"column":null}}},"6":{"name":"(anonymous_6)","decl":{"start":{"line":98,"column":23},"end":{"line":98,"column":29}},"loc":{"start":{"line":98,"column":29},"end":{"line":115,"column":null}}},"7":{"name":"(anonymous_7)","decl":{"start":{"line":117,"column":23},"end":{"line":117,"column":30}},"loc":{"start":{"line":117,"column":40},"end":{"line":180,"column":null}}},"8":{"name":"(anonymous_8)","decl":{"start":{"line":133,"column":34},"end":{"line":133,"column":35}},"loc":{"start":{"line":133,"column":43},"end":{"line":135,"column":5}}},"9":{"name":"(anonymous_9)","decl":{"start":{"line":182,"column":32},"end":{"line":182,"column":33}},"loc":{"start":{"line":182,"column":61},"end":{"line":187,"column":null}}},"10":{"name":"(anonymous_10)","decl":{"start":{"line":189,"column":30},"end":{"line":189,"column":31}},"loc":{"start":{"line":189,"column":39},"end":{"line":206,"column":null}}},"11":{"name":"(anonymous_11)","decl":{"start":{"line":208,"column":20},"end":{"line":208,"column":21}},"loc":{"start":{"line":208,"column":44},"end":{"line":225,"column":null}}},"12":{"name":"(anonymous_12)","decl":{"start":{"line":272,"column":26},"end":{"line":272,"column":27}},"loc":{"start":{"line":272,"column":40},"end":{"line":272,"column":null}}},"13":{"name":"(anonymous_13)","decl":{"start":{"line":278,"column":26},"end":{"line":278,"column":27}},"loc":{"start":{"line":278,"column":45},"end":{"line":278,"column":79}}},"14":{"name":"(anonymous_14)","decl":{"start":{"line":280,"column":125},"end":{"line":280,"column":126}},"loc":{"start":{"line":280,"column":135},"end":{"line":280,"column":156}}},"15":{"name":"(anonymous_15)","decl":{"start":{"line":26,"column":18},"end":{"line":26,"column":21}},"loc":{"start":{"line":26,"column":18},"end":{"line":27,"column":31}}},"16":{"name":"(anonymous_16)","decl":{"start":{"line":307,"column":19},"end":{"line":307,"column":20}},"loc":{"start":{"line":308,"column":2},"end":{"line":322,"column":null}}},"17":{"name":"(anonymous_17)","decl":{"start":{"line":313,"column":16},"end":{"line":313,"column":17}},"loc":{"start":{"line":313,"column":23},"end":{"line":313,"column":null}}},"18":{"name":"(anonymous_18)","decl":{"start":{"line":325,"column":25},"end":{"line":325,"column":26}},"loc":{"start":{"line":326,"column":2},"end":{"line":340,"column":null}}},"19":{"name":"(anonymous_19)","decl":{"start":{"line":331,"column":16},"end":{"line":331,"column":17}},"loc":{"start":{"line":331,"column":23},"end":{"line":331,"column":null}}},"20":{"name":"(anonymous_20)","decl":{"start":{"line":343,"column":23},"end":{"line":343,"column":24}},"loc":{"start":{"line":344,"column":2},"end":{"line":370,"column":null}}},"21":{"name":"(anonymous_21)","decl":{"start":{"line":348,"column":16},"end":{"line":348,"column":17}},"loc":{"start":{"line":348,"column":23},"end":{"line":351,"column":null}}},"22":{"name":"(anonymous_22)","decl":{"start":{"line":374,"column":24},"end":{"line":374,"column":25}},"loc":{"start":{"line":375,"column":2},"end":{"line":399,"column":null}}}},"branchMap":{"0":{"loc":{"start":{"line":1,"column":35},"end":{"line":1,"column":null}},"type":"binary-expr","locations":[{"start":{"line":1,"column":35},"end":{"line":1,"column":null}},{"start":{"line":1,"column":50},"end":{"line":1,"column":null}}]},"1":{"loc":{"start":{"line":1,"column":50},"end":{"line":1,"column":null}},"type":"if","locations":[{"start":{"line":1,"column":50},"end":{"line":1,"column":null}}]},"2":{"loc":{"start":{"line":1,"column":50},"end":{"line":1,"column":null}},"type":"binary-expr","locations":[{"start":{"line":1,"column":50},"end":{"line":1,"column":null}},{"start":{"line":1,"column":50},"end":{"line":1,"column":null}}]},"3":{"loc":{"start":{"line":50,"column":6},"end":{"line":81,"column":null}},"type":"if","locations":[{"start":{"line":50,"column":6},"end":{"line":81,"column":null}}]},"4":{"loc":{"start":{"line":54,"column":21},"end":{"line":54,"column":36}},"type":"binary-expr","locations":[{"start":{"line":54,"column":21},"end":{"line":54,"column":34}},{"start":{"line":54,"column":34},"end":{"line":54,"column":36}}]},"5":{"loc":{"start":{"line":55,"column":20},"end":{"line":55,"column":34}},"type":"binary-expr","locations":[{"start":{"line":55,"column":20},"end":{"line":55,"column":32}},{"start":{"line":55,"column":32},"end":{"line":55,"column":34}}]},"6":{"loc":{"start":{"line":56,"column":23},"end":{"line":56,"column":41}},"type":"binary-expr","locations":[{"start":{"line":56,"column":23},"end":{"line":56,"column":39}},{"start":{"line":56,"column":39},"end":{"line":56,"column":41}}]},"7":{"loc":{"start":{"line":58,"column":10},"end":{"line":64,"column":null}},"type":"cond-expr","locations":[{"start":{"line":59,"column":14},"end":{"line":63,"column":null}},{"start":{"line":64,"column":14},"end":{"line":64,"column":null}}]},"8":{"loc":{"start":{"line":74,"column":8},"end":{"line":80,"column":null}},"type":"if","locations":[{"start":{"line":74,"column":8},"end":{"line":80,"column":null}},{"start":{"line":77,"column":15},"end":{"line":80,"column":null}}]},"9":{"loc":{"start":{"line":74,"column":12},"end":{"line":74,"column":45}},"type":"binary-expr","locations":[{"start":{"line":74,"column":12},"end":{"line":74,"column":22}},{"start":{"line":74,"column":22},"end":{"line":74,"column":45}}]},"10":{"loc":{"start":{"line":95,"column":14},"end":{"line":95,"column":48}},"type":"binary-expr","locations":[{"start":{"line":95,"column":14},"end":{"line":95,"column":46}},{"start":{"line":95,"column":46},"end":{"line":95,"column":48}}]},"11":{"loc":{"start":{"line":99,"column":4},"end":{"line":114,"column":null}},"type":"if","locations":[{"start":{"line":99,"column":4},"end":{"line":114,"column":null}},{"start":{"line":107,"column":11},"end":{"line":114,"column":null}}]},"12":{"loc":{"start":{"line":100,"column":6},"end":{"line":104,"column":null}},"type":"binary-expr","locations":[{"start":{"line":100,"column":6},"end":{"line":100,"column":null}},{"start":{"line":101,"column":6},"end":{"line":101,"column":null}},{"start":{"line":102,"column":6},"end":{"line":102,"column":null}},{"start":{"line":103,"column":6},"end":{"line":103,"column":null}},{"start":{"line":104,"column":6},"end":{"line":104,"column":null}}]},"13":{"loc":{"start":{"line":124,"column":8},"end":{"line":128,"column":null}},"type":"cond-expr","locations":[{"start":{"line":124,"column":23},"end":{"line":124,"column":null}},{"start":{"line":125,"column":10},"end":{"line":128,"column":null}}]},"14":{"loc":{"start":{"line":125,"column":10},"end":{"line":128,"column":null}},"type":"cond-expr","locations":[{"start":{"line":127,"column":14},"end":{"line":127,"column":null}},{"start":{"line":128,"column":14},"end":{"line":128,"column":null}}]},"15":{"loc":{"start":{"line":125,"column":10},"end":{"line":126,"column":null}},"type":"binary-expr","locations":[{"start":{"line":125,"column":10},"end":{"line":125,"column":25}},{"start":{"line":125,"column":25},"end":{"line":125,"column":null}},{"start":{"line":126,"column":12},"end":{"line":126,"column":null}}]},"16":{"loc":{"start":{"line":129,"column":14},"end":{"line":129,"column":null}},"type":"cond-expr","locations":[{"start":{"line":129,"column":24},"end":{"line":129,"column":53}},{"start":{"line":129,"column":53},"end":{"line":129,"column":null}}]},"17":{"loc":{"start":{"line":134,"column":6},"end":{"line":134,"column":null}},"type":"if","locations":[{"start":{"line":134,"column":6},"end":{"line":134,"column":null}}]},"18":{"loc":{"start":{"line":138,"column":4},"end":{"line":179,"column":null}},"type":"if","locations":[{"start":{"line":138,"column":4},"end":{"line":179,"column":null}},{"start":{"line":140,"column":11},"end":{"line":179,"column":null}}]},"19":{"loc":{"start":{"line":160,"column":8},"end":{"line":171,"column":null}},"type":"if","locations":[{"start":{"line":160,"column":8},"end":{"line":171,"column":null}},{"start":{"line":166,"column":15},"end":{"line":171,"column":null}}]},"20":{"loc":{"start":{"line":183,"column":4},"end":{"line":183,"column":null}},"type":"if","locations":[{"start":{"line":183,"column":4},"end":{"line":183,"column":null}}]},"21":{"loc":{"start":{"line":184,"column":4},"end":{"line":184,"column":null}},"type":"if","locations":[{"start":{"line":184,"column":4},"end":{"line":184,"column":null}}]},"22":{"loc":{"start":{"line":185,"column":4},"end":{"line":185,"column":null}},"type":"if","locations":[{"start":{"line":185,"column":4},"end":{"line":185,"column":null}}]},"23":{"loc":{"start":{"line":190,"column":4},"end":{"line":190,"column":null}},"type":"if","locations":[{"start":{"line":190,"column":4},"end":{"line":190,"column":null}}]},"24":{"loc":{"start":{"line":202,"column":4},"end":{"line":202,"column":null}},"type":"if","locations":[{"start":{"line":202,"column":4},"end":{"line":202,"column":null}}]},"25":{"loc":{"start":{"line":202,"column":8},"end":{"line":202,"column":53}},"type":"binary-expr","locations":[{"start":{"line":202,"column":8},"end":{"line":202,"column":36}},{"start":{"line":202,"column":36},"end":{"line":202,"column":53}}]},"26":{"loc":{"start":{"line":205,"column":4},"end":{"line":205,"column":null}},"type":"if","locations":[{"start":{"line":205,"column":4},"end":{"line":205,"column":null}}]},"27":{"loc":{"start":{"line":208,"column":28},"end":{"line":208,"column":44}},"type":"default-arg","locations":[{"start":{"line":208,"column":35},"end":{"line":208,"column":44}}]},"28":{"loc":{"start":{"line":271,"column":23},"end":{"line":271,"column":null}},"type":"cond-expr","locations":[{"start":{"line":271,"column":37},"end":{"line":271,"column":76}},{"start":{"line":271,"column":76},"end":{"line":271,"column":null}}]},"29":{"loc":{"start":{"line":280,"column":38},"end":{"line":280,"column":115}},"type":"cond-expr","locations":[{"start":{"line":280,"column":52},"end":{"line":280,"column":111}},{"start":{"line":280,"column":111},"end":{"line":280,"column":115}}]},"30":{"loc":{"start":{"line":360,"column":15},"end":{"line":360,"column":null}},"type":"cond-expr","locations":[{"start":{"line":360,"column":36},"end":{"line":360,"column":59}},{"start":{"line":360,"column":59},"end":{"line":360,"column":null}}]}},"s":{"0":32,"1":384,"2":32,"3":0,"4":0,"5":0,"6":0,"7":0,"8":0,"9":0,"10":0,"11":0,"12":0,"13":0,"14":0,"15":0,"16":0,"17":0,"18":0,"19":0,"20":0,"21":0,"22":0,"23":0,"24":0,"25":0,"26":0,"27":0,"28":0,"29":0,"30":0,"31":0,"32":0,"33":0,"34":0,"35":0,"36":0,"37":0,"38":0,"39":0,"40":0,"41":0,"42":0,"43":0,"44":0,"45":0,"46":0,"47":0,"48":0,"49":0,"50":0,"51":0,"52":0,"53":0,"54":0,"55":0,"56":0,"57":0,"58":0,"59":0,"60":0,"61":0,"62":0,"63":0,"64":0,"65":0,"66":0,"67":0,"68":0,"69":0,"70":0,"71":0,"72":0,"73":0,"74":0,"75":0,"76":0,"77":0,"78":0,"79":0,"80":0,"81":0,"82":0,"83":0,"84":0,"85":0,"86":0,"87":0,"88":0,"89":0,"90":32,"91":0,"92":32,"93":32,"94":0,"95":0,"96":32,"97":32,"98":0,"99":0,"100":32,"101":32,"102":0,"103":0,"104":0,"105":32,"106":32,"107":0,"108":32,"109":160},"f":{"0":160,"1":0,"2":0,"3":0,"4":0,"5":0,"6":0,"7":0,"8":0,"9":0,"10":0,"11":0,"12":0,"13":0,"14":0,"15":0,"16":0,"17":0,"18":0,"19":0,"20":0,"21":0,"22":0},"b":{"0":[32,0],"1":[32],"2":[32,32],"3":[0],"4":[0,0],"5":[0,0],"6":[0,0],"7":[0,0],"8":[0,0],"9":[0,0],"10":[0,0],"11":[0,0],"12":[0,0,0,0,0],"13":[0,0],"14":[0,0],"15":[0,0,0],"16":[0,0],"17":[0],"18":[0,0],"19":[0,0],"20":[0],"21":[0],"22":[0],"23":[0],"24":[0],"25":[0,0],"26":[0],"27":[0],"28":[0,0],"29":[0,0],"30":[0,0]}}
,"C:/Users/nabeghe/Documents/software-engineering/Front-end/src/components/CompleteInfoModal/Coverters_Checkers.js": {"path":"C:/Users/nabeghe/Documents/software-engineering/Front-end/src/components/CompleteInfoModal/Coverters_Checkers.js","statementMap":{"0":{"start":{"line":3,"column":39},"end":{"line":18,"column":3}},"1":{"start":{"line":4,"column":30},"end":{"line":15,"column":5}},"2":{"start":{"line":17,"column":4},"end":{"line":17,"column":78}},"3":{"start":{"line":17,"column":45},"end":{"line":17,"column":76}},"4":{"start":{"line":20,"column":41},"end":{"line":35,"column":3}},"5":{"start":{"line":21,"column":30},"end":{"line":32,"column":5}},"6":{"start":{"line":34,"column":4},"end":{"line":34,"column":78}},"7":{"start":{"line":34,"column":45},"end":{"line":34,"column":76}},"8":{"start":{"line":37,"column":33},"end":{"line":40,"column":null}},"9":{"start":{"line":38,"column":25},"end":{"line":38,"column":47}},"10":{"start":{"line":39,"column":4},"end":{"line":39,"column":34}}},"fnMap":{"0":{"name":"(anonymous_0)","decl":{"start":{"line":3,"column":39},"end":{"line":3,"column":40}},"loc":{"start":{"line":3,"column":50},"end":{"line":18,"column":3}}},"1":{"name":"(anonymous_1)","decl":{"start":{"line":17,"column":35},"end":{"line":17,"column":36}},"loc":{"start":{"line":17,"column":45},"end":{"line":17,"column":76}}},"2":{"name":"(anonymous_2)","decl":{"start":{"line":20,"column":41},"end":{"line":20,"column":42}},"loc":{"start":{"line":20,"column":52},"end":{"line":35,"column":3}}},"3":{"name":"(anonymous_3)","decl":{"start":{"line":34,"column":35},"end":{"line":34,"column":36}},"loc":{"start":{"line":34,"column":45},"end":{"line":34,"column":76}}},"4":{"name":"(anonymous_4)","decl":{"start":{"line":37,"column":33},"end":{"line":37,"column":34}},"loc":{"start":{"line":37,"column":42},"end":{"line":40,"column":null}}}},"branchMap":{"0":{"loc":{"start":{"line":17,"column":45},"end":{"line":17,"column":76}},"type":"binary-expr","locations":[{"start":{"line":17,"column":45},"end":{"line":17,"column":68}},{"start":{"line":17,"column":72},"end":{"line":17,"column":76}}]},"1":{"loc":{"start":{"line":34,"column":45},"end":{"line":34,"column":76}},"type":"binary-expr","locations":[{"start":{"line":34,"column":45},"end":{"line":34,"column":68}},{"start":{"line":34,"column":72},"end":{"line":34,"column":76}}]}},"s":{"0":32,"1":0,"2":0,"3":0,"4":32,"5":0,"6":0,"7":0,"8":32,"9":0,"10":0},"f":{"0":0,"1":0,"2":0,"3":0,"4":0},"b":{"0":[0,0],"1":[0,0]}}
,"C:/Users/nabeghe/Documents/software-engineering/Front-end/src/components/Counter/Statistic.jsx": {"path":"C:/Users/nabeghe/Documents/software-engineering/Front-end/src/components/Counter/Statistic.jsx","statementMap":{"0":{"start":{"line":1,"column":0},"end":{"line":1,"column":null}},"1":{"start":{"line":7,"column":18},"end":{"line":64,"column":2}},"2":{"start":{"line":7,"column":24},"end":{"line":7,"column":null}},"3":{"start":{"line":8,"column":44},"end":{"line":8,"column":null}},"4":{"start":{"line":9,"column":42},"end":{"line":9,"column":null}},"5":{"start":{"line":10,"column":51},"end":{"line":10,"column":null}},"6":{"start":{"line":12,"column":2},"end":{"line":17,"column":null}},"7":{"start":{"line":13,"column":4},"end":{"line":13,"column":null}},"8":{"start":{"line":14,"column":4},"end":{"line":16,"column":null}},"9":{"start":{"line":15,"column":6},"end":{"line":15,"column":null}},"10":{"start":{"line":20,"column":4},"end":{"line":44,"column":null}},"11":{"start":{"line":21,"column":23},"end":{"line":28,"column":null}},"12":{"start":{"line":30,"column":6},"end":{"line":41,"column":null}},"13":{"start":{"line":32,"column":10},"end":{"line":32,"column":null}},"14":{"start":{"line":34,"column":10},"end":{"line":34,"column":null}},"15":{"start":{"line":36,"column":10},"end":{"line":36,"column":null}},"16":{"start":{"line":38,"column":8},"end":{"line":38,"column":null}},"17":{"start":{"line":39,"column":8},"end":{"line":39,"column":null}},"18":{"start":{"line":40,"column":8},"end":{"line":40,"column":null}},"19":{"start":{"line":43,"column":6},"end":{"line":43,"column":null}},"20":{"start":{"line":47,"column":2},"end":{"line":62,"column":null}},"21":{"start":{"line":64,"column":2},"end":{"line":7,"column":18}},"22":{"start":{"line":7,"column":15},"end":{"line":null,"column":-1}},"23":{"start":{"line":66,"column":25},"end":{"line":66,"column":null}}},"fnMap":{"0":{"name":"(anonymous_0)","decl":{"start":{"line":1,"column":0},"end":{"line":1,"column":null}},"loc":{"start":{"line":1,"column":0},"end":{"line":1,"column":null}}},"1":{"name":"(anonymous_1)","decl":{"start":{"line":7,"column":18},"end":{"line":7,"column":24}},"loc":{"start":{"line":7,"column":24},"end":{"line":64,"column":2}}},"2":{"name":"(anonymous_2)","decl":{"start":{"line":12,"column":12},"end":{"line":12,"column":18}},"loc":{"start":{"line":12,"column":18},"end":{"line":17,"column":5}}},"3":{"name":"(anonymous_3)","decl":{"start":{"line":14,"column":11},"end":{"line":14,"column":17}},"loc":{"start":{"line":14,"column":17},"end":{"line":16,"column":null}}},"4":{"name":"getEndNumbers","decl":{"start":{"line":19,"column":17},"end":{"line":19,"column":33}},"loc":{"start":{"line":19,"column":33},"end":{"line":45,"column":null}}}},"branchMap":{"0":{"loc":{"start":{"line":1,"column":0},"end":{"line":1,"column":null}},"type":"binary-expr","locations":[{"start":{"line":1,"column":0},"end":{"line":1,"column":null}},{"start":{"line":1,"column":0},"end":{"line":1,"column":null}}]},"1":{"loc":{"start":{"line":1,"column":0},"end":{"line":1,"column":null}},"type":"if","locations":[{"start":{"line":1,"column":0},"end":{"line":1,"column":null}}]},"2":{"loc":{"start":{"line":30,"column":6},"end":{"line":41,"column":null}},"type":"if","locations":[{"start":{"line":30,"column":6},"end":{"line":41,"column":null}}]}},"s":{"0":288,"1":32,"2":30,"3":30,"4":30,"5":30,"6":30,"7":30,"8":30,"9":16,"10":28,"11":28,"12":0,"13":0,"14":0,"15":0,"16":0,"17":0,"18":0,"19":0,"20":30,"21":32,"22":32,"23":32},"f":{"0":32,"1":30,"2":30,"3":16,"4":28},"b":{"0":[64,32],"1":[32],"2":[0]}}
,"C:/Users/nabeghe/Documents/software-engineering/Front-end/src/components/Counter/counter.jsx": {"path":"C:/Users/nabeghe/Documents/software-engineering/Front-end/src/components/Counter/counter.jsx","statementMap":{"0":{"start":{"line":1,"column":35},"end":{"line":1,"column":null}},"1":{"start":{"line":7,"column":22},"end":{"line":7,"column":null}},"2":{"start":{"line":9,"column":2},"end":{"line":13,"column":null}},"3":{"start":{"line":12,"column":16},"end":{"line":12,"column":30}},"4":{"start":{"line":16,"column":18},"end":{"line":74,"column":2}},"5":{"start":{"line":16,"column":41},"end":{"line":16,"column":null}},"6":{"start":{"line":17,"column":36},"end":{"line":17,"column":null}},"7":{"start":{"line":19,"column":2},"end":{"line":72,"column":null}},"8":{"start":{"line":21,"column":21},"end":{"line":21,"column":null}},"9":{"start":{"line":22,"column":20},"end":{"line":22,"column":null}},"10":{"start":{"line":27,"column":10},"end":{"line":27,"column":null}},"11":{"start":{"line":28,"column":10},"end":{"line":28,"column":null}},"12":{"start":{"line":31,"column":10},"end":{"line":31,"column":null}},"13":{"start":{"line":32,"column":10},"end":{"line":32,"column":null}},"14":{"start":{"line":66,"column":39},"end":{"line":66,"column":60}},"15":{"start":{"line":74,"column":2},"end":{"line":16,"column":18}},"16":{"start":{"line":16,"column":15},"end":{"line":null,"column":-1}},"17":{"start":{"line":76,"column":25},"end":{"line":76,"column":null}}},"fnMap":{"0":{"name":"(anonymous_0)","decl":{"start":{"line":1,"column":35},"end":{"line":1,"column":null}},"loc":{"start":{"line":1,"column":35},"end":{"line":1,"column":null}}},"1":{"name":"toFarsiNumber","decl":{"start":{"line":6,"column":9},"end":{"line":6,"column":23}},"loc":{"start":{"line":6,"column":26},"end":{"line":14,"column":null}}},"2":{"name":"(anonymous_2)","decl":{"start":{"line":12,"column":9},"end":{"line":12,"column":10}},"loc":{"start":{"line":12,"column":16},"end":{"line":12,"column":30}}},"3":{"name":"(anonymous_3)","decl":{"start":{"line":16,"column":18},"end":{"line":16,"column":19}},"loc":{"start":{"line":16,"column":41},"end":{"line":74,"column":2}}},"4":{"name":"(anonymous_4)","decl":{"start":{"line":21,"column":15},"end":{"line":21,"column":21}},"loc":{"start":{"line":21,"column":21},"end":{"line":21,"column":null}}},"5":{"name":"(anonymous_5)","decl":{"start":{"line":22,"column":14},"end":{"line":22,"column":20}},"loc":{"start":{"line":22,"column":20},"end":{"line":22,"column":null}}},"6":{"name":"(anonymous_6)","decl":{"start":{"line":26,"column":22},"end":{"line":26,"column":23}},"loc":{"start":{"line":26,"column":29},"end":{"line":29,"column":null}}},"7":{"name":"(anonymous_7)","decl":{"start":{"line":30,"column":22},"end":{"line":30,"column":23}},"loc":{"start":{"line":30,"column":29},"end":{"line":33,"column":null}}},"8":{"name":"(anonymous_8)","decl":{"start":{"line":66,"column":28},"end":{"line":66,"column":29}},"loc":{"start":{"line":66,"column":39},"end":{"line":66,"column":60}}}},"branchMap":{"0":{"loc":{"start":{"line":1,"column":35},"end":{"line":1,"column":null}},"type":"binary-expr","locations":[{"start":{"line":1,"column":35},"end":{"line":1,"column":null}},{"start":{"line":1,"column":35},"end":{"line":1,"column":null}}]},"1":{"loc":{"start":{"line":1,"column":35},"end":{"line":1,"column":null}},"type":"if","locations":[{"start":{"line":1,"column":35},"end":{"line":1,"column":null}}]},"2":{"loc":{"start":{"line":60,"column":11},"end":{"line":66,"column":null}},"type":"binary-expr","locations":[{"start":{"line":60,"column":11},"end":{"line":60,"column":null}},{"start":{"line":61,"column":12},"end":{"line":66,"column":null}}]}},"s":{"0":288,"1":90,"2":90,"3":90,"4":32,"5":114,"6":114,"7":114,"8":12,"9":0,"10":0,"11":0,"12":0,"13":0,"14":90,"15":32,"16":32,"17":32},"f":{"0":32,"1":90,"2":90,"3":114,"4":12,"5":0,"6":0,"7":0,"8":90},"b":{"0":[64,32],"1":[32],"2":[114,24]}}
,"C:/Users/nabeghe/Documents/software-engineering/Front-end/src/components/Crasoul/Crasoul.jsx": {"path":"C:/Users/nabeghe/Documents/software-engineering/Front-end/src/components/Crasoul/Crasoul.jsx","statementMap":{"0":{"start":{"line":1,"column":25},"end":{"line":1,"column":null}},"1":{"start":{"line":11,"column":21},"end":{"line":81,"column":2}},"2":{"start":{"line":12,"column":2},"end":{"line":79,"column":null}},"3":{"start":{"line":81,"column":2},"end":{"line":11,"column":21}},"4":{"start":{"line":83,"column":28},"end":{"line":83,"column":null}}},"fnMap":{"0":{"name":"(anonymous_0)","decl":{"start":{"line":1,"column":25},"end":{"line":1,"column":null}},"loc":{"start":{"line":1,"column":25},"end":{"line":1,"column":null}}},"1":{"name":"(anonymous_1)","decl":{"start":{"line":11,"column":21},"end":{"line":11,"column":27}},"loc":{"start":{"line":11,"column":27},"end":{"line":81,"column":2}}}},"branchMap":{"0":{"loc":{"start":{"line":1,"column":25},"end":{"line":1,"column":null}},"type":"binary-expr","locations":[{"start":{"line":1,"column":25},"end":{"line":1,"column":null}},{"start":{"line":1,"column":25},"end":{"line":1,"column":null}}]},"1":{"loc":{"start":{"line":1,"column":25},"end":{"line":1,"column":null}},"type":"if","locations":[{"start":{"line":1,"column":25},"end":{"line":1,"column":null}}]}},"s":{"0":256,"1":32,"2":30,"3":32,"4":32},"f":{"0":32,"1":30},"b":{"0":[64,32],"1":[32]}}
,"C:/Users/nabeghe/Documents/software-engineering/Front-end/src/components/Doctor/doctor.jsx": {"path":"C:/Users/nabeghe/Documents/software-engineering/Front-end/src/components/Doctor/doctor.jsx","statementMap":{"0":{"start":{"line":1,"column":25},"end":{"line":1,"column":null}},"1":{"start":{"line":12,"column":20},"end":{"line":170,"column":2}},"2":{"start":{"line":13,"column":2},"end":{"line":168,"column":null}},"3":{"start":{"line":170,"column":2},"end":{"line":12,"column":20}},"4":{"start":{"line":171,"column":27},"end":{"line":171,"column":null}}},"fnMap":{"0":{"name":"(anonymous_0)","decl":{"start":{"line":1,"column":25},"end":{"line":1,"column":null}},"loc":{"start":{"line":1,"column":25},"end":{"line":1,"column":null}}},"1":{"name":"(anonymous_1)","decl":{"start":{"line":12,"column":20},"end":{"line":12,"column":26}},"loc":{"start":{"line":12,"column":26},"end":{"line":170,"column":2}}}},"branchMap":{"0":{"loc":{"start":{"line":1,"column":25},"end":{"line":1,"column":null}},"type":"binary-expr","locations":[{"start":{"line":1,"column":25},"end":{"line":1,"column":null}},{"start":{"line":1,"column":25},"end":{"line":1,"column":null}}]},"1":{"loc":{"start":{"line":1,"column":25},"end":{"line":1,"column":null}},"type":"if","locations":[{"start":{"line":1,"column":25},"end":{"line":1,"column":null}}]}},"s":{"0":256,"1":32,"2":30,"3":32,"4":32},"f":{"0":32,"1":30},"b":{"0":[64,32],"1":[32]}}
,"C:/Users/nabeghe/Documents/software-engineering/Front-end/src/components/Doctor's_Patients/PatientProfile.jsx": {"path":"C:/Users/nabeghe/Documents/software-engineering/Front-end/src/components/Doctor's_Patients/PatientProfile.jsx","statementMap":{"0":{"start":{"line":1,"column":25},"end":{"line":1,"column":null}},"1":{"start":{"line":12,"column":24},"end":{"line":76,"column":2}},"2":{"start":{"line":12,"column":69},"end":{"line":12,"column":null}},"3":{"start":{"line":14,"column":21},"end":{"line":14,"column":null}},"4":{"start":{"line":15,"column":4},"end":{"line":15,"column":null}},"5":{"start":{"line":16,"column":38},"end":{"line":18,"column":null}},"6":{"start":{"line":17,"column":6},"end":{"line":17,"column":null}},"7":{"start":{"line":20,"column":4},"end":{"line":73,"column":null}},"8":{"start":{"line":76,"column":2},"end":{"line":14,"column":33}},"9":{"start":{"line":12,"column":21},"end":{"line":14,"column":33}},"10":{"start":{"line":14,"column":32},"end":{"line":12,"column":21}},"11":{"start":{"line":78,"column":31},"end":{"line":78,"column":null}}},"fnMap":{"0":{"name":"(anonymous_0)","decl":{"start":{"line":1,"column":25},"end":{"line":1,"column":null}},"loc":{"start":{"line":1,"column":25},"end":{"line":1,"column":null}}},"1":{"name":"(anonymous_1)","decl":{"start":{"line":12,"column":24},"end":{"line":12,"column":25}},"loc":{"start":{"line":12,"column":69},"end":{"line":76,"column":2}}},"2":{"name":"(anonymous_2)","decl":{"start":{"line":16,"column":38},"end":{"line":16,"column":44}},"loc":{"start":{"line":16,"column":44},"end":{"line":18,"column":null}}},"3":{"name":"(anonymous_3)","decl":{"start":{"line":12,"column":21},"end":{"line":12,"column":24}},"loc":{"start":{"line":12,"column":21},"end":{"line":14,"column":33}}}},"branchMap":{"0":{"loc":{"start":{"line":1,"column":25},"end":{"line":1,"column":null}},"type":"binary-expr","locations":[{"start":{"line":1,"column":25},"end":{"line":1,"column":null}},{"start":{"line":1,"column":25},"end":{"line":1,"column":null}}]},"1":{"loc":{"start":{"line":1,"column":25},"end":{"line":1,"column":null}},"type":"if","locations":[{"start":{"line":1,"column":25},"end":{"line":1,"column":null}}]},"2":{"loc":{"start":{"line":34,"column":18},"end":{"line":38,"column":null}},"type":"cond-expr","locations":[{"start":{"line":35,"column":22},"end":{"line":35,"column":null}},{"start":{"line":36,"column":22},"end":{"line":38,"column":null}}]},"3":{"loc":{"start":{"line":36,"column":22},"end":{"line":38,"column":null}},"type":"cond-expr","locations":[{"start":{"line":37,"column":22},"end":{"line":37,"column":null}},{"start":{"line":38,"column":22},"end":{"line":38,"column":null}}]}},"s":{"0":288,"1":32,"2":0,"3":0,"4":0,"5":0,"6":0,"7":0,"8":32,"9":0,"10":32,"11":32},"f":{"0":32,"1":0,"2":0,"3":0},"b":{"0":[64,32],"1":[32],"2":[0,0],"3":[0,0]}}
,"C:/Users/nabeghe/Documents/software-engineering/Front-end/src/components/Doctor's_Patients/PatientsList.jsx": {"path":"C:/Users/nabeghe/Documents/software-engineering/Front-end/src/components/Doctor's_Patients/PatientsList.jsx","statementMap":{"0":{"start":{"line":1,"column":25},"end":{"line":1,"column":null}},"1":{"start":{"line":15,"column":21},"end":{"line":140,"column":2}},"2":{"start":{"line":15,"column":27},"end":{"line":15,"column":null}},"3":{"start":{"line":16,"column":19},"end":{"line":16,"column":null}},"4":{"start":{"line":18,"column":43},"end":{"line":18,"column":null}},"5":{"start":{"line":19,"column":28},"end":{"line":19,"column":null}},"6":{"start":{"line":20,"column":50},"end":{"line":20,"column":null}},"7":{"start":{"line":21,"column":36},"end":{"line":21,"column":null}},"8":{"start":{"line":23,"column":2},"end":{"line":60,"column":null}},"9":{"start":{"line":24,"column":33},"end":{"line":57,"column":null}},"10":{"start":{"line":25,"column":6},"end":{"line":56,"column":null}},"11":{"start":{"line":26,"column":22},"end":{"line":26,"column":null}},"12":{"start":{"line":27,"column":25},"end":{"line":39,"column":null}},"13":{"start":{"line":40,"column":8},"end":{"line":44,"column":null}},"14":{"start":{"line":41,"column":10},"end":{"line":41,"column":null}},"15":{"start":{"line":42,"column":10},"end":{"line":42,"column":null}},"16":{"start":{"line":43,"column":10},"end":{"line":43,"column":null}},"17":{"start":{"line":46,"column":8},"end":{"line":46,"column":null}},"18":{"start":{"line":47,"column":8},"end":{"line":55,"column":null}},"19":{"start":{"line":48,"column":10},"end":{"line":54,"column":null}},"20":{"start":{"line":52,"column":12},"end":{"line":52,"column":null}},"21":{"start":{"line":53,"column":12},"end":{"line":53,"column":null}},"22":{"start":{"line":59,"column":4},"end":{"line":59,"column":null}},"23":{"start":{"line":62,"column":2},"end":{"line":138,"column":null}},"24":{"start":{"line":102,"column":39},"end":{"line":102,"column":68}},"25":{"start":{"line":124,"column":18},"end":{"line":128,"column":null}},"26":{"start":{"line":140,"column":2},"end":{"line":16,"column":31}},"27":{"start":{"line":15,"column":18},"end":{"line":16,"column":31}},"28":{"start":{"line":16,"column":30},"end":{"line":15,"column":18}},"29":{"start":{"line":142,"column":28},"end":{"line":142,"column":null}}},"fnMap":{"0":{"name":"(anonymous_0)","decl":{"start":{"line":1,"column":25},"end":{"line":1,"column":null}},"loc":{"start":{"line":1,"column":25},"end":{"line":1,"column":null}}},"1":{"name":"(anonymous_1)","decl":{"start":{"line":15,"column":21},"end":{"line":15,"column":27}},"loc":{"start":{"line":15,"column":27},"end":{"line":140,"column":2}}},"2":{"name":"(anonymous_2)","decl":{"start":{"line":23,"column":12},"end":{"line":23,"column":18}},"loc":{"start":{"line":23,"column":18},"end":{"line":60,"column":5}}},"3":{"name":"(anonymous_3)","decl":{"start":{"line":24,"column":33},"end":{"line":24,"column":45}},"loc":{"start":{"line":24,"column":45},"end":{"line":57,"column":null}}},"4":{"name":"(anonymous_4)","decl":{"start":{"line":102,"column":32},"end":{"line":102,"column":33}},"loc":{"start":{"line":102,"column":39},"end":{"line":102,"column":68}}},"5":{"name":"(anonymous_5)","decl":{"start":{"line":123,"column":35},"end":{"line":123,"column":36}},"loc":{"start":{"line":124,"column":18},"end":{"line":128,"column":null}}},"6":{"name":"(anonymous_6)","decl":{"start":{"line":15,"column":18},"end":{"line":15,"column":21}},"loc":{"start":{"line":15,"column":18},"end":{"line":16,"column":31}}}},"branchMap":{"0":{"loc":{"start":{"line":1,"column":25},"end":{"line":1,"column":null}},"type":"binary-expr","locations":[{"start":{"line":1,"column":25},"end":{"line":1,"column":null}},{"start":{"line":1,"column":25},"end":{"line":1,"column":null}}]},"1":{"loc":{"start":{"line":1,"column":25},"end":{"line":1,"column":null}},"type":"if","locations":[{"start":{"line":1,"column":25},"end":{"line":1,"column":null}}]},"2":{"loc":{"start":{"line":40,"column":8},"end":{"line":44,"column":null}},"type":"if","locations":[{"start":{"line":40,"column":8},"end":{"line":44,"column":null}}]},"3":{"loc":{"start":{"line":47,"column":8},"end":{"line":55,"column":null}},"type":"if","locations":[{"start":{"line":47,"column":8},"end":{"line":55,"column":null}}]},"4":{"loc":{"start":{"line":48,"column":10},"end":{"line":54,"column":null}},"type":"if","locations":[{"start":{"line":48,"column":10},"end":{"line":54,"column":null}}]},"5":{"loc":{"start":{"line":49,"column":12},"end":{"line":50,"column":null}},"type":"binary-expr","locations":[{"start":{"line":49,"column":12},"end":{"line":49,"column":null}},{"start":{"line":50,"column":12},"end":{"line":50,"column":null}}]},"6":{"loc":{"start":{"line":116,"column":17},"end":{"line":119,"column":null}},"type":"binary-expr","locations":[{"start":{"line":116,"column":17},"end":{"line":116,"column":null}},{"start":{"line":117,"column":18},"end":{"line":119,"column":null}}]}},"s":{"0":288,"1":32,"2":0,"3":0,"4":0,"5":0,"6":0,"7":0,"8":0,"9":0,"10":0,"11":0,"12":0,"13":0,"14":0,"15":0,"16":0,"17":0,"18":0,"19":0,"20":0,"21":0,"22":0,"23":0,"24":0,"25":0,"26":32,"27":0,"28":32,"29":32},"f":{"0":32,"1":0,"2":0,"3":0,"4":0,"5":0,"6":0},"b":{"0":[64,32],"1":[32],"2":[0],"3":[0],"4":[0],"5":[0,0],"6":[0,0]}}
,"C:/Users/nabeghe/Documents/software-engineering/Front-end/src/components/DoctorInfoModal/DoctorInfoModal.jsx": {"path":"C:/Users/nabeghe/Documents/software-engineering/Front-end/src/components/DoctorInfoModal/DoctorInfoModal.jsx","statementMap":{"0":{"start":{"line":1,"column":35},"end":{"line":1,"column":null}},"1":{"start":{"line":1,"column":50},"end":{"line":1,"column":null}},"2":{"start":{"line":24,"column":3},"end":{"line":24,"column":null}},"3":{"start":{"line":25,"column":24},"end":{"line":25,"column":null}},"4":{"start":{"line":26,"column":40},"end":{"line":26,"column":null}},"5":{"start":{"line":27,"column":46},"end":{"line":27,"column":null}},"6":{"start":{"line":28,"column":26},"end":{"line":28,"column":null}},"7":{"start":{"line":29,"column":46},"end":{"line":29,"column":null}},"8":{"start":{"line":30,"column":48},"end":{"line":30,"column":null}},"9":{"start":{"line":31,"column":44},"end":{"line":38,"column":null}},"10":{"start":{"line":40,"column":26},"end":{"line":40,"column":null}},"11":{"start":{"line":40,"column":32},"end":{"line":40,"column":null}},"12":{"start":{"line":41,"column":27},"end":{"line":41,"column":null}},"13":{"start":{"line":41,"column":33},"end":{"line":41,"column":null}},"14":{"start":{"line":43,"column":29},"end":{"line":51,"column":null}},"15":{"start":{"line":44,"column":4},"end":{"line":51,"column":null}},"16":{"start":{"line":53,"column":22},"end":{"line":55,"column":null}},"17":{"start":{"line":54,"column":4},"end":{"line":54,"column":null}},"18":{"start":{"line":57,"column":2},"end":{"line":59,"column":null}},"19":{"start":{"line":58,"column":4},"end":{"line":58,"column":null}},"20":{"start":{"line":61,"column":2},"end":{"line":63,"column":null}},"21":{"start":{"line":62,"column":4},"end":{"line":62,"column":null}},"22":{"start":{"line":65,"column":34},"end":{"line":79,"column":null}},"23":{"start":{"line":66,"column":4},"end":{"line":79,"column":null}},"24":{"start":{"line":66,"column":29},"end":{"line":78,"column":null}},"25":{"start":{"line":81,"column":34},"end":{"line":95,"column":null}},"26":{"start":{"line":82,"column":4},"end":{"line":95,"column":null}},"27":{"start":{"line":82,"column":29},"end":{"line":94,"column":null}},"28":{"start":{"line":98,"column":18},"end":{"line":98,"column":null}},"29":{"start":{"line":99,"column":12},"end":{"line":99,"column":null}},"30":{"start":{"line":100,"column":12},"end":{"line":100,"column":null}},"31":{"start":{"line":101,"column":12},"end":{"line":101,"column":null}},"32":{"start":{"line":102,"column":4},"end":{"line":102,"column":null}},"33":{"start":{"line":105,"column":26},"end":{"line":155,"column":null}},"34":{"start":{"line":106,"column":4},"end":{"line":106,"column":null}},"35":{"start":{"line":108,"column":19},"end":{"line":108,"column":null}},"36":{"start":{"line":110,"column":4},"end":{"line":120,"column":null}},"37":{"start":{"line":111,"column":6},"end":{"line":111,"column":null}},"38":{"start":{"line":113,"column":28},"end":{"line":113,"column":null}},"39":{"start":{"line":114,"column":20},"end":{"line":114,"column":null}},"40":{"start":{"line":115,"column":6},"end":{"line":119,"column":null}},"41":{"start":{"line":116,"column":8},"end":{"line":116,"column":null}},"42":{"start":{"line":117,"column":6},"end":{"line":119,"column":null}},"43":{"start":{"line":118,"column":8},"end":{"line":118,"column":null}},"44":{"start":{"line":122,"column":4},"end":{"line":124,"column":null}},"45":{"start":{"line":123,"column":6},"end":{"line":123,"column":null}},"46":{"start":{"line":126,"column":4},"end":{"line":128,"column":null}},"47":{"start":{"line":127,"column":6},"end":{"line":127,"column":null}},"48":{"start":{"line":130,"column":4},"end":{"line":132,"column":null}},"49":{"start":{"line":131,"column":6},"end":{"line":131,"column":null}},"50":{"start":{"line":134,"column":4},"end":{"line":136,"column":null}},"51":{"start":{"line":135,"column":6},"end":{"line":135,"column":null}},"52":{"start":{"line":138,"column":4},"end":{"line":146,"column":null}},"53":{"start":{"line":139,"column":6},"end":{"line":144,"column":null}},"54":{"start":{"line":140,"column":8},"end":{"line":143,"column":null}},"55":{"start":{"line":145,"column":6},"end":{"line":145,"column":null}},"56":{"start":{"line":148,"column":4},"end":{"line":148,"column":null}},"57":{"start":{"line":149,"column":4},"end":{"line":149,"column":null}},"58":{"start":{"line":150,"column":4},"end":{"line":150,"column":null}},"59":{"start":{"line":151,"column":4},"end":{"line":154,"column":null}},"60":{"start":{"line":157,"column":25},"end":{"line":193,"column":null}},"61":{"start":{"line":158,"column":26},"end":{"line":158,"column":null}},"62":{"start":{"line":160,"column":4},"end":{"line":162,"column":null}},"63":{"start":{"line":161,"column":6},"end":{"line":161,"column":null}},"64":{"start":{"line":163,"column":4},"end":{"line":165,"column":null}},"65":{"start":{"line":164,"column":6},"end":{"line":164,"column":null}},"66":{"start":{"line":166,"column":4},"end":{"line":168,"column":null}},"67":{"start":{"line":167,"column":6},"end":{"line":167,"column":null}},"68":{"start":{"line":169,"column":4},"end":{"line":181,"column":null}},"69":{"start":{"line":170,"column":6},"end":{"line":174,"column":null}},"70":{"start":{"line":171,"column":8},"end":{"line":173,"column":null}},"71":{"start":{"line":176,"column":6},"end":{"line":180,"column":null}},"72":{"start":{"line":177,"column":8},"end":{"line":179,"column":null}},"73":{"start":{"line":183,"column":4},"end":{"line":191,"column":null}},"74":{"start":{"line":184,"column":6},"end":{"line":189,"column":null}},"75":{"start":{"line":185,"column":8},"end":{"line":188,"column":null}},"76":{"start":{"line":190,"column":6},"end":{"line":190,"column":null}},"77":{"start":{"line":192,"column":4},"end":{"line":192,"column":null}},"78":{"start":{"line":196,"column":32},"end":{"line":246,"column":null}},"79":{"start":{"line":197,"column":5},"end":{"line":245,"column":null}},"80":{"start":{"line":198,"column":20},"end":{"line":198,"column":null}},"81":{"start":{"line":199,"column":23},"end":{"line":214,"column":null}},"82":{"start":{"line":216,"column":6},"end":{"line":234,"column":null}},"83":{"start":{"line":217,"column":8},"end":{"line":225,"column":null}},"84":{"start":{"line":226,"column":8},"end":{"line":226,"column":null}},"85":{"start":{"line":227,"column":8},"end":{"line":227,"column":null}},"86":{"start":{"line":228,"column":8},"end":{"line":228,"column":null}},"87":{"start":{"line":229,"column":8},"end":{"line":229,"column":null}},"88":{"start":{"line":230,"column":8},"end":{"line":230,"column":null}},"89":{"start":{"line":231,"column":8},"end":{"line":231,"column":null}},"90":{"start":{"line":232,"column":8},"end":{"line":232,"column":null}},"91":{"start":{"line":233,"column":8},"end":{"line":233,"column":null}},"92":{"start":{"line":236,"column":6},"end":{"line":244,"column":null}},"93":{"start":{"line":248,"column":22},"end":{"line":251,"column":null}},"94":{"start":{"line":249,"column":4},"end":{"line":249,"column":null}},"95":{"start":{"line":250,"column":4},"end":{"line":250,"column":null}},"96":{"start":{"line":255,"column":2},"end":{"line":392,"column":null}},"97":{"start":{"line":296,"column":20},"end":{"line":296,"column":null}},"98":{"start":{"line":297,"column":20},"end":{"line":297,"column":null}},"99":{"start":{"line":330,"column":20},"end":{"line":330,"column":null}},"100":{"start":{"line":331,"column":20},"end":{"line":331,"column":null}},"101":{"start":{"line":366,"column":20},"end":{"line":366,"column":null}},"102":{"start":{"line":367,"column":20},"end":{"line":367,"column":null}},"103":{"start":{"line":394,"column":1},"end":{"line":20,"column":25}},"104":{"start":{"line":20,"column":24},"end":{"line":null,"column":-1}},"105":{"start":{"line":396,"column":31},"end":{"line":396,"column":null}}},"fnMap":{"0":{"name":"(anonymous_0)","decl":{"start":{"line":1,"column":50},"end":{"line":1,"column":null}},"loc":{"start":{"line":1,"column":50},"end":{"line":1,"column":null}}},"1":{"name":"DoctorInfoModal","decl":{"start":{"line":20,"column":9},"end":{"line":20,"column":24}},"loc":{"start":{"line":24,"column":3},"end":{"line":394,"column":1}}},"2":{"name":"(anonymous_2)","decl":{"start":{"line":40,"column":26},"end":{"line":40,"column":32}},"loc":{"start":{"line":40,"column":32},"end":{"line":40,"column":null}}},"3":{"name":"(anonymous_3)","decl":{"start":{"line":41,"column":27},"end":{"line":41,"column":33}},"loc":{"start":{"line":41,"column":33},"end":{"line":41,"column":null}}},"4":{"name":"(anonymous_4)","decl":{"start":{"line":43,"column":29},"end":{"line":43,"column":null}},"loc":{"start":{"line":44,"column":4},"end":{"line":51,"column":null}}},"5":{"name":"(anonymous_5)","decl":{"start":{"line":53,"column":22},"end":{"line":53,"column":28}},"loc":{"start":{"line":53,"column":28},"end":{"line":55,"column":null}}},"6":{"name":"(anonymous_6)","decl":{"start":{"line":57,"column":12},"end":{"line":57,"column":18}},"loc":{"start":{"line":57,"column":18},"end":{"line":59,"column":5}}},"7":{"name":"(anonymous_7)","decl":{"start":{"line":61,"column":12},"end":{"line":61,"column":18}},"loc":{"start":{"line":61,"column":18},"end":{"line":63,"column":5}}},"8":{"name":"(anonymous_8)","decl":{"start":{"line":65,"column":34},"end":{"line":65,"column":35}},"loc":{"start":{"line":66,"column":4},"end":{"line":79,"column":null}}},"9":{"name":"(anonymous_9)","decl":{"start":{"line":66,"column":28},"end":{"line":66,"column":29}},"loc":{"start":{"line":66,"column":29},"end":{"line":78,"column":null}}},"10":{"name":"(anonymous_10)","decl":{"start":{"line":81,"column":34},"end":{"line":81,"column":35}},"loc":{"start":{"line":82,"column":4},"end":{"line":95,"column":null}}},"11":{"name":"(anonymous_11)","decl":{"start":{"line":82,"column":28},"end":{"line":82,"column":29}},"loc":{"start":{"line":82,"column":29},"end":{"line":94,"column":null}}},"12":{"name":"DateString","decl":{"start":{"line":97,"column":11},"end":{"line":97,"column":22}},"loc":{"start":{"line":97,"column":29},"end":{"line":103,"column":null}}},"13":{"name":"(anonymous_13)","decl":{"start":{"line":105,"column":26},"end":{"line":105,"column":27}},"loc":{"start":{"line":105,"column":37},"end":{"line":155,"column":null}}},"14":{"name":"(anonymous_14)","decl":{"start":{"line":139,"column":21},"end":{"line":139,"column":22}},"loc":{"start":{"line":140,"column":8},"end":{"line":143,"column":null}}},"15":{"name":"(anonymous_15)","decl":{"start":{"line":157,"column":25},"end":{"line":157,"column":31}},"loc":{"start":{"line":157,"column":31},"end":{"line":193,"column":null}}},"16":{"name":"(anonymous_16)","decl":{"start":{"line":184,"column":28},"end":{"line":184,"column":29}},"loc":{"start":{"line":185,"column":8},"end":{"line":188,"column":null}}},"17":{"name":"(anonymous_17)","decl":{"start":{"line":196,"column":32},"end":{"line":196,"column":44}},"loc":{"start":{"line":196,"column":44},"end":{"line":246,"column":null}}},"18":{"name":"(anonymous_18)","decl":{"start":{"line":248,"column":22},"end":{"line":248,"column":29}},"loc":{"start":{"line":248,"column":39},"end":{"line":251,"column":null}}},"19":{"name":"(anonymous_19)","decl":{"start":{"line":295,"column":28},"end":{"line":295,"column":29}},"loc":{"start":{"line":295,"column":39},"end":{"line":298,"column":null}}},
[...]
olumn":null}},"type":"cond-expr","locations":[{"start":{"line":281,"column":36},"end":{"line":283,"column":null}},{"start":{"line":284,"column":36},"end":{"line":300,"column":null}}]},"36":{"loc":{"start":{"line":281,"column":36},"end":{"line":283,"column":null}},"type":"cond-expr","locations":[{"start":{"line":282,"column":38},"end":{"line":282,"column":null}},{"start":{"line":283,"column":38},"end":{"line":283,"column":null}}]},"37":{"loc":{"start":{"line":284,"column":36},"end":{"line":300,"column":null}},"type":"cond-expr","locations":[{"start":{"line":285,"column":36},"end":{"line":287,"column":null}},{"start":{"line":288,"column":36},"end":{"line":300,"column":null}}]},"38":{"loc":{"start":{"line":285,"column":36},"end":{"line":287,"column":null}},"type":"cond-expr","locations":[{"start":{"line":286,"column":38},"end":{"line":286,"column":null}},{"start":{"line":287,"column":38},"end":{"line":287,"column":null}}]},"39":{"loc":{"start":{"line":288,"column":36},"end":{"line":300,"column":null}},"type":"cond-expr","locations":[{"start":{"line":289,"column":36},"end":{"line":291,"column":null}},{"start":{"line":292,"column":36},"end":{"line":300,"column":null}}]},"40":{"loc":{"start":{"line":289,"column":36},"end":{"line":291,"column":null}},"type":"cond-expr","locations":[{"start":{"line":290,"column":38},"end":{"line":290,"column":null}},{"start":{"line":291,"column":38},"end":{"line":291,"column":null}}]},"41":{"loc":{"start":{"line":292,"column":36},"end":{"line":300,"column":null}},"type":"cond-expr","locations":[{"start":{"line":293,"column":36},"end":{"line":295,"column":null}},{"start":{"line":296,"column":36},"end":{"line":300,"column":null}}]},"42":{"loc":{"start":{"line":293,"column":36},"end":{"line":295,"column":null}},"type":"cond-expr","locations":[{"start":{"line":294,"column":38},"end":{"line":294,"column":null}},{"start":{"line":295,"column":38},"end":{"line":295,"column":null}}]},"43":{"loc":{"start":{"line":296,"column":36},"end":{"line":300,"column":null}},"type":"cond-expr","locations":[{"start":{"line":297,"column":36},"end":{"line":299,"column":null}},{"start":{"line":300,"column":36},"end":{"line":300,"column":null}}]},"44":{"loc":{"start":{"line":297,"column":36},"end":{"line":299,"column":null}},"type":"cond-expr","locations":[{"start":{"line":298,"column":38},"end":{"line":298,"column":null}},{"start":{"line":299,"column":38},"end":{"line":299,"column":null}}]},"45":{"loc":{"start":{"line":303,"column":29},"end":{"line":338,"column":null}},"type":"cond-expr","locations":[{"start":{"line":304,"column":30},"end":{"line":304,"column":null}},{"start":{"line":305,"column":32},"end":{"line":338,"column":null}}]},"46":{"loc":{"start":{"line":305,"column":32},"end":{"line":338,"column":null}},"type":"cond-expr","locations":[{"start":{"line":306,"column":30},"end":{"line":306,"column":null}},{"start":{"line":307,"column":32},"end":{"line":338,"column":null}}]},"47":{"loc":{"start":{"line":307,"column":32},"end":{"line":338,"column":null}},"type":"cond-expr","locations":[{"start":{"line":308,"column":30},"end":{"line":308,"column":null}},{"start":{"line":309,"column":32},"end":{"line":338,"column":null}}]},"48":{"loc":{"start":{"line":309,"column":32},"end":{"line":338,"column":null}},"type":"cond-expr","locations":[{"start":{"line":310,"column":30},"end":{"line":310,"column":null}},{"start":{"line":311,"column":32},"end":{"line":338,"column":null}}]},"49":{"loc":{"start":{"line":311,"column":32},"end":{"line":338,"column":null}},"type":"cond-expr","locations":[{"start":{"line":312,"column":30},"end":{"line":312,"column":null}},{"start":{"line":313,"column":32},"end":{"line":338,"column":null}}]},"50":{"loc":{"start":{"line":313,"column":32},"end":{"line":338,"column":null}},"type":"cond-expr","locations":[{"start":{"line":314,"column":30},"end":{"line":314,"column":null}},{"start":{"line":315,"column":32},"end":{"line":338,"column":null}}]},"51":{"loc":{"start":{"line":315,"column":32},"end":{"line":338,"column":null}},"type":"cond-expr","locations":[{"start":{"line":316,"column":30},"end":{"line":316,"column":null}},{"start":{"line":317,"column":32},"end":{"line":338,"column":null}}]},"52":{"loc":{"start":{"line":317,"column":32},"end":{"line":338,"column":null}},"type":"cond-expr","locations":[{"start":{"line":318,"column":30},"end":{"line":318,"column":null}},{"start":{"line":319,"column":32},"end":{"line":338,"column":null}}]},"53":{"loc":{"start":{"line":319,"column":32},"end":{"line":338,"column":null}},"type":"cond-expr","locations":[{"start":{"line":320,"column":30},"end":{"line":320,"column":null}},{"start":{"line":321,"column":32},"end":{"line":338,"column":null}}]},"54":{"loc":{"start":{"line":321,"column":32},"end":{"line":338,"column":null}},"type":"cond-expr","locations":[{"start":{"line":322,"column":30},"end":{"line":322,"column":null}},{"start":{"line":323,"column":32},"end":{"line":338,"column":null}}]},"55":{"loc":{"start":{"line":323,"column":32},"end":{"line":338,"column":null}},"type":"cond-expr","locations":[{"start":{"line":324,"column":30},"end":{"line":324,"column":null}},{"start":{"line":325,"column":32},"end":{"line":338,"column":null}}]},"56":{"loc":{"start":{"line":325,"column":32},"end":{"line":338,"column":null}},"type":"cond-expr","locations":[{"start":{"line":326,"column":30},"end":{"line":328,"column":null}},{"start":{"line":329,"column":32},"end":{"line":338,"column":null}}]},"57":{"loc":{"start":{"line":329,"column":32},"end":{"line":338,"column":null}},"type":"cond-expr","locations":[{"start":{"line":330,"column":30},"end":{"line":330,"column":null}},{"start":{"line":331,"column":32},"end":{"line":338,"column":null}}]},"58":{"loc":{"start":{"line":331,"column":32},"end":{"line":338,"column":null}},"type":"cond-expr","locations":[{"start":{"line":332,"column":30},"end":{"line":332,"column":null}},{"start":{"line":333,"column":32},"end":{"line":338,"column":null}}]},"59":{"loc":{"start":{"line":333,"column":32},"end":{"line":338,"column":null}},"type":"cond-expr","locations":[{"start":{"line":334,"column":30},"end":{"line":334,"column":null}},{"start":{"line":335,"column":32},"end":{"line":338,"column":null}}]},"60":{"loc":{"start":{"line":335,"column":32},"end":{"line":338,"column":null}},"type":"cond-expr","locations":[{"start":{"line":336,"column":30},"end":{"line":336,"column":null}},{"start":{"line":338,"column":30},"end":{"line":338,"column":null}}]}},"s":{"0":32,"1":256,"2":32,"3":0,"4":0,"5":0,"6":0,"7":0,"8":0,"9":0,"10":0,"11":0,"12":0,"13":0,"14":0,"15":0,"16":0,"17":0,"18":0,"19":0,"20":0,"21":0,"22":0,"23":0,"24":0,"25":0,"26":0,"27":0,"28":0,"29":0,"30":0,"31":0,"32":0,"33":0,"34":32,"35":0,"36":32,"37":32},"f":{"0":32,"1":0,"2":0,"3":0,"4":0,"5":0,"6":0,"7":0,"8":0},"b":{"0":[32,0],"1":[32],"2":[32,32],"3":[0],"4":[0,0],"5":[0],"6":[0],"7":[0],"8":[0],"9":[0],"10":[0],"11":[0,0],"12":[0,0],"13":[0,0],"14":[0,0],"15":[0,0],"16":[0,0],"17":[0,0],"18":[0,0],"19":[0,0],"20":[0,0],"21":[0,0],"22":[0,0],"23":[0,0],"24":[0,0],"25":[0,0],"26":[0,0],"27":[0,0],"28":[0,0],"29":[0,0],"30":[0,0],"31":[0,0],"32":[0,0],"33":[0,0],"34":[0,0],"35":[0,0],"36":[0,0],"37":[0,0],"38":[0,0],"39":[0,0],"40":[0,0],"41":[0,0],"42":[0,0],"43":[0,0],"44":[0,0],"45":[0,0],"46":[0,0],"47":[0,0],"48":[0,0],"49":[0,0],"50":[0,0],"51":[0,0],"52":[0,0],"53":[0,0],"54":[0,0],"55":[0,0],"56":[0,0],"57":[0,0],"58":[0,0],"59":[0,0],"60":[0,0]}}
,"C:/Users/nabeghe/Documents/software-engineering/Front-end/src/components/Verification/verification.jsx": {"path":"C:/Users/nabeghe/Documents/software-engineering/Front-end/src/components/Verification/verification.jsx","statementMap":{"0":{"start":{"line":1,"column":25},"end":{"line":1,"column":null}},"1":{"start":{"line":12,"column":21},"end":{"line":184,"column":2}},"2":{"start":{"line":12,"column":27},"end":{"line":12,"column":null}},"3":{"start":{"line":13,"column":19},"end":{"line":13,"column":null}},"4":{"start":{"line":14,"column":2},"end":{"line":14,"column":null}},"5":{"start":{"line":15,"column":19},"end":{"line":15,"column":null}},"6":{"start":{"line":16,"column":23},"end":{"line":16,"column":null}},"7":{"start":{"line":17,"column":2},"end":{"line":17,"column":null}},"8":{"start":{"line":18,"column":28},"end":{"line":18,"column":null}},"9":{"start":{"line":19,"column":26},"end":{"line":19,"column":null}},"10":{"start":{"line":20,"column":24},"end":{"line":20,"column":null}},"11":{"start":{"line":21,"column":2},"end":{"line":21,"column":null}},"12":{"start":{"line":22,"column":30},"end":{"line":22,"column":null}},"13":{"start":{"line":23,"column":33},"end":{"line":23,"column":null}},"14":{"start":{"line":24,"column":44},"end":{"line":24,"column":null}},"15":{"start":{"line":25,"column":26},"end":{"line":27,"column":null}},"16":{"start":{"line":26,"column":4},"end":{"line":26,"column":null}},"17":{"start":{"line":28,"column":20},"end":{"line":30,"column":null}},"18":{"start":{"line":29,"column":4},"end":{"line":29,"column":null}},"19":{"start":{"line":31,"column":21},"end":{"line":33,"column":null}},"20":{"start":{"line":32,"column":4},"end":{"line":32,"column":null}},"21":{"start":{"line":34,"column":42},"end":{"line":36,"column":null}},"22":{"start":{"line":39,"column":4},"end":{"line":39,"column":null}},"23":{"start":{"line":40,"column":4},"end":{"line":66,"column":null}},"24":{"start":{"line":41,"column":20},"end":{"line":41,"column":null}},"25":{"start":{"line":42,"column":23},"end":{"line":53,"column":null}},"26":{"start":{"line":54,"column":19},"end":{"line":54,"column":null}},"27":{"start":{"line":55,"column":6},"end":{"line":55,"column":null}},"28":{"start":{"line":56,"column":6},"end":{"line":59,"column":null}},"29":{"start":{"line":57,"column":8},"end":{"line":57,"column":null}},"30":{"start":{"line":58,"column":8},"end":{"line":58,"column":null}},"31":{"start":{"line":61,"column":6},"end":{"line":65,"column":null}},"32":{"start":{"line":62,"column":8},"end":{"line":62,"column":null}},"33":{"start":{"line":64,"column":8},"end":{"line":64,"column":null}},"34":{"start":{"line":70,"column":4},"end":{"line":70,"column":null}},"35":{"start":{"line":71,"column":19},"end":{"line":74,"column":null}},"36":{"start":{"line":76,"column":24},"end":{"line":76,"column":null}},"37":{"start":{"line":77,"column":4},"end":{"line":125,"column":null}},"38":{"start":{"line":78,"column":6},"end":{"line":114,"column":null}},"39":{"start":{"line":79,"column":22},"end":{"line":79,"column":null}},"40":{"start":{"line":80,"column":8},"end":{"line":80,"column":null}},"41":{"start":{"line":83,"column":25},"end":{"line":93,"column":null}},"42":{"start":{"line":94,"column":21},"end":{"line":94,"column":null}},"43":{"start":{"line":95,"column":8},"end":{"line":109,"column":null}},"44":{"start":{"line":96,"column":10},"end":{"line":96,"column":null}},"45":{"start":{"line":97,"column":10},"end":{"line":105,"column":null}},"46":{"start":{"line":106,"column":10},"end":{"line":106,"column":null}},"47":{"start":{"line":107,"column":23},"end":{"line":107,"column":null}},"48":{"start":{"line":108,"column":10},"end":{"line":108,"column":null}},"49":{"start":{"line":111,"column":8},"end":{"line":113,"column":null}},"50":{"start":{"line":112,"column":10},"end":{"line":112,"column":null}},"51":{"start":{"line":116,"column":6},"end":{"line":116,"column":null}},"52":{"start":{"line":117,"column":6},"end":{"line":117,"column":null}},"53":{"start":{"line":118,"column":6},"end":{"line":118,"column":null}},"54":{"start":{"line":119,"column":6},"end":{"line":121,"column":null}},"55":{"start":{"line":122,"column":6},"end":{"line":124,"column":null}},"56":{"start":{"line":123,"column":8},"end":{"line":123,"column":null}},"57":{"start":{"line":127,"column":2},"end":{"line":182,"column":null}},"58":{"start":{"line":143,"column":41},"end":{"line":143,"column":null}},"59":{"start":{"line":184,"column":2},"end":{"line":15,"column":31}},"60":{"start":{"line":12,"column":18},"end":{"line":15,"column":31}},"61":{"start":{"line":15,"column":30},"end":{"line":12,"column":18}},"62":{"start":{"line":186,"column":28},"end":{"line":186,"column":null}}},"fnMap":{"0":{"name":"(anonymous_0)","decl":{"start":{"line":1,"column":25},"end":{"line":1,"column":null}},"loc":{"start":{"line":1,"column":25},"end":{"line":1,"column":null}}},"1":{"name":"(anonymous_1)","decl":{"start":{"line":12,"column":21},"end":{"line":12,"column":27}},"loc":{"start":{"line":12,"column":27},"end":{"line":184,"column":2}}},"2":{"name":"(anonymous_2)","decl":{"start":{"line":25,"column":26},"end":{"line":25,"column":32}},"loc":{"start":{"line":25,"column":32},"end":{"line":27,"column":null}}},"3":{"name":"(anonymous_3)","decl":{"start":{"line":28,"column":20},"end":{"line":28,"column":26}},"loc":{"start":{"line":28,"column":26},"end":{"line":30,"column":null}}},"4":{"name":"(anonymous_4)","decl":{"start":{"line":31,"column":21},"end":{"line":31,"column":22}},"loc":{"start":{"line":31,"column":34},"end":{"line":33,"column":null}}},"5":{"name":"resendCode","decl":{"start":{"line":38,"column":17},"end":{"line":38,"column":28}},"loc":{"start":{"line":38,"column":35},"end":{"line":67,"column":null}}},"6":{"name":"handleVerification","decl":{"start":{"line":69,"column":17},"end":{"line":69,"column":36}},"loc":{"start":{"line":69,"column":43},"end":{"line":126,"column":null}}},"7":{"name":"(anonymous_7)","decl":{"start":{"line":143,"column":30},"end":{"line":143,"column":31}},"loc":{"start":{"line":143,"column":41},"end":{"line":143,"column":null}}},"8":{"name":"(anonymous_8)","decl":{"start":{"line":12,"column":18},"end":{"line":12,"column":21}},"loc":{"start":{"line":12,"column":18},"end":{"line":15,"column":31}}}},"branchMap":{"0":{"loc":{"start":{"line":1,"column":25},"end":{"line":1,"column":null}},"type":"binary-expr","locations":[{"start":{"line":1,"column":25},"end":{"line":1,"column":null}},{"start":{"line":1,"column":25},"end":{"line":1,"column":null}}]},"1":{"loc":{"start":{"line":1,"column":25},"end":{"line":1,"column":null}},"type":"if","locations":[{"start":{"line":1,"column":25},"end":{"line":1,"column":null}}]},"2":{"loc":{"start":{"line":16,"column":23},"end":{"line":16,"column":null}},"type":"binary-expr","locations":[{"start":{"line":16,"column":23},"end":{"line":16,"column":41}},{"start":{"line":16,"column":41},"end":{"line":16,"column":null}}]},"3":{"loc":{"start":{"line":18,"column":37},"end":{"line":18,"column":61}},"type":"binary-expr","locations":[{"start":{"line":18,"column":37},"end":{"line":18,"column":59}},{"start":{"line":18,"column":59},"end":{"line":18,"column":61}}]},"4":{"loc":{"start":{"line":19,"column":35},"end":{"line":19,"column":58}},"type":"binary-expr","locations":[{"start":{"line":19,"column":35},"end":{"line":19,"column":56}},{"start":{"line":19,"column":56},"end":{"line":19,"column":58}}]},"5":{"loc":{"start":{"line":20,"column":33},"end":{"line":20,"column":55}},"type":"binary-expr","locations":[{"start":{"line":20,"column":33},"end":{"line":20,"column":53}},{"start":{"line":20,"column":53},"end":{"line":20,"column":55}}]},"6":{"loc":{"start":{"line":56,"column":6},"end":{"line":59,"column":null}},"type":"if","locations":[{"start":{"line":56,"column":6},"end":{"line":59,"column":null}}]},"7":{"loc":{"start":{"line":56,"column":10},"end":{"line":56,"column":62}},"type":"binary-expr","locations":[{"start":{"line":56,"column":10},"end":{"line":56,"column":37}},{"start":{"line":56,"column":37},"end":{"line":56,"column":62}}]},"8":{"loc":{"start":{"line":61,"column":6},"end":{"line":65,"column":null}},"type":"if","locations":[{"start":{"line":61,"column":6},"end":{"line":65,"column":null}},{"start":{"line":63,"column":13},"end":{"line":65,"column":null}}]},"9":{"loc":{"start":{"line":77,"column":4},"end":{"line":125,"column":null}},"type":"if","locations":[{"start":{"line":77,"column":4},"end":{"line":125,"column":null}},{"start":{"line":115,"column":11},"end":{"line":125,"column":null}}]},"10":{"loc":{"start":{"line":95,"column":8},"end":{"line":109,"column":null}},"type":"if","locations":[{"start":{"line":95,"column":8},"end":{"line":109,"column":null}}]},"11":{"loc":{"start":{"line":95,"column":12},"end":{"line":95,"column":64}},"type":"binary-expr","locations":[{"start":{"line":95,"column":12},"end":{"line":95,"column":39}},{"start":{"line":95,"column":39},"end":{"line":95,"column":64}}]},"12":{"loc":{"start":{"line":111,"column":8},"end":{"line":113,"column":null}},"type":"if","locations":[{"start":{"line":111,"column":8},"end":{"line":113,"column":null}}]},"13":{"loc":{"start":{"line":122,"column":6},"end":{"line":124,"column":null}},"type":"if","locations":[{"start":{"line":122,"column":6},"end":{"line":124,"column":null}}]},"14":{"loc":{"start":{"line":122,"column":10},"end":{"line":122,"column":51}},"type":"binary-expr","locations":[{"start":{"line":122,"column":10},"end":{"line":122,"column":30}},{"start":{"line":122,"column":30},"end":{"line":122,"column":51}}]},"15":{"loc":{"start":{"line":154,"column":17},"end":{"line":155,"column":null}},"type":"binary-expr","locations":[{"start":{"line":154,"column":17},"end":{"line":154,"column":null}},{"start":{"line":155,"column":18},"end":{"line":155,"column":null}}]},"16":{"loc":{"start":{"line":158,"column":17},"end":{"line":166,"column":null}},"type":"binary-expr","locations":[{"start":{"line":158,"column":17},"end":{"line":158,"column":null}},{"start":{"line":159,"column":18},"end":{"line":166,"column":null}}]}},"s":{"0":288,"1":32,"2":0,"3":0,"4":0,"5":0,"6":0,"7":0,"8":0,"9":0,"10":0,"11":0,"12":0,"13":0,"14":0,"15":0,"16":0,"17":0,"18":0,"19":0,"20":0,"21":0,"22":0,"23":0,"24":0,"25":0,"26":0,"27":0,"28":0,"29":0,"30":0,"31":0,"32":0,"33":0,"34":0,"35":0,"36":0,"37":0,"38":0,"39":0,"40":0,"41":0,"42":0,"43":0,"44":0,"45":0,"46":0,"47":0,"48":0,"49":0,"50":0,"51":0,"52":0,"53":0,"54":0,"55":0,"56":0,"57":0,"58":0,"59":32,"60":0,"61":32,"62":32},"f":{"0":32,"1":0,"2":0,"3":0,"4":0,"5":0,"6":0,"7":0,"8":0},"b":{"0":[64,32],"1":[32],"2":[0,0],"3":[0,0],"4":[0,0],"5":[0,0],"6":[0],"7":[0,0],"8":[0,0],"9":[0,0],"10":[0],"11":[0,0],"12":[0],"13":[0],"14":[0,0],"15":[0,0],"16":[0,0]}}
,"C:/Users/nabeghe/Documents/software-engineering/Front-end/src/components/aboutus/aboutus.jsx": {"path":"C:/Users/nabeghe/Documents/software-engineering/Front-end/src/components/aboutus/aboutus.jsx","statementMap":{"0":{"start":{"line":1,"column":25},"end":{"line":1,"column":null}},"1":{"start":{"line":8,"column":20},"end":{"line":80,"column":2}},"2":{"start":{"line":8,"column":26},"end":{"line":8,"column":null}},"3":{"start":{"line":9,"column":21},"end":{"line":9,"column":null}},"4":{"start":{"line":10,"column":4},"end":{"line":78,"column":null}},"5":{"start":{"line":80,"column":2},"end":{"line":9,"column":33}},"6":{"start":{"line":8,"column":17},"end":{"line":9,"column":33}},"7":{"start":{"line":9,"column":32},"end":{"line":8,"column":17}},"8":{"start":{"line":82,"column":27},"end":{"line":82,"column":null}}},"fnMap":{"0":{"name":"(anonymous_0)","decl":{"start":{"line":1,"column":25},"end":{"line":1,"column":null}},"loc":{"start":{"line":1,"column":25},"end":{"line":1,"column":null}}},"1":{"name":"(anonymous_1)","decl":{"start":{"line":8,"column":20},"end":{"line":8,"column":26}},"loc":{"start":{"line":8,"column":26},"end":{"line":80,"column":2}}},"2":{"name":"(anonymous_2)","decl":{"start":{"line":8,"column":17},"end":{"line":8,"column":20}},"loc":{"start":{"line":8,"column":17},"end":{"line":9,"column":33}}}},"branchMap":{"0":{"loc":{"start":{"line":1,"column":25},"end":{"line":1,"column":null}},"type":"binary-expr","locations":[{"start":{"line":1,"column":25},"end":{"line":1,"column":null}},{"start":{"line":1,"column":25},"end":{"line":1,"column":null}}]},"1":{"loc":{"start":{"line":1,"column":25},"end":{"line":1,"column":null}},"type":"if","locations":[{"start":{"line":1,"column":25},"end":{"line":1,"column":null}}]}},"s":{"0":288,"1":32,"2":24,"3":24,"4":16,"5":32,"6":8,"7":32,"8":32},"f":{"0":32,"1":24,"2":8},"b":{"0":[64,32],"1":[32]}}
}
