TN:
SF:src\App.jsx
FN:1,(anonymous_0)
FN:26,App
FNF:2
FNH:2
FNDA:32,(anonymous_0)
FNDA:94,App
DA:1,256
DA:27,94
DA:101,32
DA:103,32
LF:4
LH:4
BRDA:1,0,0,64
BRDA:1,0,1,32
BRDA:1,1,0,32
BRF:3
BRH:3
end_of_record
TN:
SF:src\main.jsx
FNF:0
FNH:0
DA:8,32
LF:1
LH:1
BRF:0
BRH:0
end_of_record
TN:
SF:src\components\Chat\Chat.jsx
FN:1,(anonymous_0)
FN:13,GetTimeDiff
FN:28,toPersianDigits
FN:30,(anonymous_3)
FN:33,(anonymous_4)
FN:57,(anonymous_5)
FN:63,playAudioBlob
FN:66,(anonymous_7)
FN:69,(anonymous_8)
FN:96,CreateConversation
FN:132,(anonymous_10)
FN:133,(anonymous_11)
FN:162,GetConversation
FN:189,SendMessage
FN:298,(anonymous_14)
FN:304,(anonymous_15)
FN:350,(anonymous_16)
FN:482,(anonymous_17)
FN:548,(anonymous_18)
FN:756,(anonymous_19)
FN:757,(anonymous_20)
FN:840,(anonymous_21)
FN:858,(anonymous_22)
FN:881,(anonymous_23)
FN:33,(anonymous_24)
FNF:25
FNH:6
FNDA:64,(anonymous_0)
FNDA:0,GetTimeDiff
FNDA:0,toPersianDigits
FNDA:0,(anonymous_3)
FNDA:2,(anonymous_4)
FNDA:2,(anonymous_5)
FNDA:0,playAudioBlob
FNDA:0,(anonymous_7)
FNDA:0,(anonymous_8)
FNDA:0,CreateConversation
FNDA:2,(anonymous_10)
FNDA:2,(anonymous_11)
FNDA:0,GetConversation
FNDA:0,SendMessage
FNDA:0,(anonymous_14)
FNDA:0,(anonymous_15)
FNDA:0,(anonymous_16)
FNDA:0,(anonymous_17)
FNDA:0,(anonymous_18)
FNDA:0,(anonymous_19)
FNDA:0,(anonymous_20)
FNDA:0,(anonymous_21)
FNDA:0,(anonymous_22)
FNDA:0,(anonymous_23)
FNDA:1,(anonymous_24)
DA:1,320
DA:14,0
DA:15,0
DA:16,0
DA:17,0
DA:18,0
DA:19,0
DA:20,0
DA:27,32
DA:29,0
DA:30,0
DA:33,32
DA:34,2
DA:44,32
DA:46,2
DA:47,2
DA:48,2
DA:49,2
DA:50,2
DA:51,2
DA:52,2
DA:53,2
DA:54,2
DA:55,2
DA:57,2
DA:58,2
DA:59,0
DA:64,0
DA:65,0
DA:66,0
DA:69,2
DA:70,0
DA:71,0
DA:72,0
DA:73,0
DA:74,0
DA:82,0
DA:83,0
DA:84,0
DA:85,0
DA:86,0
DA:87,0
DA:89,0
DA:92,0
DA:97,0
DA:98,0
DA:99,0
DA:108,0
DA:109,0
DA:117,0
DA:118,0
DA:121,0
DA:132,2
DA:133,2
DA:134,2
DA:135,2
DA:136,2
DA:145,0
DA:146,0
DA:147,0
DA:148,0
DA:149,0
DA:154,0
DA:159,2
DA:163,0
DA:164,0
DA:165,0
DA:166,0
DA:175,0
DA:176,0
DA:179,0
DA:180,0
DA:184,0
DA:190,0
DA:191,0
DA:192,0
DA:193,0
DA:206,0
DA:207,0
DA:208,0
DA:209,0
DA:212,0
DA:213,0
DA:214,0
DA:218,0
DA:227,0
DA:231,0
DA:240,0
DA:241,0
DA:253,2
DA:299,0
DA:305,0
DA:351,0
DA:482,0
DA:549,0
DA:550,0
DA:757,0
DA:758,0
DA:760,0
DA:761,0
DA:762,0
DA:841,0
DA:842,0
DA:843,0
DA:844,0
DA:859,0
DA:860,0
DA:882,0
DA:959,32
DA:961,64
LF:110
LH:27
BRDA:1,0,0,64
BRDA:1,0,1,32
BRDA:1,1,0,32
BRDA:20,2,0,0
BRDA:20,2,1,0
BRDA:22,3,0,0
BRDA:22,3,1,0
BRDA:24,4,0,0
BRDA:24,4,1,0
BRDA:58,5,0,0
BRDA:64,6,0,0
BRDA:65,7,0,0
BRDA:82,8,0,0
BRDA:82,8,1,0
BRDA:108,9,0,0
BRDA:108,10,0,0
BRDA:108,10,1,0
BRDA:145,11,0,0
BRDA:145,12,0,0
BRDA:145,12,1,0
BRDA:175,13,0,0
BRDA:175,14,0,0
BRDA:175,14,1,0
BRDA:179,15,0,0
BRDA:180,16,0,0
BRDA:206,17,0,0
BRDA:206,18,0,0
BRDA:206,18,1,0
BRDA:214,19,0,0
BRDA:227,20,0,0
BRDA:240,21,0,0
BRDA:284,22,0,2
BRDA:284,22,1,2
BRDA:315,23,0,0
BRDA:315,23,1,0
BRDA:338,24,0,2
BRDA:338,24,1,0
BRDA:464,25,0,0
BRDA:464,25,1,0
BRDA:464,26,0,0
BRDA:464,26,1,0
BRDA:464,26,2,0
BRDA:474,27,0,0
BRDA:474,27,1,0
BRDA:475,28,0,0
BRDA:475,28,1,0
BRDA:500,29,0,0
BRDA:500,29,1,0
BRDA:607,30,0,0
BRDA:607,30,1,0
BRDA:608,31,0,0
BRDA:608,31,1,0
BRDA:717,32,0,0
BRDA:717,32,1,0
BRDA:717,33,0,0
BRDA:717,33,1,0
BRDA:794,34,0,0
BRDA:794,34,1,0
BRDA:794,35,0,0
BRDA:794,35,1,0
BRDA:841,36,0,0
BRDA:841,36,1,0
BRDA:851,37,0,0
BRDA:851,37,1,0
BRDA:877,38,0,0
BRDA:877,38,1,0
BRDA:910,39,0,0
BRDA:910,39,1,0
BRF:68
BRH:6
end_of_record
TN:
SF:src\components\Chat\ChatIntroduction\Chat_intro.jsx
FN:1,(anonymous_0)
FN:7,(anonymous_1)
FN:36,(anonymous_2)
FN:7,(anonymous_3)
FNF:4
FNH:4
FNDA:32,(anonymous_0)
FNDA:45,(anonymous_1)
FNDA:1,(anonymous_2)
FNDA:15,(anonymous_3)
DA:1,288
DA:7,45
DA:8,45
DA:10,30
DA:37,1
DA:63,32
DA:65,32
LF:7
LH:7
BRDA:1,0,0,64
BRDA:1,0,1,32
BRDA:1,1,0,32
BRF:3
BRH:3
end_of_record
TN:
SF:src\components\CompleteInfoModal\Complete_Info.jsx
FN:1,(anonymous_0)
FN:26,(anonymous_1)
FN:36,(anonymous_2)
FN:40,(anonymous_3)
FN:87,(anonymous_4)
FN:92,(anonymous_5)
FN:98,(anonymous_6)
FN:117,(anonymous_7)
FN:133,(anonymous_8)
FN:182,(anonymous_9)
FN:189,(anonymous_10)
FN:208,(anonymous_11)
FN:272,(anonymous_12)
FN:278,(anonymous_13)
FN:280,(anonymous_14)
FN:26,(anonymous_15)
FN:307,(anonymous_16)
FN:313,(anonymous_17)
FN:325,(anonymous_18)
FN:331,(anonymous_19)
FN:343,(anonymous_20)
FN:348,(anonymous_21)
FN:374,(anonymous_22)
FNF:23
FNH:1
FNDA:160,(anonymous_0)
FNDA:0,(anonymous_1)
FNDA:0,(anonymous_2)
FNDA:0,(anonymous_3)
FNDA:0,(anonymous_4)
FNDA:0,(anonymous_5)
FNDA:0,(anonymous_6)
FNDA:0,(anonymous_7)
FNDA:0,(anonymous_8)
FNDA:0,(anonymous_9)
FNDA:0,(anonymous_10)
FNDA:0,(anonymous_11)
FNDA:0,(anonymous_12)
FNDA:0,(anonymous_13)
FNDA:0,(anonymous_14)
FNDA:0,(anonymous_15)
FNDA:0,(anonymous_16)
FNDA:0,(anonymous_17)
FNDA:0,(anonymous_18)
FNDA:0,(anonymous_19)
FNDA:0,(anonymous_20)
FNDA:0,(anonymous_21)
FNDA:0,(anonymous_22)
DA:1,384
DA:26,32
DA:27,32
DA:28,0
DA:29,0
DA:30,0
DA:31,0
DA:32,0
DA:33,0
DA:34,0
DA:36,0
DA:37,0
DA:40,0
DA:41,0
DA:42,0
DA:43,0
DA:50,0
DA:52,0
DA:54,0
DA:55,0
DA:56,0
DA:57,0
DA:68,0
DA:74,0
DA:75,0
DA:76,0
DA:78,0
DA:79,0
DA:83,0
DA:87,0
DA:88,0
DA:89,0
DA:92,0
DA:93,0
DA:94,0
DA:95,0
DA:98,0
DA:99,0
DA:106,0
DA:108,0
DA:112,0
DA:113,0
DA:117,0
DA:118,0
DA:119,0
DA:120,0
DA:133,0
DA:134,0
DA:137,0
DA:138,0
DA:139,0
DA:141,0
DA:142,0
DA:143,0
DA:160,0
DA:161,0
DA:165,0
DA:167,0
DA:173,0
DA:174,0
DA:182,0
DA:183,0
DA:184,0
DA:185,0
DA:186,0
DA:189,0
DA:190,0
DA:192,0
DA:193,0
DA:199,0
DA:200,0
DA:202,0
DA:203,0
DA:204,0
DA:205,0
DA:208,0
DA:209,0
DA:228,0
DA:272,0
DA:278,0
DA:280,0
DA:305,32
DA:307,32
DA:308,0
DA:313,0
DA:323,32
DA:325,32
DA:326,0
DA:331,0
DA:341,32
DA:343,32
DA:344,0
DA:349,0
DA:350,0
DA:372,32
DA:374,32
DA:375,0
DA:400,32
DA:404,160
LF:99
LH:13
BRDA:1,0,0,32
BRDA:1,0,1,0
BRDA:1,1,0,32
BRDA:1,2,0,32
BRDA:1,2,1,32
BRDA:50,3,0,0
BRDA:54,4,0,0
BRDA:54,4,1,0
BRDA:55,5,0,0
BRDA:55,5,1,0
BRDA:56,6,0,0
BRDA:56,6,1,0
BRDA:58,7,0,0
BRDA:58,7,1,0
BRDA:74,8,0,0
BRDA:74,8,1,0
BRDA:74,9,0,0
BRDA:74,9,1,0
BRDA:95,10,0,0
BRDA:95,10,1,0
BRDA:99,11,0,0
BRDA:99,11,1,0
BRDA:100,12,0,0
BRDA:100,12,1,0
BRDA:100,12,2,0
BRDA:100,12,3,0
BRDA:100,12,4,0
BRDA:124,13,0,0
BRDA:124,13,1,0
BRDA:125,14,0,0
BRDA:125,14,1,0
BRDA:125,15,0,0
BRDA:125,15,1,0
BRDA:125,15,2,0
BRDA:129,16,0,0
BRDA:129,16,1,0
BRDA:134,17,0,0
BRDA:138,18,0,0
BRDA:138,18,1,0
BRDA:160,19,0,0
BRDA:160,19,1,0
BRDA:183,20,0,0
BRDA:184,21,0,0
BRDA:185,22,0,0
BRDA:190,23,0,0
BRDA:202,24,0,0
BRDA:202,25,0,0
BRDA:202,25,1,0
BRDA:205,26,0,0
BRDA:208,27,0,0
BRDA:271,28,0,0
BRDA:271,28,1,0
BRDA:280,29,0,0
BRDA:280,29,1,0
BRDA:360,30,0,0
BRDA:360,30,1,0
BRF:56
BRH:4
end_of_record
TN:
SF:src\components\CompleteInfoModal\Coverters_Checkers.js
FN:3,(anonymous_0)
FN:17,(anonymous_1)
FN:20,(anonymous_2)
FN:34,(anonymous_3)
FN:37,(anonymous_4)
FNF:5
FNH:0
FNDA:0,(anonymous_0)
FNDA:0,(anonymous_1)
FNDA:0,(anonymous_2)
FNDA:0,(anonymous_3)
FNDA:0,(anonymous_4)
DA:3,32
DA:4,0
DA:17,0
DA:20,32
DA:21,0
DA:34,0
DA:37,32
DA:38,0
DA:39,0
LF:9
LH:3
BRDA:17,0,0,0
BRDA:17,0,1,0
BRDA:34,1,0,0
BRDA:34,1,1,0
BRF:4
BRH:0
end_of_record
TN:
SF:src\components\Counter\Statistic.jsx
FN:1,(anonymous_0)
FN:7,(anonymous_1)
FN:12,(anonymous_2)
FN:14,(anonymous_3)
FN:19,getEndNumbers
FNF:5
FNH:5
FNDA:32,(anonymous_0)
FNDA:30,(anonymous_1)
FNDA:30,(anonymous_2)
FNDA:16,(anonymous_3)
FNDA:28,getEndNumbers
DA:1,288
DA:7,32
DA:8,30
DA:9,30
DA:10,30
DA:12,30
DA:13,30
DA:14,30
DA:15,16
DA:20,28
DA:21,28
DA:30,0
DA:32,0
DA:34,0
DA:36,0
DA:38,0
DA:39,0
DA:40,0
DA:43,0
DA:47,30
DA:64,32
DA:66,32
LF:22
LH:14
BRDA:1,0,0,64
BRDA:1,0,1,32
BRDA:1,1,0,32
BRDA:30,2,0,0
BRF:4
BRH:3
end_of_record
TN:
SF:src\components\Counter\counter.jsx
FN:1,(anonymous_0)
FN:6,toFarsiNumber
FN:12,(anonymous_2)
FN:16,(anonymous_3)
FN:21,(anonymous_4)
FN:22,(anonymous_5)
FN:26,(anonymous_6)
FN:30,(anonymous_7)
FN:66,(anonymous_8)
FNF:9
FNH:6
FNDA:32,(anonymous_0)
FNDA:90,toFarsiNumber
FNDA:90,(anonymous_2)
FNDA:114,(anonymous_3)
FNDA:12,(anonymous_4)
FNDA:0,(anonymous_5)
FNDA:0,(anonymous_6)
FNDA:0,(anonymous_7)
FNDA:90,(anonymous_8)
DA:1,288
DA:7,90
DA:9,90
DA:12,90
DA:16,114
DA:17,114
DA:19,114
DA:21,12
DA:22,0
DA:27,0
DA:28,0
DA:31,0
DA:32,0
DA:66,90
DA:74,32
DA:76,32
LF:16
LH:11
BRDA:1,0,0,64
BRDA:1,0,1,32
BRDA:1,1,0,32
BRDA:60,2,0,114
BRDA:60,2,1,24
BRF:5
BRH:5
end_of_record
TN:
SF:src\components\Crasoul\Crasoul.jsx
FN:1,(anonymous_0)
FN:11,(anonymous_1)
FNF:2
FNH:2
FNDA:32,(anonymous_0)
FNDA:30,(anonymous_1)
DA:1,256
DA:11,32
DA:12,30
DA:81,32
DA:83,32
LF:5
LH:5
BRDA:1,0,0,64
BRDA:1,0,1,32
BRDA:1,1,0,32
BRF:3
BRH:3
end_of_record
TN:
SF:src\components\Doctor\doctor.jsx
FN:1,(anonymous_0)
FN:12,(anonymous_1)
FNF:2
FNH:2
FNDA:32,(anonymous_0)
FNDA:30,(anonymous_1)
DA:1,256
DA:12,32
DA:13,30
DA:170,32
DA:171,32
LF:5
LH:5
BRDA:1,0,0,64
BRDA:1,0,1,32
BRDA:1,1,0,32
BRF:3
BRH:3
end_of_record
TN:
SF:src\components\Doctor's_Patients\PatientProfile.jsx
FN:1,(anonymous_0)
FN:12,(anonymous_1)
FN:16,(anonymous_2)
FN:12,(anonymous_3)
FNF:4
FNH:1
FNDA:32,(anonymous_0)
FNDA:0,(anonymous_1)
FNDA:0,(anonymous_2)
FNDA:0,(anonymous_3)
DA:1,288
DA:12,32
DA:14,32
DA:15,0
DA:16,0
DA:17,0
DA:20,0
DA:76,32
DA:78,32
LF:9
LH:5
BRDA:1,0,0,64
BRDA:1,0,1,32
BRDA:1,1,0,32
BRDA:34,2,0,0
BRDA:34,2,1,0
BRDA:36,3,0,0
BRDA:36,3,1,0
BRF:7
BRH:3
end_of_record
TN:
SF:src\components\Doctor's_Patients\PatientsList.jsx
FN:1,(anonymous_0)
FN:15,(anonymous_1)
FN:23,(anonymous_2)
FN:24,(anonymous_3)
FN:102,(anonymous_4)
FN:123,(anonymous_5)
FN:15,(anonymous_6)
FNF:7
FNH:1
FNDA:32,(anonymous_0)
FNDA:0,(anonymous_1)
FNDA:0,(anonymous_2)
FNDA:0,(anonymous_3)
FNDA:0,(anonymous_4)
FNDA:0,(anonymous_5)
FNDA:0,(anonymous_6)
DA:1,288
DA:15,32
DA:16,32
DA:18,0
DA:19,0
DA:20,0
DA:21,0
DA:23,0
DA:24,0
DA:25,0
DA:26,0
DA:27,0
DA:40,0
DA:41,0
DA:42,0
DA:43,0
DA:46,0
DA:47,0
DA:48,0
DA:52,0
DA:53,0
DA:59,0
DA:62,0
DA:102,0
DA:124,0
DA:140,32
DA:142,32
LF:27
LH:5
BRDA:1,0,0,64
BRDA:1,0,1,32
BRDA:1,1,0,32
BRDA:40,2,0,0
BRDA:47,3,0,0
BRDA:48,4,0,0
BRDA:49,5,0,0
BRDA:49,5,1,0
BRDA:116,6,0,0
BRDA:116,6,1,0
BRF:10
BRH:3
end_of_record
TN:
SF:src\components\DoctorInfoModal\DoctorInfoModal.jsx
FN:1,(anonymous_0)
FN:20,DoctorInfoModal
FN:40,(anonymous_2)
FN:41,(anonymous_3)
FN:43,(anonymous_4)
FN:53,(anonymous_5)
FN:57,(anonymous_6)
FN:61,(anonymous_7)
FN:65,(anonymous_8)
FN:66,(anonymous_9)
FN:81,(anonymous_10)
FN:82,(anonymous_11)
FN:97,DateString
FN:105,(anonymous_13)
FN:139,(anonymous_14)
FN:157,(anonymous_15)
FN:184,(anonymous_16)
FN:196,(anonymous_17)
FN:248,(anonymous_18)
FN:295,(anonymous_19)
FN:329,(anonymous_20)
FN:365,(anonymous_21)
FNF:22
FNH:4
FNDA:32,(anonymous_0)
FNDA:22,DoctorInfoModal
FNDA:0,(anonymous_2)
FNDA:0,(anonymous_3)
FNDA:0,(anonymous_4)
FNDA:0,(anonymous_5)
FNDA:8,(anonymous_6)
FNDA:8,(anonymous_7)
FNDA:0,(anonymous_8)
FNDA:0,(anonymous_9)
FNDA:0,(anonymous_10)
FNDA:0,(anonymous_11)
FNDA:0,DateString
FNDA:0,(anonymous_13)
FNDA:0,(anonymous_14)
FNDA:0,(anonymous_15)
FNDA:0,(anonymous_16)
FNDA:0,(anonymous_17)
FNDA:0,(anonymous_18)
FNDA:0,(anonymous_19)
FNDA:0,(anonymous_20)
FNDA:0,(anonymous_21)
DA:1,256
DA:20,32
DA:24,22
DA:25,22
DA:26,22
DA:27,22
DA:28,22
DA:29,22
DA:30,22
DA:31,22
DA:40,22
DA:41,22
DA:43,22
DA:44,0
DA:53,22
DA:54,0
DA:57,22
DA:58,8
DA:61,22
DA:62,8
DA:65,22
DA:66,0
DA:81,22
DA:82,0
DA:98,0
DA:99,0
DA:100,0
DA:101,0
DA:102,0
DA:105,22
DA:106,0
DA:108,0
DA:110,0
DA:111,0
DA:113,0
DA:114,0
DA:115,0
DA:116,0
DA:117,0
DA:118,0
DA:122,0
DA:123,0
DA:126,0
DA:127,0
DA:130,0
DA:131,0
DA:134,0
DA:135,0
DA:138,0
DA:139,0
DA:140,0
DA:145,0
DA:148,0
DA:149,0
DA:150,0
DA:151,0
DA:157,22
DA:158,0
DA:160,0
DA:161,0
DA:163,0
DA:164,0
DA:166,0
DA:167,0
DA:169,0
DA:170,0
DA:171,0
DA:176,0
DA:177,0
DA:183,0
DA:184,0
DA:185,0
DA:190,0
DA:192,0
DA:196,22
DA:197,0
DA:198,0
DA:199,0
DA:216,0
DA:217,0
DA:226,0
DA:227,0
DA:228,0
DA:229,0
DA:230,0
DA:231,0
DA:232,0
DA:233,0
DA:236,0
DA:248,22
DA:249,0
DA:250,0
DA:255,22
DA:296,0
DA:297,0
DA:330,0
DA:331,0
DA:366,0
DA:367,0
DA:394,32
DA:396,32
LF:101
LH:27
BRDA:1,0,0,32
BRDA:1,0,1,0
BRDA:1,1,0,32
BRDA:1,2,0,32
BRDA:1,2,1,32
BRDA:66,3,0,0
BRDA:66,3,1,0
BRDA:82,4,0,0
BRDA:82,4,1,0
BRDA:100,5,0,0
BRDA:100,5,1,0
BRDA:101,6,0,0
BRDA:101,6,1,0
BRDA:110,7,0,0
BRDA:110,7,1,0
BRDA:115,8,0,0
BRDA:115,8,1,0
BRDA:117,9,0,0
BRDA:122,10,0,0
BRDA:126,11,0,0
BRDA:130,12,0,0
BRDA:134,13,0,0
BRDA:134,14,0,0
BRDA:134,14,1,0
BRDA:138,15,0,0
BRDA:160,16,0,0
BRDA:160,17,0,0
BRDA:160,17,1,0
BRDA:160,17,2,0
BRDA:160,17,3,0
BRDA:163,18,0,0
BRDA:166,19,0,0
BRDA:170,20,0,0
BRDA:170,21,0,0
BRDA:170,21,1,0
BRDA:176,22,0,0
BRDA:176,23,0,0
BRDA:176,23,1,0
BRDA:183,24,0,0
BRDA:216,25,0,0
BRDA:216,26,0,0
BRDA:216,26,1,0
BRDA:294,27,0,0
BRDA:294,27,1,22
BRDA:328,28,0,0
BRDA:328,28,1,22
BRDA:364,29,0,0
BRDA:364,29,1,22
BRF:48
BRH:7
end_of_record
TN:
SF:src\components\DoctorPannelRating\DoctorPannelRating.jsx
FN:1,(anonymous_0)
FN:18,DoctorRating
FN:23,(anonymous_2)
FN:27,(anonymous_3)
FN:58,convertToPersianNumbers
FN:60,(anonymous_5)
FN:125,(anonymous_6)
FN:18,(anonymous_7)
FNF:8
FNH:1
FNDA:32,(anonymous_0)
FNDA:0,DoctorRating
FNDA:0,(anonymous_2)
FNDA:0,(anonymous_3)
FNDA:0,convertToPersianNumbers
FNDA:0,(anonymous_5)
FNDA:0,(anonymous_6)
FNDA:0,(anonymous_7)
DA:1,256
DA:18,32
DA:19,32
DA:20,0
DA:21,0
DA:23,0
DA:24,0
DA:27,0
DA:28,0
DA:29,0
DA:30,0
DA:40,0
DA:41,0
DA:42,0
DA:43,0
DA:46,0
DA:59,0
DA:60,0
DA:63,0
DA:65,0
DA:125,0
DA:141,32
LF:22
LH:4
BRDA:1,0,0,32
BRDA:1,0,1,0
BRDA:1,1,0,32
BRDA:1,2,0,32
BRDA:1,2,1,32
BRDA:40,3,0,0
BRDA:63,4,0,0
BRDA:63,4,1,0
BRDA:113,5,0,0
BRDA:113,5,1,0
BRF:10
BRH:4
end_of_record
TN:
SF:src\components\Doctor_FreeTime\Doctor_FreeTime.jsx
FN:1,(anonymous_0)
FN:12,(anonymous_1)
FN:28,(anonymous_2)
FN:41,(anonymous_3)
FN:12,(anonymous_4)
FNF:5
FNH:1
FNDA:32,(anonymous_0)
FNDA:0,(anonymous_1)
FNDA:0,(anonymous_2)
FNDA:0,(anonymous_3)
FNDA:0,(anonymous_4)
DA:1,288
DA:12,32
DA:13,0
DA:14,32
DA:15,0
DA:17,0
DA:29,0
DA:42,0
DA:58,32
DA:60,32
LF:10
LH:5
BRDA:1,0,0,64
BRDA:1,0,1,32
BRDA:1,1,0,32
BRDA:29,2,0,0
BRDA:29,2,1,0
BRDA:33,3,0,0
BRDA:33,3,1,0
BRDA:42,4,0,0
BRDA:42,4,1,0
BRDA:45,5,0,0
BRDA:45,5,1,0
BRDA:51,6,0,0
BRDA:51,6,1,0
BRF:13
BRH:3
end_of_record
TN:
SF:src\components\Doctor_FreeTime\Doctor_FreeTime_Add.jsx
FN:1,(anonymous_0)
FN:21,DateString
FN:29,ChangeDate
FN:94,toPersianDigits
FN:96,(anonymous_4)
FN:99,(anonymous_5)
FN:128,(anonymous_6)
FN:134,(anonymous_7)
FN:156,(anonymous_8)
FN:157,(anonymous_9)
FN:164,send_free_time
FN:219,(anonymous_11)
FN:236,(anonymous_12)
FN:242,(anonymous_13)
FN:243,(anonymous_14)
FN:269,(anonymous_15)
FN:278,(anonymous_16)
FN:321,(anonymous_17)
FN:327,(anonymous_18)
FN:99,(anonymous_19)
FNF:20
FNH:1
FNDA:96,(anonymous_0)
FNDA:0,DateString
FNDA:0,ChangeDate
FNDA:0,toPersianDigits
FNDA:0,(anonymous_4)
FNDA:0,(anonymous_5)
FNDA:0,(anonymous_6)
FNDA:0,(anonymous_7)
FNDA:0,(anonymous_8)
FNDA:0,(anonymous_9)
FNDA:0,send_free_time
FNDA:0,(anonymous_11)
FNDA:0,(anonymous_12)
FNDA:0,(anonymous_13)
FNDA:0,(anonymous_14)
FNDA:0,(anonymous_15)
FNDA:0,(anonymous_16)
FNDA:0,(anonymous_17)
FNDA:0,(anonymous_18)
FNDA:0,(anonymous_19)
DA:1,352
DA:22,0
DA:23,0
DA:24,0
DA:25,0
DA:26,0
DA:27,32
DA:30,0
DA:31,0
DA:32,0
DA:37,0
DA:38,32
DA:40,32
DA:49,32
DA:63,32
DA:95,0
DA:96,0
DA:99,32
DA:100,0
DA:101,32
DA:102,0
DA:103,0
DA:104,0
DA:115,0
DA:116,0
DA:117,0
DA:118,0
DA:121,0
DA:122,0
DA:123,0
DA:124,0
DA:126,0
DA:128,0
DA:129,0
DA:130,0
DA:131,0
DA:134,0
DA:135,0
DA:141,0
DA:143,0
DA:144,0
DA:145,0
DA:146,0
DA:147,0
DA:148,0
DA:149,0
DA:154,0
DA:156,0
DA:157,0
DA:159,0
DA:165,0
DA:166,0
DA:167,0
DA:182,0
DA:183,0
DA:184,0
DA:185,0
DA:186,0
DA:187,0
DA:197,0
DA:208,0
DA:219,0
DA:221,0
DA:237,0
DA:243,0
DA:244,0
DA:246,0
DA:247,0
DA:270,0
DA:279,0
DA:280,0
DA:281,0
DA:282,0
DA:283,0
DA:284,0
DA:286,0
DA:289,0
DA:290,0
DA:291,0
DA:321,0
DA:328,0
DA:338,32
DA:340,96
LF:83
LH:10
BRDA:1,0,0,64
BRDA:1,0,1,32
BRDA:1,1,0,32
BRDA:24,2,0,0
BRDA:24,2,1,0
BRDA:25,3,0,0
BRDA:25,3,1,0
BRDA:102,4,0,0
BRDA:102,4,1,0
BRDA:103,5,0,0
BRDA:103,5,1,0
BRDA:141,6,0,0
BRDA:141,6,1,0
BRDA:146,7,0,0
BRDA:148,8,0,0
BRDA:182,9,0,0
BRDA:182,9,1,0
BRDA:182,10,0,0
BRDA:182,10,1,0
BRDA:227,11,0,0
BRDA:227,11,1,0
BRDA:244,12,0,0
BRDA:244,12,1,0
BRDA:257,13,0,0
BRDA:257,13,1,0
BRDA:264,14,0,0
BRDA:264,14,1,0
BRDA:277,15,0,0
BRDA:277,15,1,0
BRDA:280,16,0,0
BRDA:280,16,1,0
BRDA:283,17,0,0
BRDA:283,17,1,0
BRDA:284,18,0,0
BRDA:284,18,1,0
BRDA:303,19,0,0
BRDA:303,19,1,0
BRF:37
BRH:3
end_of_record
TN:
SF:src\components\Doctor_FreeTime\Doctor_FreeTime_Edit.jsx
FN:1,(anonymous_0)
FN:21,DateString
FN:29,ChangeDate
FN:94,toPersianDigits
FN:96,(anonymous_4)
FN:99,(anonymous_5)
FN:128,GetFreeTime
FN:143,(anonymous_7)
FN:144,(anonymous_8)
FN:155,(anonymous_9)
FN:159,update_free_time
FN:204,(anonymous_11)
FN:205,(anonymous_12)
FN:208,(anonymous_13)
FN:209,(anonymous_14)
FN:210,(anonymous_15)
FN:235,(anonymous_16)
FN:244,(anonymous_17)
FN:262,(anonymous_18)
FN:271,(anonymous_19)
FN:276,(anonymous_20)
FN:312,(anonymous_21)
FN:319,(anonymous_22)
FN:99,(anonymous_23)
FNF:24
FNH:1
FNDA:96,(anonymous_0)
FNDA:0,DateString
FNDA:0,ChangeDate
FNDA:0,toPersianDigits
FNDA:0,(anonymous_4)
FNDA:0,(anonymous_5)
FNDA:0,GetFreeTime
FNDA:0,(anonymous_7)
FNDA:0,(anonymous_8)
FNDA:0,(anonymous_9)
FNDA:0,update_free_time
FNDA:0,(anonymous_11)
FNDA:0,(anonymous_12)
FNDA:0,(anonymous_13)
FNDA:0,(anonymous_14)
FNDA:0,(anonymous_15)
FNDA:0,(anonymous_16)
FNDA:0,(anonymous_17)
FNDA:0,(anonymous_18)
FNDA:0,(anonymous_19)
FNDA:0,(anonymous_20)
FNDA:0,(anonymous_21)
FNDA:0,(anonymous_22)
FNDA:0,(anonymous_23)
DA:1,352
DA:22,0
DA:23,0
DA:24,0
DA:25,0
DA:26,0
DA:27,32
DA:30,0
DA:31,0
DA:32,0
DA:37,0
DA:38,32
DA:40,32
DA:49,32
DA:63,32
DA:95,0
DA:96,0
DA:99,32
DA:100,0
DA:101,32
DA:102,0
DA:103,0
DA:104,0
DA:105,0
DA:116,0
DA:117,0
DA:118,0
DA:119,0
DA:120,0
DA:123,0
DA:124,0
DA:125,0
DA:126,0
DA:129,0
DA:130,0
DA:131,0
DA:140,0
DA:141,0
DA:142,0
DA:143,0
DA:145,0
DA:146,0
DA:147,0
DA:150,0
DA:152,0
DA:155,0
DA:156,0
DA:160,0
DA:161,0
DA:162,0
DA:177,0
DA:178,0
DA:179,0
DA:180,0
DA:181,0
DA:192,0
DA:204,0
DA:205,0
DA:206,0
DA:207,0
DA:208,0
DA:209,0
DA:211,0
DA:212,0
DA:215,0
DA:218,0
DA:236,0
DA:245,0
DA:263,0
DA:272,0
DA:273,0
DA:274,0
DA:276,0
DA:312,0
DA:320,0
DA:330,32
DA:332,96
LF:77
LH:10
BRDA:1,0,0,64
BRDA:1,0,1,32
BRDA:1,1,0,32
BRDA:24,2,0,0
BRDA:24,2,1,0
BRDA:25,3,0,0
BRDA:25,3,1,0
BRDA:102,4,0,0
BRDA:102,4,1,0
BRDA:146,5,0,0
BRDA:177,6,0,0
BRDA:177,7,0,0
BRDA:177,7,1,0
BRDA:205,8,0,0
BRDA:205,8,1,0
BRDA:211,9,0,0
BRDA:224,10,0,0
BRDA:224,10,1,0
BRDA:255,11,0,0
BRDA:255,11,1,0
BRDA:270,12,0,0
BRDA:270,12,1,0
BRDA:273,13,0,0
BRDA:273,13,1,0
BRDA:288,14,0,0
BRDA:288,14,1,0
BRF:26
BRH:3
end_of_record
TN:
SF:src\components\Doctor_FreeTime\Hours.jsx
FN:1,(anonymous_0)
FN:4,(anonymous_1)
FNF:2
FNH:1
FNDA:32,(anonymous_0)
FNDA:0,(anonymous_1)
DA:1,256
DA:4,32
DA:5,0
DA:18,32
DA:19,32
LF:5
LH:4
BRDA:1,0,0,64
BRDA:1,0,1,32
BRDA:1,1,0,32
BRDA:11,2,0,0
BRDA:11,2,1,0
BRF:5
BRH:3
end_of_record
TN:
SF:src\components\DoctorsList\DoctorProfile.jsx
FN:1,(anonymous_0)
FN:13,(anonymous_1)
FN:28,(anonymous_2)
FN:38,(anonymous_3)
FN:40,(anonymous_4)
FN:60,GetUserInfo
FN:111,(anonymous_6)
FN:119,GetUserInfo2
FN:145,(anonymous_8)
FN:217,(anonymous_9)
FN:229,(anonymous_10)
FN:13,(anonymous_11)
FNF:12
FNH:1
FNDA:32,(anonymous_0)
FNDA:0,(anonymous_1)
FNDA:0,(anonymous_2)
FNDA:0,(anonymous_3)
FNDA:0,(anonymous_4)
FNDA:0,GetUserInfo
FNDA:0,(anonymous_6)
FNDA:0,GetUserInfo2
FNDA:0,(anonymous_8)
FNDA:0,(anonymous_9)
FNDA:0,(anonymous_10)
FNDA:0,(anonymous_11)
DA:1,288
DA:13,32
DA:21,0
DA:22,0
DA:23,0
DA:24,0
DA:25,0
DA:27,32
DA:28,0
DA:29,0
DA:30,0
DA:31,0
DA:32,0
DA:35,0
DA:36,0
DA:38,0
DA:39,0
DA:40,0
DA:41,0
DA:42,0
DA:45,0
DA:46,0
DA:49,0
DA:52,0
DA:56,0
DA:57,0
DA:60,0
DA:61,0
DA:70,0
DA:71,0
DA:72,0
DA:73,0
DA:83,0
DA:84,0
DA:85,0
DA:96,0
DA:97,0
DA:98,0
DA:112,0
DA:117,0
DA:120,0
DA:121,0
DA:122,0
DA:123,0
DA:146,0
DA:147,0
DA:148,0
DA:149,0
DA:153,0
DA:154,0
DA:164,0
DA:165,0
DA:166,0
DA:168,0
DA:179,0
DA:182,0
DA:194,0
DA:195,0
DA:218,0
DA:219,0
DA:220,0
DA:221,0
DA:229,0
DA:230,0
DA:238,0
DA:241,0
DA:250,0
DA:267,0
DA:280,0
DA:344,32
DA:346,32
LF:71
LH:5
BRDA:1,0,0,64
BRDA:1,0,1,32
BRDA:1,1,0,32
BRDA:39,2,0,0
BRDA:45,3,0,0
BRDA:56,4,0,0
BRDA:56,5,0,0
BRDA:56,5,1,0
BRDA:83,6,0,0
BRDA:86,7,0,0
BRDA:86,7,1,0
BRDA:87,8,0,0
BRDA:87,8,1,0
BRDA:90,9,0,0
BRDA:90,9,1,0
BRDA:91,10,0,0
BRDA:91,10,1,0
BRDA:92,11,0,0
BRDA:92,11,1,0
BRDA:97,12,0,0
BRDA:122,13,0,0
BRDA:122,13,1,0
BRDA:146,14,0,0
BRDA:146,14,1,0
BRDA:148,15,0,0
BRDA:164,16,0,0
BRDA:168,17,0,0
BRDA:168,17,1,0
BRDA:170,18,0,0
BRDA:170,18,1,0
BRDA:172,19,0,0
BRDA:172,19,1,0
BRDA:174,20,0,0
BRDA:174,20,1,0
BRDA:176,21,0,0
BRDA:176,21,1,0
BRDA:179,22,0,0
BRDA:179,22,1,0
BRDA:194,23,0,0
BRDA:218,24,0,0
BRDA:218,24,1,0
BRDA:220,25,0,0
BRDA:230,26,0,0
BRDA:230,26,1,0
BRDA:231,27,0,0
BRDA:231,27,1,0
BRDA:231,27,2,0
BRDA:231,27,3,0
BRDA:231,27,4,0
BRDA:267,28,0,0
BRDA:267,28,1,0
BRDA:267,29,0,0
BRDA:267,29,1,0
BRF:53
BRH:3
end_of_record
TN:
SF:src\components\DoctorsList\DoctorsList.jsx
FN:1,(anonymous_0)
FN:17,CustomTabPanel
FN:39,a11yProps
FN:46,(anonymous_3)
FN:48,GetUserInfo
FN:90,(anonymous_5)
FN:99,(anonymous_6)
FN:101,(anonymous_7)
FN:128,(anonymous_8)
FN:129,(anonymous_9)
FN:150,(anonymous_10)
FN:151,(anonymous_11)
FN:172,(anonymous_12)
FN:173,(anonymous_13)
FN:193,(anonymous_14)
FN:194,(anonymous_15)
FN:228,(anonymous_16)
FN:236,(anonymous_17)
FN:286,(anonymous_18)
FN:301,(anonymous_19)
FN:316,(anonymous_20)
FN:331,(anonymous_21)
FN:46,(anonymous_22)
FNF:23
FNH:1
FNDA:64,(anonymous_0)
FNDA:0,CustomTabPanel
FNDA:0,a11yProps
FNDA:0,(anonymous_3)
FNDA:0,GetUserInfo
FNDA:0,(anonymous_5)
FNDA:0,(anonymous_6)
FNDA:0,(anonymous_7)
FNDA:0,(anonymous_8)
FNDA:0,(anonymous_9)
FNDA:0,(anonymous_10)
FNDA:0,(anonymous_11)
FNDA:0,(anonymous_12)
FNDA:0,(anonymous_13)
FNDA:0,(anonymous_14)
FNDA:0,(anonymous_15)
FNDA:0,(anonymous_16)
FNDA:0,(anonymous_17)
FNDA:0,(anonymous_18)
FNDA:0,(anonymous_19)
FNDA:0,(anonymous_20)
FNDA:0,(anonymous_21)
FNDA:0,(anonymous_22)
DA:1,320
DA:18,0
DA:20,0
DA:31,32
DA:33,32
DA:40,0
DA:46,32
DA:47,32
DA:49,0
DA:50,0
DA:51,0
DA:52,0
DA:62,0
DA:63,0
DA:64,0
DA:75,0
DA:76,0
DA:91,0
DA:98,0
DA:99,0
DA:101,0
DA:102,0
DA:103,0
DA:106,0
DA:108,0
DA:112,0
DA:127,0
DA:128,0
DA:129,0
DA:130,0
DA:131,0
DA:139,0
DA:140,0
DA:142,0
DA:146,0
DA:149,0
DA:150,0
DA:151,0
DA:152,0
DA:153,0
DA:161,0
DA:164,0
DA:168,0
DA:171,0
DA:172,0
DA:173,0
DA:174,0
DA:175,0
DA:183,0
DA:185,0
DA:189,0
DA:192,0
DA:193,0
DA:194,0
DA:195,0
DA:196,0
DA:214,0
DA:216,0
DA:219,0
DA:222,0
DA:229,0
DA:235,0
DA:236,0
DA:237,0
DA:240,0
DA:287,0
DA:302,0
DA:317,0
DA:332,0
DA:381,32
DA:383,64
LF:71
LH:7
BRDA:1,0,0,64
BRDA:1,0,1,32
BRDA:1,1,0,32
BRDA:28,2,0,0
BRDA:28,2,1,0
BRDA:62,3,0,0
BRDA:65,4,0,0
BRDA:65,4,1,0
BRDA:66,5,0,0
BRDA:66,5,1,0
BRDA:69,6,0,0
BRDA:69,6,1,0
BRDA:70,7,0,0
BRDA:70,7,1,0
BRDA:71,8,0,0
BRDA:71,8,1,0
BRDA:75,9,0,0
BRF:17
BRH:3
end_of_record
TN:
SF:src\components\Footer\Footer.jsx
FN:1,(anonymous_0)
FN:7,(anonymous_1)
FNF:2
FNH:2
FNDA:32,(anonymous_0)
FNDA:60,(anonymous_1)
DA:1,256
DA:7,32
DA:8,60
DA:77,32
DA:79,32
LF:5
LH:5
BRDA:1,0,0,64
BRDA:1,0,1,32
BRDA:1,1,0,32
BRF:3
BRH:3
end_of_record
TN:
SF:src\components\ForgetPassword\ForgetPassword.jsx
FN:1,(anonymous_0)
FN:24,(anonymous_1)
FN:38,(anonymous_2)
FN:43,(anonymous_3)
FN:54,(anonymous_4)
FN:63,SendVerificationCode
FN:138,SubmitNewPass
FN:199,(anonymous_7)
FN:215,(anonymous_8)
FN:24,(anonymous_9)
FNF:10
FNH:1
FNDA:32,(anonymous_0)
FNDA:0,(anonymous_1)
FNDA:0,(anonymous_2)
FNDA:0,(anonymous_3)
FNDA:0,(anonymous_4)
FNDA:0,SendVerificationCode
FNDA:0,SubmitNewPass
FNDA:0,(anonymous_7)
FNDA:0,(anonymous_8)
FNDA:0,(anonymous_9)
DA:1,288
DA:24,32
DA:25,32
DA:26,0
DA:27,0
DA:28,0
DA:32,0
DA:33,0
DA:34,0
DA:35,0
DA:36,0
DA:38,0
DA:39,0
DA:40,0
DA:43,0
DA:44,0
DA:47,0
DA:49,0
DA:54,0
DA:55,0
DA:60,0
DA:64,0
DA:65,0
DA:66,0
DA:67,0
DA:79,0
DA:80,0
DA:81,0
DA:82,0
DA:83,0
DA:84,0
DA:85,0
DA:89,0
DA:90,0
DA:101,0
DA:102,0
DA:114,0
DA:115,0
DA:125,0
DA:139,0
DA:140,0
DA:141,0
DA:142,0
DA:148,0
DA:159,0
DA:171,0
DA:172,0
DA:182,0
DA:186,0
DA:199,0
DA:215,0
DA:295,32
DA:297,32
LF:53
LH:5
BRDA:1,0,0,64
BRDA:1,0,1,32
BRDA:1,1,0,32
BRDA:39,2,0,0
BRDA:39,2,1,0
BRDA:40,3,0,0
BRDA:40,3,1,0
BRDA:45,4,0,0
BRDA:45,4,1,0
BRDA:47,5,0,0
BRDA:47,5,1,0
BRDA:56,6,0,0
BRDA:56,6,1,0
BRDA:60,7,0,0
BRDA:60,7,1,0
BRDA:65,8,0,0
BRDA:65,8,1,0
BRDA:80,9,0,0
BRDA:80,10,0,0
BRDA:80,10,1,0
BRDA:101,11,0,0
BRDA:114,12,0,0
BRDA:114,12,1,0
BRDA:142,13,0,0
BRDA:142,13,1,0
BRDA:171,14,0,0
BRDA:171,14,1,0
BRDA:213,15,0,0
BRDA:213,15,1,0
BRF:29
BRH:3
end_of_record
TN:
SF:src\components\Home\Home.jsx
FN:1,(anonymous_0)
FN:11,Home
FNF:2
FNH:2
FNDA:32,(anonymous_0)
FNDA:45,Home
DA:1,256
DA:12,45
DA:24,32
DA:26,32
LF:4
LH:4
BRDA:1,0,0,64
BRDA:1,0,1,32
BRDA:1,1,0,32
BRF:3
BRH:3
end_of_record
TN:
SF:src\components\LandingPage\LandingPage.jsx
FN:1,(anonymous_0)
FN:12,(anonymous_1)
FN:30,(anonymous_2)
FN:167,(anonymous_3)
FN:12,(anonymous_4)
FNF:5
FNH:5
FNDA:32,(anonymous_0)
FNDA:18,(anonymous_1)
FNDA:2,(anonymous_2)
FNDA:2,(anonymous_3)
FNDA:6,(anonymous_4)
DA:1,288
DA:12,32
DA:13,32
DA:14,12
DA:31,2
DA:167,2
DA:175,32
DA:177,32
LF:8
LH:8
BRDA:1,0,0,64
BRDA:1,0,1,32
BRDA:1,1,0,32
BRF:3
BRH:3
end_of_record
TN:
SF:src\components\LoginSignUp\IsValidEmail.jsx
FN:1,(anonymous_0)
FNF:1
FNH:1
FNDA:36,(anonymous_0)
DA:1,256
DA:2,4
DA:3,32
LF:3
LH:3
BRDA:1,0,0,64
BRDA:1,0,1,32
BRDA:1,1,0,32
BRF:3
BRH:3
end_of_record
TN:
SF:src\components\LoginSignUp\LoginSignUp.jsx
FN:1,(anonymous_0)
FN:21,(anonymous_1)
FN:43,(anonymous_2)
FN:48,(anonymous_3)
FN:52,(anonymous_4)
FN:57,(anonymous_5)
FN:64,(anonymous_6)
FN:76,(anonymous_7)
FN:89,handleChange
FN:111,ResendCode
FN:144,isDoctor
FN:148,isDoctor
FN:152,handleLoginEnter
FN:249,(anonymous_13)
FN:307,handleSignupEnter
FN:479,(anonymous_15)
FN:607,(anonymous_16)
FN:718,(anonymous_17)
FN:21,(anonymous_18)
FNF:19
FNH:5
FNDA:32,(anonymous_0)
FNDA:32,(anonymous_1)
FNDA:0,(anonymous_2)
FNDA:0,(anonymous_3)
FNDA:0,(anonymous_4)
FNDA:0,(anonymous_5)
FNDA:0,(anonymous_6)
FNDA:0,(anonymous_7)
FNDA:76,handleChange
FNDA:0,ResendCode
FNDA:0,isDoctor
FNDA:0,isDoctor
FNDA:4,handleLoginEnter
FNDA:0,(anonymous_13)
FNDA:0,handleSignupEnter
FNDA:0,(anonymous_15)
FNDA:0,(anonymous_16)
FNDA:0,(anonymous_17)
FNDA:4,(anonymous_18)
DA:1,288
DA:21,32
DA:22,32
DA:23,32
DA:24,28
DA:26,28
DA:27,28
DA:32,28
DA:33,28
DA:34,28
DA:35,28
DA:36,28
DA:37,28
DA:38,28
DA:41,28
DA:43,28
DA:44,0
DA:45,0
DA:48,28
DA:49,0
DA:52,28
DA:53,0
DA:54,0
DA:57,28
DA:58,0
DA:61,0
DA:64,28
DA:65,0
DA:66,0
DA:67,0
DA:68,0
DA:69,0
DA:70,0
DA:71,0
DA:72,0
DA:73,0
DA:76,28
DA:77,0
DA:78,0
DA:79,0
DA:80,0
DA:81,0
DA:82,0
DA:83,0
DA:84,0
DA:85,0
DA:86,0
DA:90,76
DA:92,28
DA:100,28
DA:112,0
DA:113,0
DA:126,0
DA:131,0
DA:132,0
DA:133,0
DA:139,0
DA:140,0
DA:145,0
DA:146,0
DA:149,0
DA:150,0
DA:153,4
DA:154,4
DA:155,4
DA:156,4
DA:164,4
DA:165,1
DA:167,4
DA:168,1
DA:170,4
DA:171,2
DA:173,4
DA:174,0
DA:176,4
DA:177,0
DA:180,4
DA:186,4
DA:192,2
DA:194,2
DA:195,2
DA:196,2
DA:197,2
DA:210,0
DA:211,0
DA:212,0
DA:215,0
DA:216,0
DA:217,0
DA:218,0
DA:221,0
DA:222,0
DA:223,0
DA:224,0
DA:225,0
DA:226,0
DA:227,0
DA:228,0
DA:231,0
DA:232,0
DA:233,0
DA:234,0
DA:237,0
DA:250,0
DA:254,0
DA:255,0
DA:256,0
DA:260,0
DA:262,0
DA:266,0
DA:268,0
DA:272,0
DA:274,0
DA:278,0
DA:282,0
DA:283,0
DA:287,0
DA:291,0
DA:292,0
DA:293,0
DA:300,0
DA:302,0
DA:308,0
DA:309,0
DA:310,0
DA:311,0
DA:313,0
DA:324,0
DA:325,0
DA:327,0
DA:328,0
DA:330,0
DA:331,0
DA:333,0
DA:334,0
DA:336,0
DA:337,0
DA:339,0
DA:340,0
DA:342,0
DA:347,0
DA:350,0
DA:357,0
DA:364,0
DA:367,0
DA:368,0
DA:369,0
DA:371,0
DA:387,0
DA:388,0
DA:392,0
DA:395,0
DA:400,0
DA:401,0
DA:402,0
DA:403,0
DA:404,0
DA:409,0
DA:410,0
DA:412,0
DA:413,0
DA:414,0
DA:415,0
DA:417,0
DA:418,0
DA:421,0
DA:426,0
DA:427,0
DA:428,0
DA:432,0
DA:434,0
DA:438,0
DA:443,0
DA:445,0
DA:449,0
DA:453,0
DA:454,0
DA:458,0
DA:462,0
DA:463,0
DA:468,0
DA:472,0
DA:473,0
DA:474,0
DA:479,28
DA:480,0
DA:492,28
DA:607,0
DA:718,0
DA:733,32
DA:735,32
LF:191
LH:47
BRDA:1,0,0,64
BRDA:1,0,1,32
BRDA:1,1,0,32
BRDA:24,2,0,28
BRDA:24,2,1,28
BRDA:53,3,0,0
BRDA:53,3,1,0
BRDA:54,4,0,0
BRDA:54,4,1,0
BRDA:59,5,0,0
BRDA:59,5,1,0
BRDA:61,6,0,0
BRDA:61,6,1,0
BRDA:132,7,0,0
BRDA:132,8,0,0
BRDA:132,8,1,0
BRDA:139,9,0,0
BRDA:164,10,0,1
BRDA:167,11,0,1
BRDA:167,12,0,4
BRDA:167,12,1,2
BRDA:170,13,0,2
BRDA:173,14,0,0
BRDA:173,15,0,4
BRDA:173,15,1,2
BRDA:176,16,0,0
BRDA:186,17,0,2
BRDA:187,18,0,4
BRDA:187,18,1,4
BRDA:187,18,2,4
BRDA:187,18,3,2
BRDA:215,19,0,0
BRDA:215,19,1,0
BRDA:225,20,0,0
BRDA:254,21,0,0
BRDA:254,21,1,0
BRDA:256,22,0,0
BRDA:257,23,0,0
BRDA:257,23,1,0
BRDA:268,24,0,0
BRDA:268,24,1,0
BRDA:269,25,0,0
BRDA:269,25,1,0
BRDA:278,26,0,0
BRDA:278,26,1,0
BRDA:279,27,0,0
BRDA:279,27,1,0
BRDA:287,28,0,0
BRDA:288,29,0,0
BRDA:288,29,1,0
BRDA:324,30,0,0
BRDA:327,31,0,0
BRDA:327,32,0,0
BRDA:327,32,1,0
BRDA:330,33,0,0
BRDA:333,34,0,0
BRDA:333,35,0,0
BRDA:333,35,1,0
BRDA:336,36,0,0
BRDA:339,37,0,0
BRDA:342,38,0,0
BRDA:343,39,0,0
BRDA:343,39,1,0
BRDA:343,39,2,0
BRDA:357,40,0,0
BRDA:358,41,0,0
BRDA:358,41,1,0
BRDA:358,41,2,0
BRDA:358,41,3,0
BRDA:358,41,4,0
BRDA:392,42,0,0
BRDA:392,42,1,0
BRDA:400,43,0,0
BRDA:426,44,0,0
BRDA:426,44,1,0
BRDA:428,45,0,0
BRDA:428,45,1,0
BRDA:429,46,0,0
BRDA:429,46,1,0
BRDA:438,47,0,0
BRDA:438,47,1,0
BRDA:439,48,0,0
BRDA:439,48,1,0
BRDA:449,49,0,0
BRDA:449,49,1,0
BRDA:450,50,0,0
BRDA:450,50,1,0
BRDA:458,51,0,0
BRDA:458,51,1,0
BRDA:459,52,0,0
BRDA:459,52,1,0
BRDA:557,53,0,28
BRDA:557,53,1,4
BRDA:582,54,0,28
BRDA:582,54,1,4
BRDA:600,55,0,28
BRDA:600,55,1,0
BRDA:635,56,0,28
BRDA:635,56,1,4
BRDA:660,57,0,28
BRDA:660,57,1,4
BRDA:686,58,0,28
BRDA:686,58,1,0
BRF:103
BRH:27
end_of_record
TN:
SF:src\components\MedicalInfoModal\MedicalInfoModal.jsx
FN:1,(anonymous_0)
FN:20,MedicalInfoModal
FN:45,(anonymous_2)
FN:46,(anonymous_3)
FN:48,(anonymous_4)
FN:59,(anonymous_5)
FN:64,(anonymous_6)
FN:68,(anonymous_7)
FN:72,(anonymous_8)
FN:73,(anonymous_9)
FN:77,(anonymous_10)
FN:78,(anonymous_11)
FN:82,DateString
FN:89,(anonymous_13)
FN:122,(anonymous_14)
FN:140,(anonymous_15)
FN:163,(anonymous_16)
FN:175,(anonymous_17)
FN:184,(anonymous_18)
FN:232,(anonymous_19)
FN:237,CreateReservation
FN:326,(anonymous_21)
FN:361,(anonymous_22)
FN:408,(anonymous_23)
FN:422,(anonymous_24)
FN:452,(anonymous_25)
FN:489,(anonymous_26)
FN:501,(anonymous_27)
FN:569,(anonymous_28)
FN:614,(anonymous_29)
FN:662,(anonymous_30)
FN:680,(anonymous_31)
FN:717,(anonymous_32)
FN:760,(anonymous_33)
FN:801,(anonymous_34)
FN:826,(anonymous_35)
FNF:36
FNH:1
FNDA:32,(anonymous_0)
FNDA:0,MedicalInfoModal
FNDA:0,(anonymous_2)
FNDA:0,(anonymous_3)
FNDA:0,(anonymous_4)
FNDA:0,(anonymous_5)
FNDA:0,(anonymous_6)
FNDA:0,(anonymous_7)
FNDA:0,(anonymous_8)
FNDA:0,(anonymous_9)
FNDA:0,(anonymous_10)
FNDA:0,(anonymous_11)
FNDA:0,DateString
FNDA:0,(anonymous_13)
FNDA:0,(anonymous_14)
FNDA:0,(anonymous_15)
FNDA:0,(anonymous_16)
FNDA:0,(anonymous_17)
FNDA:0,(anonymous_18)
FNDA:0,(anonymous_19)
FNDA:0,CreateReservation
FNDA:0,(anonymous_21)
FNDA:0,(anonymous_22)
FNDA:0,(anonymous_23)
FNDA:0,(anonymous_24)
FNDA:0,(anonymous_25)
FNDA:0,(anonymous_26)
FNDA:0,(anonymous_27)
FNDA:0,(anonymous_28)
FNDA:0,(anonymous_29)
FNDA:0,(anonymous_30)
FNDA:0,(anonymous_31)
FNDA:0,(anonymous_32)
FNDA:0,(anonymous_33)
FNDA:0,(anonymous_34)
FNDA:0,(anonymous_35)
DA:1,256
DA:20,32
DA:29,0
DA:30,0
DA:31,0
DA:32,0
DA:33,0
DA:34,0
DA:35,0
DA:36,0
DA:45,0
DA:46,0
DA:48,0
DA:49,0
DA:59,0
DA:60,0
DA:61,0
DA:64,0
DA:65,0
DA:68,0
DA:69,0
DA:72,0
DA:73,0
DA:77,0
DA:78,0
DA:83,0
DA:84,0
DA:85,0
DA:86,0
DA:87,0
DA:89,0
DA:90,0
DA:92,0
DA:94,0
DA:95,0
DA:97,0
DA:98,0
DA:99,0
DA:100,0
DA:101,0
DA:102,0
DA:106,0
DA:107,0
DA:110,0
DA:111,0
DA:114,0
DA:115,0
DA:118,0
DA:119,0
DA:121,0
DA:122,0
DA:123,0
DA:128,0
DA:131,0
DA:132,0
DA:133,0
DA:134,0
DA:140,0
DA:141,0
DA:143,0
DA:144,0
DA:146,0
DA:147,0
DA:149,0
DA:150,0
DA:152,0
DA:153,0
DA:154,0
DA:157,0
DA:158,0
DA:162,0
DA:163,0
DA:164,0
DA:169,0
DA:171,0
DA:175,0
DA:176,0
DA:177,0
DA:179,0
DA:184,0
DA:194,0
DA:195,0
DA:196,0
DA:200,0
DA:201,0
DA:210,0
DA:211,0
DA:212,0
DA:213,0
DA:214,0
DA:215,0
DA:216,0
DA:217,0
DA:220,0
DA:232,0
DA:233,0
DA:234,0
DA:238,0
DA:239,0
DA:240,0
DA:241,0
DA:242,0
DA:243,0
DA:256,0
DA:258,0
DA:259,0
DA:260,0
DA:261,0
DA:272,0
DA:273,0
DA:286,0
DA:327,0
DA:328,0
DA:362,0
DA:363,0
DA:409,0
DA:410,0
DA:423,0
DA:424,0
DA:453,0
DA:454,0
DA:489,0
DA:501,0
DA:570,0
DA:574,0
DA:615,0
DA:619,0
DA:663,0
DA:667,0
DA:681,0
DA:685,0
DA:718,0
DA:722,0
DA:761,0
DA:765,0
DA:802,0
DA:806,0
DA:826,0
DA:835,32
DA:837,32
LF:140
LH:4
BRDA:1,0,0,32
BRDA:1,0,1,0
BRDA:1,1,0,32
BRDA:1,2,0,32
BRDA:1,2,1,32
BRDA:73,3,0,0
BRDA:73,3,1,0
BRDA:78,4,0,0
BRDA:78,4,1,0
BRDA:85,5,0,0
BRDA:85,5,1,0
BRDA:86,6,0,0
BRDA:86,6,1,0
BRDA:94,7,0,0
BRDA:94,7,1,0
BRDA:99,8,0,0
BRDA:99,8,1,0
BRDA:101,9,0,0
BRDA:106,10,0,0
BRDA:110,11,0,0
BRDA:114,12,0,0
BRDA:118,13,0,0
BRDA:118,14,0,0
BRDA:118,14,1,0
BRDA:121,15,0,0
BRDA:143,16,0,0
BRDA:143,17,0,0
BRDA:143,17,1,0
BRDA:143,17,2,0
BRDA:143,17,3,0
BRDA:146,18,0,0
BRDA:149,19,0,0
BRDA:153,20,0,0
BRDA:153,21,0,0
BRDA:153,21,1,0
BRDA:157,22,0,0
BRDA:157,23,0,0
BRDA:157,23,1,0
BRDA:162,24,0,0
BRDA:177,25,0,0
BRDA:188,26,0,0
BRDA:188,26,1,0
BRDA:189,27,0,0
BRDA:189,27,1,0
BRDA:190,28,0,0
BRDA:190,28,1,0
BRDA:200,29,0,0
BRDA:200,30,0,0
BRDA:200,30,1,0
BRDA:258,31,0,0
BRDA:258,32,0,0
BRDA:258,32,1,0
BRDA:325,33,0,0
BRDA:325,33,1,0
BRDA:360,34,0,0
BRDA:360,34,1,0
BRDA:451,35,0,0
BRDA:451,35,1,0
BRDA:613,36,0,0
BRDA:613,36,1,0
BRDA:692,37,0,0
BRDA:692,37,1,0
BRDA:692,37,2,0
BRF:63
BRH:4
end_of_record
TN:
SF:src\components\Patient_Panel\Patient_History.jsx
FN:1,(anonymous_0)
FN:9,toPersianDigits
FN:11,(anonymous_2)
FN:14,(anonymous_3)
FN:37,(anonymous_4)
FNF:5
FNH:1
FNDA:32,(anonymous_0)
FNDA:0,toPersianDigits
FNDA:0,(anonymous_2)
FNDA:0,(anonymous_3)
FNDA:0,(anonymous_4)
DA:1,256
DA:10,0
DA:11,0
DA:14,32
DA:15,0
DA:16,0
DA:17,0
DA:18,0
DA:19,0
DA:22,0
DA:38,0
DA:122,32
DA:123,32
LF:13
LH:4
BRDA:1,0,0,64
BRDA:1,0,1,32
BRDA:1,1,0,32
BRDA:29,2,0,0
BRDA:29,2,1,0
BRDA:49,3,0,0
BRDA:49,3,1,0
BRDA:83,4,0,0
BRDA:83,4,1,0
BRDA:97,5,0,0
BRDA:97,5,1,0
BRF:11
BRH:3
end_of_record
TN:
SF:src\components\Patient_Panel\Patient_Info.jsx
FN:1,(anonymous_0)
FN:14,toPersianDigits
FN:16,(anonymous_2)
FN:19,(anonymous_3)
FN:19,(anonymous_4)
FNF:5
FNH:1
FNDA:32,(anonymous_0)
FNDA:0,toPersianDigits
FNDA:0,(anonymous_2)
FNDA:0,(anonymous_3)
FNDA:0,(anonymous_4)
DA:1,288
DA:15,0
DA:16,0
DA:19,32
DA:26,0
DA:27,32
DA:29,0
DA:111,32
DA:113,32
LF:9
LH:5
BRDA:1,0,0,64
BRDA:1,0,1,32
BRDA:1,1,0,32
BRDA:46,2,0,0
BRDA:46,2,1,0
BRDA:48,3,0,0
BRDA:48,3,1,0
BRDA:102,4,0,0
BRDA:102,4,1,0
BRF:9
BRH:3
end_of_record
TN:
SF:src\components\Patient_Panel\Patient_Panel.jsx
FN:1,(anonymous_0)
FN:15,(anonymous_1)
FN:32,GetHealthInfo
FN:72,(anonymous_3)
FN:75,(anonymous_4)
FN:94,(anonymous_5)
FN:97,(anonymous_6)
FN:111,(anonymous_7)
FN:114,(anonymous_8)
FN:126,(anonymous_9)
FN:133,(anonymous_10)
FN:140,(anonymous_11)
FN:15,(anonymous_12)
FNF:13
FNH:1
FNDA:32,(anonymous_0)
FNDA:0,(anonymous_1)
FNDA:0,GetHealthInfo
FNDA:0,(anonymous_3)
FNDA:0,(anonymous_4)
FNDA:0,(anonymous_5)
FNDA:0,(anonymous_6)
FNDA:0,(anonymous_7)
FNDA:0,(anonymous_8)
FNDA:0,(anonymous_9)
FNDA:0,(anonymous_10)
FNDA:0,(anonymous_11)
FNDA:0,(anonymous_12)
DA:1,288
DA:15,32
DA:16,0
DA:17,32
DA:18,0
DA:19,0
DA:20,0
DA:21,0
DA:33,0
DA:34,0
DA:35,0
DA:45,0
DA:46,0
DA:47,0
DA:59,0
DA:60,0
DA:73,0
DA:75,0
DA:77,0
DA:78,0
DA:82,0
DA:95,0
DA:97,0
DA:98,0
DA:99,0
DA:112,0
DA:114,0
DA:118,0
DA:126,0
DA:133,0
DA:140,0
DA:176,32
DA:177,32
LF:33
LH:5
BRDA:1,0,0,64
BRDA:1,0,1,32
BRDA:1,1,0,32
BRDA:45,2,0,0
BRDA:45,3,0,0
BRDA:45,3,1,0
BRDA:59,4,0,0
BRDA:77,5,0,0
BRDA:78,6,0,0
BRDA:98,7,0,0
BRDA:127,8,0,0
BRDA:127,8,1,0
BRDA:134,9,0,0
BRDA:134,9,1,0
BRDA:141,10,0,0
BRDA:141,10,1,0
BRDA:152,11,0,0
BRDA:152,11,1,0
BRDA:161,12,0,0
BRDA:161,12,1,0
BRF:20
BRH:3
end_of_record
TN:
SF:src\components\Patient_Panel\Patient_Results.jsx
FN:1,(anonymous_0)
FN:44,toPersianDigits
FN:46,(anonymous_2)
FN:49,(anonymous_3)
FN:49,(anonymous_4)
FNF:5
FNH:1
FNDA:32,(anonymous_0)
FNDA:0,toPersianDigits
FNDA:0,(anonymous_2)
FNDA:0,(anonymous_3)
FNDA:0,(anonymous_4)
DA:1,288
DA:45,0
DA:46,0
DA:49,32
DA:50,32
DA:51,0
DA:205,32
DA:206,32
LF:8
LH:5
BRDA:1,0,0,64
BRDA:1,0,1,32
BRDA:1,1,0,32
BRDA:62,2,0,0
BRDA:62,2,1,0
BRDA:92,3,0,0
BRDA:92,3,1,0
BRDA:98,4,0,0
BRDA:98,4,1,0
BRDA:99,5,0,0
BRDA:99,5,1,0
BRDA:102,6,0,0
BRDA:102,6,1,0
BRDA:103,7,0,0
BRDA:103,7,1,0
BRDA:106,8,0,0
BRDA:106,8,1,0
BRDA:107,9,0,0
BRDA:107,9,1,0
BRDA:110,10,0,0
BRDA:110,10,1,0
BRDA:111,11,0,0
BRDA:111,11,1,0
BRDA:114,12,0,0
BRDA:114,12,1,0
BRDA:115,13,0,0
BRDA:115,13,1,0
BRDA:118,14,0,0
BRDA:118,14,1,0
BRDA:119,15,0,0
BRDA:119,15,1,0
BRDA:122,16,0,0
BRDA:122,16,1,0
BRDA:123,17,0,0
BRDA:123,17,1,0
BRDA:126,18,0,0
BRDA:126,18,1,0
BRDA:127,19,0,0
BRDA:127,19,1,0
BRDA:130,20,0,0
BRDA:130,20,1,0
BRDA:131,21,0,0
BRDA:131,21,1,0
BRDA:134,22,0,0
BRDA:134,22,1,0
BRDA:135,23,0,0
BRDA:135,23,1,0
BRDA:138,24,0,0
BRDA:138,24,1,0
BRDA:139,25,0,0
BRDA:139,25,1,0
BRDA:142,26,0,0
BRDA:142,26,1,0
BRDA:143,27,0,0
BRDA:143,27,1,0
BRDA:146,28,0,0
BRDA:146,28,1,0
BRDA:147,29,0,0
BRDA:147,29,1,0
BRDA:150,30,0,0
BRDA:150,30,1,0
BRDA:151,31,0,0
BRDA:151,31,1,0
BRDA:154,32,0,0
BRDA:154,32,1,0
BRDA:155,33,0,0
BRDA:155,33,1,0
BRDA:158,34,0,0
BRDA:158,34,1,0
BRDA:159,35,0,0
BRDA:159,35,1,0
BRDA:164,36,0,0
BRDA:164,36,1,0
BRDA:166,37,0,0
BRDA:166,37,1,0
BRDA:168,38,0,0
BRDA:168,38,1,0
BRDA:170,39,0,0
BRDA:170,39,1,0
BRDA:172,40,0,0
BRDA:172,40,1,0
BRDA:174,41,0,0
BRDA:174,41,1,0
BRDA:176,42,0,0
BRDA:176,42,1,0
BRDA:178,43,0,0
BRDA:178,43,1,0
BRDA:180,44,0,0
BRDA:180,44,1,0
BRDA:182,45,0,0
BRDA:182,45,1,0
BRDA:184,46,0,0
BRDA:184,46,1,0
BRDA:186,47,0,0
BRDA:186,47,1,0
BRDA:188,48,0,0
BRDA:188,48,1,0
BRDA:190,49,0,0
BRDA:190,49,1,0
BRDA:192,50,0,0
BRDA:192,50,1,0
BRDA:194,51,0,0
BRDA:194,51,1,0
BRF:103
BRH:3
end_of_record
TN:
SF:src\components\RatingDoctor\Comments.jsx
FN:1,(anonymous_0)
FN:13,Comments
FN:14,(anonymous_2)
FN:28,(anonymous_3)
FN:31,(anonymous_4)
FN:36,(anonymous_5)
FN:42,(anonymous_6)
FN:65,(anonymous_7)
FNF:8
FNH:1
FNDA:32,(anonymous_0)
FNDA:0,Comments
FNDA:0,(anonymous_2)
FNDA:0,(anonymous_3)
FNDA:0,(anonymous_4)
FNDA:0,(anonymous_5)
FNDA:0,(anonymous_6)
FNDA:0,(anonymous_7)
DA:1,256
DA:13,32
DA:14,0
DA:15,0
DA:28,0
DA:31,0
DA:32,0
DA:36,0
DA:38,0
DA:43,0
DA:88,32
LF:11
LH:3
BRDA:1,0,0,64
BRDA:1,0,1,32
BRDA:1,1,0,32
BRDA:28,2,0,0
BRDA:28,2,1,0
BRF:5
BRH:3
end_of_record
TN:
SF:src\components\RatingDoctor\Rating&InfoModal.jsx
FN:1,(anonymous_0)
FN:16,(anonymous_1)
FN:42,(anonymous_2)
FN:74,getRatings
FN:94,(anonymous_4)
FN:95,(anonymous_5)
FN:116,sendRating
FN:199,(anonymous_7)
FN:200,(anonymous_8)
FN:216,(anonymous_9)
FN:220,(anonymous_10)
FN:224,(anonymous_11)
FN:232,(anonymous_12)
FN:269,(anonymous_13)
FN:281,(anonymous_14)
FN:318,(anonymous_15)
FN:334,(anonymous_16)
FNF:17
FNH:1
FNDA:32,(anonymous_0)
FNDA:0,(anonymous_1)
FNDA:0,(anonymous_2)
FNDA:0,getRatings
FNDA:0,(anonymous_4)
FNDA:0,(anonymous_5)
FNDA:0,sendRating
FNDA:0,(anonymous_7)
FNDA:0,(anonymous_8)
FNDA:0,(anonymous_9)
FNDA:0,(anonymous_10)
FNDA:0,(anonymous_11)
FNDA:0,(anonymous_12)
FNDA:0,(anonymous_13)
FNDA:0,(anonymous_14)
FNDA:0,(anonymous_15)
FNDA:0,(anonymous_16)
DA:1,256
DA:16,32
DA:23,0
DA:24,0
DA:25,0
DA:26,0
DA:27,0
DA:28,0
DA:29,0
DA:30,0
DA:31,0
DA:32,0
DA:33,0
DA:34,0
DA:35,0
DA:37,0
DA:40,0
DA:42,0
DA:43,0
DA:44,0
DA:45,0
DA:46,0
DA:54,0
DA:55,0
DA:56,0
DA:57,0
DA:58,0
DA:59,0
DA:60,0
DA:61,0
DA:64,0
DA:65,0
DA:70,0
DA:75,0
DA:76,0
DA:77,0
DA:90,0
DA:91,0
DA:92,0
DA:93,0
DA:94,0
DA:95,0
DA:96,0
DA:104,0
DA:107,0
DA:111,0
DA:117,0
DA:118,0
DA:119,0
DA:132,0
DA:133,0
DA:136,0
DA:147,0
DA:148,0
DA:149,0
DA:150,0
DA:160,0
DA:162,0
DA:163,0
DA:173,0
DA:174,0
DA:185,0
DA:199,0
DA:200,0
DA:201,0
DA:202,0
DA:203,0
DA:205,0
DA:207,0
DA:211,0
DA:212,0
DA:216,0
DA:217,0
DA:220,0
DA:221,0
DA:224,0
DA:227,0
DA:232,0
DA:270,0
DA:271,0
DA:272,0
DA:273,0
DA:282,0
DA:283,0
DA:284,0
DA:285,0
DA:318,0
DA:334,0
DA:546,32
DA:547,32
LF:90
LH:4
BRDA:1,0,0,32
BRDA:1,0,1,0
BRDA:1,1,0,32
BRDA:1,2,0,32
BRDA:1,2,1,32
BRDA:54,3,0,0
BRDA:91,4,0,0
BRDA:91,5,0,0
BRDA:91,5,1,0
BRDA:92,6,0,0
BRDA:92,6,1,0
BRDA:93,7,0,0
BRDA:93,8,0,0
BRDA:93,8,1,0
BRDA:132,9,0,0
BRDA:132,10,0,0
BRDA:132,10,1,0
BRDA:149,11,0,0
BRDA:162,12,0,0
BRDA:162,12,1,0
BRDA:173,13,0,0
BRDA:173,13,1,0
BRDA:211,14,0,0
BRDA:224,15,0,0
BRDA:224,15,1,0
BRDA:260,16,0,0
BRDA:260,16,1,0
BRDA:296,17,0,0
BRDA:296,17,1,0
BRDA:321,18,0,0
BRDA:321,18,1,0
BRDA:337,19,0,0
BRDA:337,19,1,0
BRDA:352,20,0,0
BRDA:352,20,1,0
BRDA:413,21,0,0
BRDA:413,21,1,0
BRDA:521,22,0,0
BRDA:521,22,1,0
BRF:39
BRH:4
end_of_record
TN:
SF:src\components\RatingDoctor\Stars.jsx
FN:1,(anonymous_0)
FN:9,Stars
FN:18,(anonymous_2)
FN:28,(anonymous_3)
FN:49,(anonymous_4)
FNF:5
FNH:1
FNDA:32,(anonymous_0)
FNDA:0,Stars
FNDA:0,(anonymous_2)
FNDA:0,(anonymous_3)
FNDA:0,(anonymous_4)
DA:1,256
DA:4,32
DA:5,32
DA:6,32
DA:7,32
DA:9,32
DA:18,0
DA:19,0
DA:20,0
DA:24,0
DA:26,0
DA:29,0
DA:31,0
DA:33,0
DA:34,0
DA:36,0
DA:39,0
DA:49,0
DA:57,32
LF:19
LH:7
BRDA:1,0,0,64
BRDA:1,0,1,32
BRDA:1,1,0,32
BRDA:16,2,0,0
BRDA:19,3,0,0
BRDA:19,4,0,0
BRDA:19,4,1,0
BRDA:24,5,0,0
BRDA:24,5,1,0
BRDA:24,6,0,0
BRDA:24,6,1,0
BRDA:33,7,0,0
BRDA:33,7,1,0
BRDA:34,8,0,0
BRDA:34,8,1,0
BRDA:44,9,0,0
BRDA:44,9,1,0
BRDA:46,10,0,0
BRDA:46,10,1,0
BRDA:47,11,0,0
BRDA:47,11,1,0
BRDA:51,12,0,0
BRDA:51,12,1,0
BRF:23
BRH:3
end_of_record
TN:
SF:src\components\Recommendation\Recommendation.jsx
FN:1,(anonymous_0)
FN:8,(anonymous_1)
FN:76,(anonymous_2)
FN:8,(anonymous_3)
FNF:4
FNH:3
FNDA:32,(anonymous_0)
FNDA:30,(anonymous_1)
FNDA:0,(anonymous_2)
FNDA:15,(anonymous_3)
DA:1,288
DA:8,32
DA:9,32
DA:10,30
DA:77,0
DA:87,32
DA:89,32
LF:7
LH:6
BRDA:1,0,0,64
BRDA:1,0,1,32
BRDA:1,1,0,32
BRF:3
BRH:3
end_of_record
TN:
SF:src\components\RecommendationPage\Doctor_Questions_Recommendation.jsx
FNF:0
FNH:0
DA:1,32
LF:1
LH:1
BRF:0
BRH:0
end_of_record
TN:
SF:src\components\RecommendationPage\Patient_Questions_Recommendation.jsx
FNF:0
FNH:0
DA:1,32
LF:1
LH:1
BRF:0
BRH:0
end_of_record
TN:
SF:src\components\RecommendationPage\RecommendationPage.jsx
FN:1,(anonymous_0)
FN:17,(anonymous_1)
FN:33,(anonymous_2)
FN:40,(anonymous_3)
FN:45,(anonymous_4)
FN:54,(anonymous_5)
FN:103,(anonymous_6)
FN:191,(anonymous_7)
FN:193,(anonymous_8)
FN:197,(anonymous_9)
FN:233,(anonymous_10)
FN:284,(anonymous_11)
FN:299,(anonymous_12)
FN:310,(anonymous_13)
FN:313,(anonymous_14)
FN:315,(anonymous_15)
FN:322,(anonymous_16)
FN:327,(anonymous_17)
FN:329,(anonymous_18)
FN:334,(anonymous_19)
FN:336,(anonymous_20)
FN:347,(anonymous_21)
FN:365,(anonymous_22)
FN:385,(anonymous_23)
FN:393,(anonymous_24)
FN:622,(anonymous_25)
FN:17,(anonymous_26)
FNF:27
FNH:1
FNDA:32,(anonymous_0)
FNDA:0,(anonymous_1)
FNDA:0,(anonymous_2)
FNDA:0,(anonymous_3)
FNDA:0,(anonymous_4)
FNDA:0,(anonymous_5)
FNDA:0,(anonymous_6)
FNDA:0,(anonymous_7)
FNDA:0,(anonymous_8)
FNDA:0,(anonymous_9)
FNDA:0,(anonymous_10)
FNDA:0,(anonymous_11)
FNDA:0,(anonymous_12)
FNDA:0,(anonymous_13)
FNDA:0,(anonymous_14)
FNDA:0,(anonymous_15)
FNDA:0,(anonymous_16)
FNDA:0,(anonymous_17)
FNDA:0,(anonymous_18)
FNDA:0,(anonymous_19)
FNDA:0,(anonymous_20)
FNDA:0,(anonymous_21)
FNDA:0,(anonymous_22)
FNDA:0,(anonymous_23)
FNDA:0,(anonymous_24)
FNDA:0,(anonymous_25)
FNDA:0,(anonymous_26)
DA:1,256
DA:17,32
DA:18,32
DA:19,0
DA:20,0
DA:23,0
DA:25,0
DA:26,0
DA:29,0
DA:30,0
DA:31,0
DA:33,0
DA:34,0
DA:35,0
DA:36,0
DA:38,0
DA:39,0
DA:40,0
DA:45,0
DA:51,0
DA:52,0
DA:54,0
DA:55,0
DA:58,0
DA:59,0
DA:81,0
DA:100,0
DA:101,0
DA:103,0
DA:104,0
DA:105,0
DA:106,0
DA:107,0
DA:117,0
DA:118,0
DA:119,0
DA:128,0
DA:137,0
DA:140,0
DA:141,0
DA:142,0
DA:150,0
DA:151,0
DA:152,0
DA:154,0
DA:155,0
DA:167,0
DA:178,0
DA:179,0
DA:191,0
DA:192,0
DA:193,0
DA:197,0
DA:198,0
DA:206,0
DA:216,0
DA:222,0
DA:232,0
DA:233,0
DA:235,0
DA:236,0
DA:237,0
DA:238,0
DA:239,0
DA:241,0
DA:242,0
DA:244,0
DA:245,0
DA:247,0
DA:248,0
DA:250,0
DA:251,0
DA:253,0
DA:254,0
DA:256,0
DA:257,0
DA:260,0
DA:261,0
DA:263,0
DA:264,0
DA:266,0
DA:267,0
DA:269,0
DA:270,0
DA:272,0
DA:275,0
DA:276,0
DA:277,0
DA:278,0
DA:284,0
DA:285,0
DA:286,0
DA:291,0
DA:292,0
DA:293,0
DA:294,0
DA:295,0
DA:296,0
DA:298,0
DA:299,0
DA:303,0
DA:306,0
DA:307,0
DA:309,0
DA:310,0
DA:314,0
DA:315,0
DA:317,0
DA:322,0
DA:328,0
DA:329,0
DA:331,0
DA:335,0
DA:336,0
DA:338,0
DA:347,0
DA:348,0
DA:366,0
DA:372,0
DA:386,0
DA:393,0
DA:623,0
DA:670,32
DA:672,32
LF:124
LH:5
BRDA:1,0,0,32
BRDA:1,0,1,0
BRDA:1,1,0,32
BRDA:1,2,0,32
BRDA:1,2,1,32
BRDA:20,3,0,0
BRDA:20,3,1,0
BRDA:39,4,0,0
BRDA:39,4,1,0
BRDA:106,5,0,0
BRDA:106,5,1,0
BRDA:109,6,0,0
BRDA:109,6,1,0
BRDA:117,7,0,0
BRDA:117,7,1,0
BRDA:118,8,0,0
BRDA:118,8,1,0
BRDA:151,9,0,0
BRDA:151,9,1,0
BRDA:178,10,0,0
BRDA:178,10,1,0
BRDA:192,11,0,0
BRDA:198,12,0,0
BRDA:198,13,0,0
BRDA:198,13,1,0
BRDA:198,13,2,0
BRDA:200,14,0,0
BRDA:200,14,1,0
BRDA:200,14,2,0
BRDA:200,14,3,0
BRDA:200,14,4,0
BRDA:200,14,5,0
BRDA:200,14,6,0
BRDA:200,14,7,0
BRDA:200,14,8,0
BRDA:200,14,9,0
BRDA:200,14,10,0
BRDA:200,14,11,0
BRDA:216,15,0,0
BRDA:216,15,1,0
BRDA:216,16,0,0
BRDA:216,16,1,0
BRDA:216,16,2,0
BRDA:218,17,0,0
BRDA:218,17,1,0
BRDA:218,17,2,0
BRDA:218,17,3,0
BRDA:218,17,4,0
BRDA:218,17,5,0
BRDA:232,18,0,0
BRDA:232,18,1,0
BRDA:237,19,0,0
BRDA:237,19,1,0
BRDA:241,20,0,0
BRDA:241,21,0,0
BRDA:241,21,1,0
BRDA:244,22,0,0
BRDA:244,23,0,0
BRDA:244,23,1,0
BRDA:244,23,2,0
BRDA:247,24,0,0
BRDA:247,25,0,0
BRDA:247,25,1,0
BRDA:247,25,2,0
BRDA:250,26,0,0
BRDA:250,27,0,0
BRDA:250,27,1,0
BRDA:253,28,0,0
BRDA:253,29,0,0
BRDA:253,29,1,0
BRDA:256,30,0,0
BRDA:256,31,0,0
BRDA:256,31,1,0
BRDA:260,32,0,0
BRDA:260,33,0,0
BRDA:260,33,1,0
BRDA:263,34,0,0
BRDA:263,35,0,0
BRDA:263,35,1,0
BRDA:266,36,0,0
BRDA:266,37,0,0
BRDA:266,37,1,0
BRDA:277,38,0,0
BRDA:286,39,0,0
BRDA:286,39,1,0
BRDA:286,40,0,0
BRDA:286,40,1,0
BRDA:287,41,0,0
BRDA:287,41,1,0
BRDA:287,42,0,0
BRDA:287,42,1,0
BRDA:288,43,0,0
BRDA:288,43,1,0
BRDA:288,44,0,0
BRDA:288,44,1,0
BRDA:289,45,0,0
BRDA:289,45,1,0
BRDA:289,46,0,0
BRDA:289,46,1,0
BRDA:291,47,0,0
BRDA:291,47,1,0
BRDA:292,48,0,0
BRDA:292,48,1,0
BRDA:295,49,0,0
BRDA:295,49,1,0
BRDA:310,50,0,0
BRDA:310,50,1,0
BRDA:312,51,0,0
BRDA:312,51,1,0
BRDA:317,52,0,0
BRDA:317,52,1,0
BRDA:319,53,0,0
BRDA:319,53,1,0
BRDA:324,54,0,0
BRDA:324,54,1,0
BRDA:325,55,0,0
BRDA:325,55,1,0
BRDA:331,56,0,0
BRDA:331,56,1,0
BRDA:338,57,0,0
BRDA:338,57,1,0
BRDA:340,58,0,0
BRDA:340,58,1,0
BRDA:340,59,0,0
BRDA:340,59,1,0
BRDA:340,59,2,0
BRDA:343,60,0,0
BRDA:343,60,1,0
BRDA:377,61,0,0
BRDA:377,61,1,0
BRDA:388,62,0,0
BRDA:388,62,1,0
BRDA:388,63,0,0
BRDA:388,63,1,0
BRDA:401,64,0,0
BRDA:401,64,1,0
BRDA:401,65,0,0
BRDA:401,65,1,0
BRDA:413,66,0,0
BRDA:413,66,1,0
BRDA:414,67,0,0
BRDA:414,67,1,0
BRDA:422,68,0,0
BRDA:422,68,1,0
BRDA:422,69,0,0
BRDA:422,69,1,0
BRDA:422,69,2,0
BRDA:435,70,0,0
BRDA:435,70,1,0
BRDA:436,71,0,0
BRDA:436,71,1,0
BRDA:445,72,0,0
BRDA:445,72,1,0
BRDA:445,73,0,0
BRDA:445,73,1,0
BRDA:445,73,2,0
BRDA:458,74,0,0
BRDA:458,74,1,0
BRDA:459,75,0,0
BRDA:459,75,1,0
BRDA:468,76,0,0
BRDA:468,76,1,0
BRDA:468,77,0,0
BRDA:468,77,1,0
BRDA:480,78,0,0
BRDA:480,78,1,0
BRDA:481,79,0,0
BRDA:481,79,1,0
BRDA:490,80,0,0
BRDA:490,80,1,0
BRDA:490,81,0,0
BRDA:490,81,1,0
BRDA:503,82,0,0
BRDA:503,82,1,0
BRDA:504,83,0,0
BRDA:504,83,1,0
BRDA:513,84,0,0
BRDA:513,84,1,0
BRDA:513,85,0,0
BRDA:513,85,1,0
BRDA:525,86,0,0
BRDA:525,86,1,0
BRDA:526,87,0,0
BRDA:526,87,1,0
BRDA:534,88,0,0
BRDA:534,88,1,0
BRDA:534,89,0,0
BRDA:534,89,1,0
BRDA:546,90,0,0
BRDA:546,90,1,0
BRDA:547,91,0,0
BRDA:547,91,1,0
BRDA:555,92,0,0
BRDA:555,92,1,0
BRDA:555,93,0,0
BRDA:555,93,1,0
BRDA:567,94,0,0
BRDA:567,94,1,0
BRDA:584,95,0,0
BRDA:584,95,1,0
BRDA:588,96,0,0
BRDA:588,96,1,0
BRDA:612,97,0,0
BRDA:612,97,1,0
BRDA:621,98,0,0
BRDA:621,98,1,0
BRF:206
BRH:4
end_of_record
TN:
SF:src\components\Reservation\HourCard.jsx
FN:1,(anonymous_0)
FN:4,(anonymous_1)
FNF:2
FNH:1
FNDA:32,(anonymous_0)
FNDA:0,(anonymous_1)
DA:1,256
DA:4,32
DA:5,0
DA:13,32
DA:14,32
LF:5
LH:4
BRDA:1,0,0,64
BRDA:1,0,1,32
BRDA:1,1,0,32
BRDA:8,2,0,0
BRDA:8,2,1,0
BRF:5
BRH:3
end_of_record
TN:
SF:src\components\Reservation\Reservation.jsx
FN:1,(anonymous_0)
FN:26,DateString
FN:34,toPersianDigits
FN:36,(anonymous_3)
FN:39,ChangeDate
FN:49,formatDate
FN:57,addDays
FN:63,(anonymous_7)
FN:92,(anonymous_8)
FN:96,CheckMedicalInfo
FN:125,(anonymous_10)
FN:142,(anonymous_11)
FN:148,getFreeTime
FN:179,getReservation
FN:218,(anonymous_14)
FN:220,(anonymous_15)
FN:247,CreateReservation
FN:309,(anonymous_17)
FN:316,(anonymous_18)
FN:317,(anonymous_19)
FN:322,(anonymous_20)
FN:326,MyPlugin
FN:338,(anonymous_22)
FN:347,(anonymous_23)
FN:348,(anonymous_24)
FN:369,(anonymous_25)
FN:433,(anonymous_26)
FN:443,(anonymous_27)
FN:450,(anonymous_28)
FN:470,(anonymous_29)
FN:490,(anonymous_30)
FN:63,(anonymous_31)
FNF:32
FNH:1
FNDA:96,(anonymous_0)
FNDA:0,DateString
FNDA:0,toPersianDigits
FNDA:0,(anonymous_3)
FNDA:0,ChangeDate
FNDA:0,formatDate
FNDA:0,addDays
FNDA:0,(anonymous_7)
FNDA:0,(anonymous_8)
FNDA:0,CheckMedicalInfo
FNDA:0,(anonymous_10)
FNDA:0,(anonymous_11)
FNDA:0,getFreeTime
FNDA:0,getReservation
FNDA:0,(anonymous_14)
FNDA:0,(anonymous_15)
FNDA:0,CreateReservation
FNDA:0,(anonymous_17)
FNDA:0,(anonymous_18)
FNDA:0,(anonymous_19)
FNDA:0,(anonymous_20)
FNDA:0,MyPlugin
FNDA:0,(anonymous_22)
FNDA:0,(anonymous_23)
FNDA:0,(anonymous_24)
FNDA:0,(anonymous_25)
FNDA:0,(anonymous_26)
FNDA:0,(anonymous_27)
FNDA:0,(anonymous_28)
FNDA:0,(anonymous_29)
FNDA:0,(anonymous_30)
FNDA:0,(anonymous_31)
DA:1,352
DA:27,0
DA:28,0
DA:29,0
DA:30,0
DA:31,0
DA:32,32
DA:35,0
DA:36,0
DA:40,0
DA:41,0
DA:42,0
DA:47,0
DA:48,32
DA:50,0
DA:51,0
DA:52,0
DA:53,0
DA:58,0
DA:59,0
DA:60,0
DA:63,32
DA:64,0
DA:65,32
DA:66,0
DA:67,0
DA:68,0
DA:69,0
DA:70,0
DA:71,0
DA:72,0
DA:75,0
DA:86,0
DA:87,0
DA:88,0
DA:89,0
DA:92,0
DA:93,0
DA:97,0
DA:98,0
DA:99,0
DA:108,0
DA:109,0
DA:112,0
DA:113,0
DA:125,0
DA:126,0
DA:127,0
DA:128,0
DA:129,0
DA:130,0
DA:131,0
DA:132,0
DA:133,0
DA:134,0
DA:138,0
DA:142,0
DA:143,0
DA:144,0
DA:145,0
DA:149,0
DA:150,0
DA:151,0
DA:162,0
DA:163,0
DA:166,0
DA:167,0
DA:180,0
DA:181,0
DA:182,0
DA:183,0
DA:184,0
DA:199,0
DA:200,0
DA:201,0
DA:204,0
DA:205,0
DA:217,0
DA:218,0
DA:220,0
DA:221,0
DA:222,0
DA:223,0
DA:229,0
DA:231,0
DA:232,0
DA:244,0
DA:248,0
DA:249,0
DA:250,0
DA:251,0
DA:265,0
DA:266,0
DA:275,0
DA:276,0
DA:277,0
DA:278,0
DA:281,0
DA:286,0
DA:296,0
DA:309,0
DA:310,0
DA:311,0
DA:312,0
DA:315,0
DA:316,0
DA:317,0
DA:318,0
DA:320,0
DA:321,0
DA:322,0
DA:327,0
DA:339,0
DA:348,0
DA:358,0
DA:370,0
DA:433,0
DA:443,0
DA:451,0
DA:452,0
DA:453,0
DA:454,0
DA:455,0
DA:457,0
DA:471,0
DA:472,0
DA:491,0
DA:521,32
DA:523,96
LF:129
LH:7
BRDA:1,0,0,64
BRDA:1,0,1,32
BRDA:1,1,0,32
BRDA:29,2,0,0
BRDA:29,2,1,0
BRDA:30,3,0,0
BRDA:30,3,1,0
BRDA:66,4,0,0
BRDA:66,4,1,0
BRDA:108,5,0,0
BRDA:128,6,0,0
BRDA:131,7,0,0
BRDA:133,8,0,0
BRDA:162,9,0,0
BRDA:162,10,0,0
BRDA:162,10,1,0
BRDA:200,11,0,0
BRDA:200,12,0,0
BRDA:200,12,1,0
BRDA:265,13,0,0
BRDA:265,14,0,0
BRDA:265,14,1,0
BRDA:281,15,0,0
BRDA:281,15,1,0
BRDA:282,16,0,0
BRDA:282,16,1,0
BRDA:318,17,0,0
BRDA:318,17,1,0
BRDA:333,18,0,0
BRDA:333,18,1,0
BRDA:348,19,0,0
BRDA:348,19,1,0
BRDA:401,20,0,0
BRDA:401,20,1,0
BRDA:454,21,0,0
BRDA:454,21,1,0
BRDA:471,22,0,0
BRDA:471,22,1,0
BRF:38
BRH:3
end_of_record
TN:
SF:src\components\SeeingDoctorReservation\DoctorPage.jsx
FN:1,(anonymous_0)
FN:10,(anonymous_1)
FN:16,GetUserInfo
FN:36,(anonymous_3)
FN:37,(anonymous_4)
FN:58,(anonymous_5)
FN:59,(anonymous_6)
FN:168,(anonymous_7)
FN:10,(anonymous_8)
FNF:9
FNH:1
FNDA:32,(anonymous_0)
FNDA:0,(anonymous_1)
FNDA:0,GetUserInfo
FNDA:0,(anonymous_3)
FNDA:0,(anonymous_4)
FNDA:0,(anonymous_5)
FNDA:0,(anonymous_6)
FNDA:0,(anonymous_7)
FNDA:0,(anonymous_8)
DA:1,256
DA:10,32
DA:11,32
DA:12,0
DA:14,0
DA:15,0
DA:17,0
DA:18,0
DA:19,0
DA:29,0
DA:30,0
DA:31,0
DA:36,0
DA:37,0
DA:38,0
DA:39,0
DA:40,0
DA:43,0
DA:44,0
DA:45,0
DA:46,0
DA:51,0
DA:54,0
DA:57,0
DA:58,0
DA:59,0
DA:60,0
DA:61,0
DA:62,0
DA:72,0
DA:73,0
DA:74,0
DA:76,0
DA:79,0
DA:82,0
DA:169,0
DA:187,32
DA:189,32
LF:38
LH:5
BRDA:1,0,0,32
BRDA:1,0,1,0
BRDA:1,1,0,32
BRDA:1,2,0,32
BRDA:1,2,1,32
BRDA:29,3,0,0
BRDA:43,4,0,0
BRDA:43,5,0,0
BRDA:43,5,1,0
BRDA:45,6,0,0
BRF:10
BRH:4
end_of_record
TN:
SF:src\components\SeeingDoctorReservation\ReservationTable.jsx
FN:1,(anonymous_0)
FN:8,(anonymous_1)
FN:11,(anonymous_2)
FN:23,(anonymous_3)
FN:8,(anonymous_4)
FNF:5
FNH:1
FNDA:32,(anonymous_0)
FNDA:0,(anonymous_1)
FNDA:0,(anonymous_2)
FNDA:0,(anonymous_3)
FNDA:0,(anonymous_4)
DA:1,288
DA:8,32
DA:9,0
DA:10,32
DA:11,0
DA:12,0
DA:13,0
DA:15,0
DA:23,0
DA:36,32
DA:38,32
LF:11
LH:5
BRDA:1,0,0,64
BRDA:1,0,1,32
BRDA:1,1,0,32
BRDA:22,2,0,0
BRDA:22,2,1,0
BRDA:22,3,0,0
BRDA:22,3,1,0
BRF:7
BRH:3
end_of_record
TN:
SF:src\components\SidebarNabar\NavBar_SideBar.jsx
FN:1,(anonymous_0)
FN:25,(anonymous_1)
FN:33,(anonymous_2)
FN:37,(anonymous_3)
FN:38,(anonymous_4)
FN:48,(anonymous_5)
FN:54,LogOut
FN:106,(anonymous_7)
FN:107,handleClickOutside
FN:113,(anonymous_9)
FN:125,(anonymous_10)
FN:134,(anonymous_11)
FN:142,(anonymous_12)
FN:149,(anonymous_13)
FN:159,(anonymous_14)
FN:175,(anonymous_15)
FN:182,(anonymous_16)
FN:188,(anonymous_17)
FN:209,(anonymous_18)
FN:220,(anonymous_19)
FN:245,(anonymous_20)
FN:257,(anonymous_21)
FN:268,(anonymous_22)
FN:278,(anonymous_23)
FN:289,(anonymous_24)
FN:303,(anonymous_25)
FN:320,(anonymous_26)
FN:331,(anonymous_27)
FN:25,(anonymous_28)
FNF:29
FNH:8
FNDA:32,(anonymous_0)
FNDA:64,(anonymous_1)
FNDA:0,(anonymous_2)
FNDA:63,(anonymous_3)
FNDA:59,(anonymous_4)
FNDA:0,(anonymous_5)
FNDA:0,LogOut
FNDA:62,(anonymous_7)
FNDA:9,handleClickOutside
FNDA:36,(anonymous_9)
FNDA:0,(anonymous_10)
FNDA:0,(anonymous_11)
FNDA:0,(anonymous_12)
FNDA:0,(anonymous_13)
FNDA:0,(anonymous_14)
FNDA:0,(anonymous_15)
FNDA:0,(anonymous_16)
FNDA:0,(anonymous_17)
FNDA:0,(anonymous_18)
FNDA:0,(anonymous_19)
FNDA:0,(anonymous_20)
FNDA:0,(anonymous_21)
FNDA:0,(anonymous_22)
FNDA:0,(anonymous_23)
FNDA:0,(anonymous_24)
FNDA:0,(anonymous_25)
FNDA:0,(anonymous_26)
FNDA:0,(anonymous_27)
FNDA:26,(anonymous_28)
DA:1,256
DA:25,64
DA:26,64
DA:27,64
DA:28,64
DA:29,64
DA:30,64
DA:31,64
DA:32,64
DA:33,64
DA:34,0
DA:37,64
DA:38,63
DA:40,59
DA:41,59
DA:42,59
DA:43,59
DA:48,64
DA:49,0
DA:50,0
DA:51,0
DA:55,0
DA:56,0
DA:57,0
DA:58,0
DA:65,0
DA:66,0
DA:67,0
DA:68,0
DA:69,0
DA:70,0
DA:71,0
DA:72,0
DA:73,0
DA:88,0
DA:89,0
DA:90,0
DA:106,64
DA:108,9
DA:109,9
DA:112,62
DA:113,62
DA:114,36
DA:120,64
DA:125,0
DA:134,0
DA:142,0
DA:150,0
DA:151,0
DA:159,0
DA:175,0
DA:182,0
DA:188,0
DA:210,0
DA:221,0
DA:246,0
DA:258,0
DA:269,0
DA:279,0
DA:290,0
DA:304,0
DA:321,0
DA:332,0
DA:349,32
DA:351,32
LF:65
LH:26
BRDA:1,0,0,32
BRDA:1,0,1,0
BRDA:1,1,0,32
BRDA:1,2,0,32
BRDA:1,2,1,32
BRDA:42,3,0,0
BRDA:42,3,1,59
BRDA:50,4,0,0
BRDA:50,4,1,0
BRDA:65,5,0,0
BRDA:89,6,0,0
BRDA:108,7,0,9
BRDA:108,8,0,9
BRDA:108,8,1,9
BRDA:124,9,0,0
BRDA:124,9,1,64
BRDA:138,10,0,0
BRDA:138,10,1,64
BRDA:146,11,0,0
BRDA:146,11,1,64
BRDA:174,12,0,0
BRDA:174,12,1,64
BRDA:194,13,0,0
BRDA:194,13,1,64
BRDA:198,14,0,0
BRDA:198,14,1,64
BRDA:217,15,0,0
BRDA:217,15,1,64
BRDA:253,16,0,0
BRDA:253,16,1,64
BRDA:299,17,0,0
BRDA:299,17,1,64
BRDA:299,18,0,64
BRDA:299,18,1,64
BRDA:316,19,0,0
BRDA:316,19,1,64
BRF:36
BRH:20
end_of_record
TN:
SF:src\components\Slider\Slider.jsx
FN:1,(anonymous_0)
FN:20,(anonymous_1)
FN:28,(anonymous_2)
FN:29,(anonymous_3)
FNF:4
FNH:1
FNDA:32,(anonymous_0)
FNDA:0,(anonymous_1)
FNDA:0,(anonymous_2)
FNDA:0,(anonymous_3)
DA:1,288
DA:20,32
DA:21,0
DA:27,0
DA:28,0
DA:29,0
DA:30,0
DA:33,0
DA:86,32
DA:88,32
LF:10
LH:4
BRDA:1,0,0,64
BRDA:1,0,1,32
BRDA:1,1,0,32
BRDA:30,2,0,0
BRDA:30,2,1,0
BRF:5
BRH:3
end_of_record
TN:
SF:src\components\TestPage\TestPage.jsx
FN:1,(anonymous_0)
FN:14,(anonymous_1)
FN:20,(anonymous_2)
FN:23,(anonymous_3)
FN:26,(anonymous_4)
FN:29,(anonymous_5)
FNF:6
FNH:1
FNDA:32,(anonymous_0)
FNDA:0,(anonymous_1)
FNDA:0,(anonymous_2)
FNDA:0,(anonymous_3)
FNDA:0,(anonymous_4)
FNDA:0,(anonymous_5)
DA:1,288
DA:14,32
DA:15,0
DA:16,0
DA:17,0
DA:18,0
DA:20,0
DA:21,0
DA:23,0
DA:24,0
DA:26,0
DA:27,0
DA:29,0
DA:30,0
DA:33,0
DA:542,32
DA:544,32
LF:17
LH:4
BRDA:1,0,0,64
BRDA:1,0,1,32
BRDA:1,1,0,32
BRDA:358,2,0,0
BRDA:358,2,1,0
BRDA:365,3,0,0
BRDA:365,3,1,0
BRDA:368,4,0,0
BRDA:368,4,1,0
BRDA:387,5,0,0
BRDA:387,5,1,0
BRDA:407,6,0,0
BRDA:407,6,1,0
BRDA:414,7,0,0
BRDA:414,7,1,0
BRDA:433,8,0,0
BRDA:433,8,1,0
BRDA:452,9,0,0
BRDA:452,9,1,0
BRDA:459,10,0,0
BRDA:459,10,1,0
BRDA:477,11,0,0
BRDA:477,11,1,0
BRDA:495,12,0,0
BRDA:495,12,1,0
BRDA:502,13,0,0
BRDA:502,13,1,0
BRDA:521,14,0,0
BRDA:521,14,1,0
BRF:29
BRH:3
end_of_record
TN:
SF:src\components\Tests\Tests.jsx
FN:1,(anonymous_0)
FN:6,(anonymous_1)
FNF:2
FNH:2
FNDA:32,(anonymous_0)
FNDA:45,(anonymous_1)
DA:1,256
DA:6,32
DA:7,45
DA:95,32
DA:97,32
LF:5
LH:5
BRDA:1,0,0,64
BRDA:1,0,1,32
BRDA:1,1,0,32
BRF:3
BRH:3
end_of_record
TN:
SF:src\components\Tests_lib\questions_Glasser.jsx
FNF:0
FNH:0
DA:1,32
LF:1
LH:1
BRF:0
BRH:0
end_of_record
TN:
SF:src\components\Tests_lib\questions_MBTI.jsx
FNF:0
FNH:0
DA:1,32
LF:1
LH:1
BRF:0
BRH:0
end_of_record
TN:
SF:src\components\Tests_lib\test_Glasser.jsx
FN:1,(anonymous_0)
FN:10,(anonymous_1)
FN:26,(anonymous_2)
FN:27,(anonymous_3)
FN:35,(anonymous_4)
FN:78,(anonymous_5)
FN:97,(anonymous_6)
FN:105,(anonymous_7)
FN:120,(anonymous_8)
FN:129,(anonymous_9)
FN:131,(anonymous_10)
FN:136,(anonymous_11)
FN:143,(anonymous_12)
FN:157,(anonymous_13)
FN:159,(anonymous_14)
FN:163,(anonymous_15)
FN:170,(anonymous_16)
FN:185,(anonymous_17)
FN:194,(anonymous_18)
FN:208,(anonymous_19)
FN:217,(anonymous_20)
FN:241,(anonymous_21)
FN:248,(anonymous_22)
FN:252,(anonymous_23)
FN:253,(anonymous_24)
FN:316,(anonymous_25)
FN:324,(anonymous_26)
FN:339,(anonymous_27)
FN:10,(anonymous_28)
FNF:29
FNH:7
FNDA:32,(anonymous_0)
FNDA:5,(anonymous_1)
FNDA:2,(anonymous_2)
FNDA:3,(anonymous_3)
FNDA:0,(anonymous_4)
FNDA:0,(anonymous_5)
FNDA:0,(anonymous_6)
FNDA:1,(anonymous_7)
FNDA:0,(anonymous_8)
FNDA:0,(anonymous_9)
FNDA:0,(anonymous_10)
FNDA:0,(anonymous_11)
FNDA:0,(anonymous_12)
FNDA:0,(anonymous_13)
FNDA:0,(anonymous_14)
FNDA:0,(anonymous_15)
FNDA:0,(anonymous_16)
FNDA:0,(anonymous_17)
FNDA:0,(anonymous_18)
FNDA:0,(anonymous_19)
FNDA:0,(anonymous_20)
FNDA:0,(anonymous_21)
FNDA:0,(anonymous_22)
FNDA:0,(anonymous_23)
FNDA:0,(anonymous_24)
FNDA:0,(anonymous_25)
FNDA:0,(anonymous_26)
FNDA:1,(anonymous_27)
FNDA:1,(anonymous_28)
DA:1,256
DA:10,32
DA:11,32
DA:12,4
DA:13,4
DA:16,4
DA:17,4
DA:18,4
DA:23,4
DA:24,4
DA:26,4
DA:27,2
DA:28,3
DA:29,3
DA:30,3
DA:32,2
DA:35,4
DA:36,0
DA:37,0
DA:38,0
DA:39,0
DA:40,0
DA:54,0
DA:55,0
DA:56,0
DA:57,0
DA:58,0
DA:66,0
DA:79,0
DA:80,0
DA:85,0
DA:98,0
DA:99,0
DA:105,4
DA:106,1
DA:121,0
DA:122,0
DA:124,0
DA:129,4
DA:130,0
DA:131,0
DA:136,0
DA:142,0
DA:143,0
DA:145,0
DA:146,0
DA:147,0
DA:152,0
DA:157,4
DA:158,0
DA:159,0
DA:163,4
DA:164,0
DA:165,0
DA:166,0
DA:167,0
DA:170,4
DA:171,0
DA:186,0
DA:187,0
DA:194,4
DA:195,0
DA:209,0
DA:210,0
DA:217,4
DA:218,0
DA:219,0
DA:242,0
DA:243,0
DA:248,4
DA:250,4
DA:252,4
DA:253,0
DA:256,4
DA:317,0
DA:324,0
DA:340,1
DA:341,0
DA:343,1
DA:430,32
DA:432,32
LF:81
LH:33
BRDA:1,0,0,32
BRDA:1,0,1,0
BRDA:1,1,0,32
BRDA:1,2,0,32
BRDA:1,2,1,32
BRDA:54,3,0,0
BRDA:54,3,1,0
BRDA:79,4,0,0
BRDA:98,5,0,0
BRDA:121,6,0,0
BRDA:121,6,1,0
BRDA:130,7,0,0
BRDA:130,7,1,0
BRDA:142,8,0,0
BRDA:142,8,1,0
BRDA:158,9,0,0
BRDA:186,10,0,0
BRDA:186,10,1,0
BRDA:209,11,0,0
BRDA:209,11,1,0
BRDA:242,12,0,0
BRDA:248,13,0,0
BRDA:248,13,1,0
BRDA:263,14,0,4
BRDA:263,14,1,0
BRDA:263,15,0,4
BRDA:263,15,1,0
BRDA:268,16,0,4
BRDA:268,16,1,4
BRDA:270,17,0,4
BRDA:270,17,1,4
BRDA:283,18,0,4
BRDA:283,18,1,0
BRDA:304,19,0,4
BRDA:304,19,1,0
BRDA:320,20,0,0
BRDA:320,20,1,0
BRDA:334,21,0,4
BRDA:334,21,1,0
BRDA:340,22,0,0
BRDA:340,22,1,1
BRDA:357,23,0,0
BRDA:357,23,1,0
BRDA:357,24,0,0
BRDA:357,24,1,0
BRDA:363,25,0,0
BRDA:363,25,1,0
BRDA:368,26,0,0
BRDA:368,26,1,0
BRDA:391,27,0,4
BRDA:391,27,1,0
BRDA:395,28,0,0
BRDA:395,28,1,0
BRF:53
BRH:15
end_of_record
TN:
SF:src\components\Tests_lib\test_MBTI.jsx
FN:1,(anonymous_0)
FN:10,(anonymous_1)
FN:26,(anonymous_2)
FN:27,(anonymous_3)
FN:34,(anonymous_4)
FN:67,(anonymous_5)
FN:86,(anonymous_6)
FN:94,(anonymous_7)
FN:109,(anonymous_8)
FN:118,(anonymous_9)
FN:120,(anonymous_10)
FN:125,(anonymous_11)
FN:132,(anonymous_12)
FN:146,(anonymous_13)
FN:148,(anonymous_14)
FN:152,(anonymous_15)
FN:158,(anonymous_16)
FN:173,(anonymous_17)
FN:182,(anonymous_18)
FN:196,(anonymous_19)
FN:205,(anonymous_20)
FN:221,(anonymous_21)
FN:228,(anonymous_22)
FN:232,(anonymous_23)
FN:233,(anonymous_24)
FN:292,(anonymous_25)
FN:300,(anonymous_26)
FN:311,(anonymous_27)
FN:10,(anonymous_28)
FNF:29
FNH:1
FNDA:32,(anonymous_0)
FNDA:0,(anonymous_1)
FNDA:0,(anonymous_2)
FNDA:0,(anonymous_3)
FNDA:0,(anonymous_4)
FNDA:0,(anonymous_5)
FNDA:0,(anonymous_6)
FNDA:0,(anonymous_7)
FNDA:0,(anonymous_8)
FNDA:0,(anonymous_9)
FNDA:0,(anonymous_10)
FNDA:0,(anonymous_11)
FNDA:0,(anonymous_12)
FNDA:0,(anonymous_13)
FNDA:0,(anonymous_14)
FNDA:0,(anonymous_15)
FNDA:0,(anonymous_16)
FNDA:0,(anonymous_17)
FNDA:0,(anonymous_18)
FNDA:0,(anonymous_19)
FNDA:0,(anonymous_20)
FNDA:0,(anonymous_21)
FNDA:0,(anonymous_22)
FNDA:0,(anonymous_23)
FNDA:0,(anonymous_24)
FNDA:0,(anonymous_25)
FNDA:0,(anonymous_26)
FNDA:0,(anonymous_27)
FNDA:0,(anonymous_28)
DA:1,256
DA:10,32
DA:11,32
DA:12,0
DA:13,0
DA:16,0
DA:17,0
DA:18,0
DA:23,0
DA:24,0
DA:26,0
DA:27,0
DA:28,0
DA:29,0
DA:30,0
DA:34,0
DA:35,0
DA:36,0
DA:37,0
DA:38,0
DA:50,0
DA:51,0
DA:52,0
DA:53,0
DA:55,0
DA:68,0
DA:69,0
DA:74,0
DA:87,0
DA:88,0
DA:94,0
DA:95,0
DA:110,0
DA:111,0
DA:113,0
DA:118,0
DA:119,0
DA:120,0
DA:125,0
DA:131,0
DA:132,0
DA:134,0
DA:135,0
DA:136,0
DA:138,0
DA:142,0
DA:146,0
DA:147,0
DA:148,0
DA:152,0
DA:153,0
DA:154,0
DA:155,0
DA:158,0
DA:159,0
DA:174,0
DA:175,0
DA:182,0
DA:183,0
DA:197,0
DA:198,0
DA:205,0
DA:206,0
DA:207,0
DA:222,0
DA:223,0
DA:228,0
DA:230,0
DA:232,0
DA:233,0
DA:236,0
DA:293,0
DA:300,0
DA:312,0
DA:313,0
DA:315,0
DA:400,32
DA:402,32
LF:78
LH:5
BRDA:1,0,0,32
BRDA:1,0,1,0
BRDA:1,1,0,32
BRDA:1,2,0,32
BRDA:1,2,1,32
BRDA:50,3,0,0
BRDA:50,3,1,0
BRDA:68,4,0,0
BRDA:87,5,0,0
BRDA:110,6,0,0
BRDA:110,6,1,0
BRDA:119,7,0,0
BRDA:119,7,1,0
BRDA:131,8,0,0
BRDA:131,8,1,0
BRDA:136,9,0,0
BRDA:136,9,1,0
BRDA:147,10,0,0
BRDA:174,11,0,0
BRDA:174,11,1,0
BRDA:197,12,0,0
BRDA:197,12,1,0
BRDA:222,13,0,0
BRDA:228,14,0,0
BRDA:228,14,1,0
BRDA:242,15,0,0
BRDA:242,15,1,0
BRDA:244,16,0,0
BRDA:244,16,1,0
BRDA:246,17,0,0
BRDA:246,17,1,0
BRDA:259,18,0,0
BRDA:259,18,1,0
BRDA:280,19,0,0
BRDA:280,19,1,0
BRDA:296,20,0,0
BRDA:296,20,1,0
BRDA:307,21,0,0
BRDA:307,21,1,0
BRDA:312,22,0,0
BRDA:312,22,1,0
BRDA:329,23,0,0
BRDA:329,23,1,0
BRDA:329,24,0,0
BRDA:329,24,1,0
BRDA:335,25,0,0
BRDA:335,25,1,0
BRDA:340,26,0,0
BRDA:340,26,1,0
BRDA:363,27,0,0
BRDA:363,27,1,0
BRDA:367,28,0,0
BRDA:367,28,1,0
BRF:53
BRH:4
end_of_record
TN:
SF:src\components\UserManagement\user_management.jsx
FN:1,(anonymous_0)
FN:7,(anonymous_1)
FN:16,(anonymous_2)
FN:22,(anonymous_3)
FN:26,(anonymous_4)
FN:30,(anonymous_5)
FN:35,(anonymous_6)
FN:38,(anonymous_7)
FN:45,(anonymous_8)
FN:74,(anonymous_9)
FN:123,(anonymous_10)
FN:137,(anonymous_11)
FN:138,(anonymous_12)
FN:190,(anonymous_13)
FN:199,(anonymous_14)
FN:200,(anonymous_15)
FN:213,(anonymous_16)
FN:235,(anonymous_17)
FN:247,(anonymous_18)
FN:248,(anonymous_19)
FN:249,(anonymous_20)
FN:288,(anonymous_21)
FN:331,(anonymous_22)
FN:356,(anonymous_23)
FN:363,(anonymous_24)
FN:411,(anonymous_25)
FN:430,(anonymous_26)
FNF:27
FNH:1
FNDA:32,(anonymous_0)
FNDA:0,(anonymous_1)
FNDA:0,(anonymous_2)
FNDA:0,(anonymous_3)
FNDA:0,(anonymous_4)
FNDA:0,(anonymous_5)
FNDA:0,(anonymous_6)
FNDA:0,(anonymous_7)
FNDA:0,(anonymous_8)
FNDA:0,(anonymous_9)
FNDA:0,(anonymous_10)
FNDA:0,(anonymous_11)
FNDA:0,(anonymous_12)
FNDA:0,(anonymous_13)
FNDA:0,(anonymous_14)
FNDA:0,(anonymous_15)
FNDA:0,(anonymous_16)
FNDA:0,(anonymous_17)
FNDA:0,(anonymous_18)
FNDA:0,(anonymous_19)
FNDA:0,(anonymous_20)
FNDA:0,(anonymous_21)
FNDA:0,(anonymous_22)
FNDA:0,(anonymous_23)
FNDA:0,(anonymous_24)
FNDA:0,(anonymous_25)
FNDA:0,(anonymous_26)
DA:1,256
DA:7,32
DA:8,0
DA:9,0
DA:10,0
DA:11,0
DA:12,0
DA:13,0
DA:14,0
DA:16,0
DA:17,0
DA:22,0
DA:26,0
DA:27,0
DA:30,0
DA:31,0
DA:32,0
DA:35,0
DA:36,0
DA:37,0
DA:38,0
DA:39,0
DA:40,0
DA:45,0
DA:46,0
DA:47,0
DA:48,0
DA:49,0
DA:59,0
DA:60,0
DA:62,0
DA:74,0
DA:75,0
DA:76,0
DA:86,0
DA:87,0
DA:88,0
DA:98,0
DA:99,0
DA:110,0
DA:111,0
DA:123,0
DA:124,0
DA:125,0
DA:135,0
DA:136,0
DA:137,0
DA:138,0
DA:139,0
DA:140,0
DA:149,0
DA:152,0
DA:162,0
DA:163,0
DA:174,0
DA:175,0
DA:190,0
DA:191,0
DA:192,0
DA:194,0
DA:195,0
DA:197,0
DA:198,0
DA:199,0
DA:200,0
DA:201,0
DA:205,0
DA:206,0
DA:207,0
DA:208,0
DA:213,0
DA:214,0
DA:215,0
DA:224,0
DA:227,0
DA:228,0
DA:229,0
DA:231,0
DA:235,0
DA:236,0
DA:237,0
DA:238,0
DA:244,0
DA:246,0
DA:247,0
DA:248,0
DA:249,0
DA:251,0
DA:264,0
DA:268,0
DA:271,0
DA:272,0
DA:283,0
DA:287,0
DA:289,0
DA:294,0
DA:332,0
DA:356,0
DA:363,0
DA:411,0
DA:430,0
DA:442,32
DA:444,32
LF:103
LH:4
BRDA:1,0,0,32
BRDA:1,0,1,0
BRDA:1,1,0,32
BRDA:1,2,0,32
BRDA:1,2,1,32
BRDA:22,3,0,0
BRDA:22,3,1,0
BRDA:39,4,0,0
BRDA:86,5,0,0
BRDA:86,5,1,0
BRDA:135,6,0,0
BRDA:135,6,1,0
BRDA:139,7,0,0
BRDA:194,8,0,0
BRDA:194,8,1,0
BRDA:197,9,0,0
BRDA:201,10,0,0
BRDA:201,10,1,0
BRDA:205,11,0,0
BRDA:214,12,0,0
BRDA:228,13,0,0
BRDA:244,14,0,0
BRDA:244,14,1,0
BRDA:246,15,0,0
BRDA:246,15,1,0
BRDA:246,16,0,0
BRDA:246,16,1,0
BRDA:256,17,0,0
BRDA:256,17,1,0
BRDA:257,18,0,0
BRDA:257,18,1,0
BRDA:258,19,0,0
BRDA:258,19,1,0
BRDA:259,20,0,0
BRDA:259,20,1,0
BRDA:260,21,0,0
BRDA:260,21,1,0
BRDA:289,22,0,0
BRDA:289,22,1,0
BRDA:289,22,2,0
BRDA:334,23,0,0
BRDA:334,23,1,0
BRDA:357,24,0,0
BRDA:357,24,1,0
BRDA:359,25,0,0
BRDA:359,25,1,0
BRDA:383,26,0,0
BRDA:383,26,1,0
BRF:48
BRH:4
end_of_record
TN:
SF:src\components\User_Panel\ChangeInformation.jsx
FN:1,(anonymous_0)
FN:12,toPersianDigits
FN:14,(anonymous_2)
FN:16,toEnglishDigits
FN:19,(anonymous_4)
FN:22,ChangeInformation
FN:29,(anonymous_6)
FN:37,(anonymous_7)
FN:51,(anonymous_8)
FN:64,SendUserInfo
FN:178,(anonymous_10)
FN:202,(anonymous_11)
FN:225,(anonymous_12)
FN:249,(anonymous_13)
FN:272,(anonymous_14)
FN:289,(anonymous_15)
FNF:16
FNH:1
FNDA:32,(anonymous_0)
FNDA:0,toPersianDigits
FNDA:0,(anonymous_2)
FNDA:0,toEnglishDigits
FNDA:0,(anonymous_4)
FNDA:0,ChangeInformation
FNDA:0,(anonymous_6)
FNDA:0,(anonymous_7)
FNDA:0,(anonymous_8)
FNDA:0,SendUserInfo
FNDA:0,(anonymous_10)
FNDA:0,(anonymous_11)
FNDA:0,(anonymous_12)
FNDA:0,(anonymous_13)
FNDA:0,(anonymous_14)
FNDA:0,(anonymous_15)
DA:1,288
DA:13,0
DA:14,0
DA:17,0
DA:18,0
DA:19,0
DA:22,32
DA:23,0
DA:24,0
DA:25,0
DA:26,0
DA:27,0
DA:28,0
DA:29,0
DA:30,0
DA:34,0
DA:35,0
DA:37,0
DA:38,0
DA:48,0
DA:49,0
DA:51,0
DA:52,0
DA:53,0
DA:54,0
DA:55,0
DA:56,0
DA:60,0
DA:61,0
DA:65,0
DA:66,0
DA:67,0
DA:68,0
DA:69,0
DA:70,0
DA:71,0
DA:72,0
DA:80,0
DA:82,0
DA:92,0
DA:93,0
DA:94,0
DA:111,0
DA:112,0
DA:113,0
DA:122,0
DA:132,0
DA:133,0
DA:142,0
DA:143,0
DA:144,0
DA:145,0
DA:158,0
DA:179,0
DA:180,0
DA:203,0
DA:204,0
DA:226,0
DA:250,0
DA:273,0
DA:274,0
DA:290,0
DA:299,32
DA:301,32
LF:64
LH:4
BRDA:1,0,0,64
BRDA:1,0,1,32
BRDA:1,1,0,32
BRDA:30,2,0,0
BRDA:30,2,1,0
BRDA:38,3,0,0
BRDA:38,3,1,0
BRDA:56,4,0,0
BRDA:56,4,1,0
BRDA:71,5,0,0
BRDA:71,5,1,0
BRDA:80,6,0,0
BRDA:80,6,1,0
BRDA:111,7,0,0
BRDA:132,8,0,0
BRDA:142,9,0,0
BRDA:144,10,0,0
BRDA:163,11,0,0
BRDA:163,11,1,0
BRDA:185,12,0,0
BRDA:185,12,1,0
BRDA:209,13,0,0
BRDA:209,13,1,0
BRDA:279,14,0,0
BRDA:279,14,1,0
BRF:25
BRH:3
end_of_record
TN:
SF:src\components\User_Panel\ChangePassword.jsx
FN:1,(anonymous_0)
FN:15,ChangePassword
FN:28,(anonymous_2)
FN:33,(anonymous_3)
FN:39,(anonymous_4)
FN:44,(anonymous_5)
FN:49,(anonymous_6)
FN:55,SendChangePassword
FN:130,(anonymous_8)
FN:172,(anonymous_9)
FN:202,(anonymous_10)
FN:233,(anonymous_11)
FN:15,(anonymous_12)
FNF:13
FNH:1
FNDA:32,(anonymous_0)
FNDA:0,ChangePassword
FNDA:0,(anonymous_2)
FNDA:0,(anonymous_3)
FNDA:0,(anonymous_4)
FNDA:0,(anonymous_5)
FNDA:0,(anonymous_6)
FNDA:0,SendChangePassword
FNDA:0,(anonymous_8)
FNDA:0,(anonymous_9)
FNDA:0,(anonymous_10)
FNDA:0,(anonymous_11)
FNDA:0,(anonymous_12)
DA:1,288
DA:15,0
DA:16,32
DA:17,0
DA:18,0
DA:19,0
DA:20,0
DA:21,0
DA:22,0
DA:24,0
DA:25,0
DA:26,0
DA:27,0
DA:28,0
DA:29,0
DA:30,0
DA:33,0
DA:34,0
DA:37,0
DA:39,0
DA:40,0
DA:41,0
DA:44,0
DA:45,0
DA:46,0
DA:47,0
DA:49,0
DA:50,0
DA:51,0
DA:52,0
DA:56,0
DA:57,0
DA:58,0
DA:59,0
DA:60,0
DA:61,0
DA:62,0
DA:70,0
DA:72,0
DA:82,0
DA:83,0
DA:98,0
DA:99,0
DA:109,0
DA:110,0
DA:111,0
DA:112,0
DA:131,0
DA:135,0
DA:136,0
DA:149,0
DA:173,0
DA:203,0
DA:204,0
DA:234,0
DA:265,32
DA:268,32
LF:57
LH:4
BRDA:1,0,0,64
BRDA:1,0,1,32
BRDA:1,1,0,32
BRDA:29,2,0,0
BRDA:29,2,1,0
BRDA:30,3,0,0
BRDA:30,3,1,0
BRDA:35,4,0,0
BRDA:35,4,1,0
BRDA:37,5,0,0
BRDA:37,5,1,0
BRDA:40,6,0,0
BRDA:40,6,1,0
BRDA:41,7,0,0
BRDA:41,7,1,0
BRDA:45,8,0,0
BRDA:45,8,1,0
BRDA:50,9,0,0
BRDA:50,9,1,0
BRDA:61,10,0,0
BRDA:61,10,1,0
BRDA:70,11,0,0
BRDA:70,11,1,0
BRDA:98,12,0,0
BRDA:110,13,0,0
BRDA:111,14,0,0
BRDA:135,15,0,0
BRDA:153,16,0,0
BRDA:153,16,1,0
BRDA:181,17,0,0
BRDA:181,17,1,0
BRDA:212,18,0,0
BRDA:212,18,1,0
BRDA:242,19,0,0
BRDA:242,19,1,0
BRF:35
BRH:3
end_of_record
TN:
SF:src\components\User_Panel\User_Panel.jsx
FN:1,(anonymous_0)
FN:24,(anonymous_1)
FN:26,toPersianDigits
FN:28,(anonymous_3)
FN:43,GetUserInfo
FN:64,(anonymous_5)
FN:109,(anonymous_6)
FN:159,(anonymous_7)
FN:189,(anonymous_8)
FN:218,(anonymous_9)
FN:24,(anonymous_10)
FNF:11
FNH:1
FNDA:32,(anonymous_0)
FNDA:0,(anonymous_1)
FNDA:0,toPersianDigits
FNDA:0,(anonymous_3)
FNDA:0,GetUserInfo
FNDA:0,(anonymous_5)
FNDA:0,(anonymous_6)
FNDA:0,(anonymous_7)
FNDA:0,(anonymous_8)
FNDA:0,(anonymous_9)
FNDA:0,(anonymous_10)
DA:1,288
DA:24,32
DA:27,0
DA:28,0
DA:31,32
DA:32,0
DA:33,0
DA:41,0
DA:42,0
DA:44,0
DA:45,0
DA:46,0
DA:47,0
DA:65,0
DA:66,0
DA:67,0
DA:68,0
DA:72,0
DA:73,0
DA:83,0
DA:84,0
DA:85,0
DA:96,0
DA:97,0
DA:110,0
DA:119,0
DA:160,0
DA:190,0
DA:218,0
DA:323,32
DA:324,32
LF:31
LH:5
BRDA:1,0,0,64
BRDA:1,0,1,32
BRDA:1,1,0,32
BRDA:41,2,0,0
BRDA:41,2,1,0
BRDA:46,3,0,0
BRDA:46,3,1,0
BRDA:65,4,0,0
BRDA:65,4,1,0
BRDA:67,5,0,0
BRDA:83,6,0,0
BRDA:86,7,0,0
BRDA:86,7,1,0
BRDA:87,8,0,0
BRDA:87,8,1,0
BRDA:90,9,0,0
BRDA:90,9,1,0
BRDA:91,10,0,0
BRDA:91,10,1,0
BRDA:92,11,0,0
BRDA:92,11,1,0
BRDA:96,12,0,0
BRDA:125,13,0,0
BRDA:125,13,1,0
BRDA:141,14,0,0
BRDA:141,14,1,0
BRDA:142,15,0,0
BRDA:142,15,1,0
BRDA:166,16,0,0
BRDA:166,16,1,0
BRDA:180,17,0,0
BRDA:180,17,1,0
BRDA:196,18,0,0
BRDA:196,18,1,0
BRDA:210,19,0,0
BRDA:210,19,1,0
BRDA:222,20,0,0
BRDA:222,20,1,0
BRDA:236,21,0,0
BRDA:236,21,1,0
BRDA:252,22,0,0
BRDA:252,22,1,0
BRDA:279,23,0,0
BRDA:279,23,1,0
BRDA:281,24,0,0
BRDA:281,24,1,0
BRF:46
BRH:3
end_of_record
TN:
SF:src\components\User_TestResult\TestResult.jsx
FN:1,(anonymous_0)
FN:49,(anonymous_1)
FN:57,GetTestResult
FN:107,(anonymous_3)
FN:129,(anonymous_4)
FN:146,(anonymous_5)
FN:156,(anonymous_6)
FN:157,(anonymous_7)
FN:49,(anonymous_8)
FNF:9
FNH:1
FNDA:32,(anonymous_0)
FNDA:0,(anonymous_1)
FNDA:0,GetTestResult
FNDA:0,(anonymous_3)
FNDA:0,(anonymous_4)
FNDA:0,(anonymous_5)
FNDA:0,(anonymous_6)
FNDA:0,(anonymous_7)
FNDA:0,(anonymous_8)
DA:1,256
DA:49,32
DA:50,32
DA:51,0
DA:55,0
DA:58,0
DA:59,0
DA:60,0
DA:70,0
DA:71,0
DA:72,0
DA:76,0
DA:77,0
DA:87,0
DA:88,0
DA:93,0
DA:94,0
DA:95,0
DA:108,0
DA:112,0
DA:113,0
DA:117,0
DA:130,0
DA:133,0
DA:134,0
DA:147,0
DA:152,0
DA:156,0
DA:157,0
DA:159,0
DA:164,0
DA:355,32
DA:356,32
LF:33
LH:5
BRDA:1,0,0,32
BRDA:1,0,1,0
BRDA:1,1,0,32
BRDA:1,2,0,32
BRDA:1,2,1,32
BRDA:70,3,0,0
BRDA:70,4,0,0
BRDA:70,4,1,0
BRDA:87,5,0,0
BRDA:88,6,0,0
BRDA:94,7,0,0
BRDA:112,8,0,0
BRDA:113,9,0,0
BRDA:133,10,0,0
BRDA:192,11,0,0
BRDA:192,11,1,0
BRDA:229,12,0,0
BRDA:229,12,1,0
BRDA:236,13,0,0
BRDA:236,13,1,0
BRDA:237,14,0,0
BRDA:237,14,1,0
BRDA:240,15,0,0
BRDA:240,15,1,0
BRDA:241,16,0,0
BRDA:241,16,1,0
BRDA:244,17,0,0
BRDA:244,17,1,0
BRDA:245,18,0,0
BRDA:245,18,1,0
BRDA:248,19,0,0
BRDA:248,19,1,0
BRDA:249,20,0,0
BRDA:249,20,1,0
BRDA:252,21,0,0
BRDA:252,21,1,0
BRDA:253,22,0,0
BRDA:253,22,1,0
BRDA:256,23,0,0
BRDA:256,23,1,0
BRDA:257,24,0,0
BRDA:257,24,1,0
BRDA:260,25,0,0
BRDA:260,25,1,0
BRDA:261,26,0,0
BRDA:261,26,1,0
BRDA:264,27,0,0
BRDA:264,27,1,0
BRDA:265,28,0,0
BRDA:265,28,1,0
BRDA:268,29,0,0
BRDA:268,29,1,0
BRDA:269,30,0,0
BRDA:269,30,1,0
BRDA:272,31,0,0
BRDA:272,31,1,0
BRDA:273,32,0,0
BRDA:273,32,1,0
BRDA:276,33,0,0
BRDA:276,33,1,0
BRDA:277,34,0,0
BRDA:277,34,1,0
BRDA:280,35,0,0
BRDA:280,35,1,0
BRDA:281,36,0,0
BRDA:281,36,1,0
BRDA:284,37,0,0
BRDA:284,37,1,0
BRDA:285,38,0,0
BRDA:285,38,1,0
BRDA:288,39,0,0
BRDA:288,39,1,0
BRDA:289,40,0,0
BRDA:289,40,1,0
BRDA:292,41,0,0
BRDA:292,41,1,0
BRDA:293,42,0,0
BRDA:293,42,1,0
BRDA:296,43,0,0
BRDA:296,43,1,0
BRDA:297,44,0,0
BRDA:297,44,1,0
BRDA:303,45,0,0
BRDA:303,45,1,0
BRDA:305,46,0,0
BRDA:305,46,1,0
BRDA:307,47,0,0
BRDA:307,47,1,0
BRDA:309,48,0,0
BRDA:309,48,1,0
BRDA:311,49,0,0
BRDA:311,49,1,0
BRDA:313,50,0,0
BRDA:313,50,1,0
BRDA:315,51,0,0
BRDA:315,51,1,0
BRDA:317,52,0,0
BRDA:317,52,1,0
BRDA:319,53,0,0
BRDA:319,53,1,0
BRDA:321,54,0,0
BRDA:321,54,1,0
BRDA:323,55,0,0
BRDA:323,55,1,0
BRDA:325,56,0,0
BRDA:325,56,1,0
BRDA:329,57,0,0
BRDA:329,57,1,0
BRDA:331,58,0,0
BRDA:331,58,1,0
BRDA:333,59,0,0
BRDA:333,59,1,0
BRDA:335,60,0,0
BRDA:335,60,1,0
BRF:114
BRH:4
end_of_record
TN:
SF:src\components\Verification\verification.jsx
FN:1,(anonymous_0)
FN:12,(anonymous_1)
FN:25,(anonymous_2)
FN:28,(anonymous_3)
FN:31,(anonymous_4)
FN:38,resendCode
FN:69,handleVerification
FN:143,(anonymous_7)
FN:12,(anonymous_8)
FNF:9
FNH:1
FNDA:32,(anonymous_0)
FNDA:0,(anonymous_1)
FNDA:0,(anonymous_2)
FNDA:0,(anonymous_3)
FNDA:0,(anonymous_4)
FNDA:0,resendCode
FNDA:0,handleVerification
FNDA:0,(anonymous_7)
FNDA:0,(anonymous_8)
DA:1,288
DA:12,32
DA:13,0
DA:14,0
DA:15,32
DA:16,0
DA:17,0
DA:18,0
DA:19,0
DA:20,0
DA:21,0
DA:22,0
DA:23,0
DA:24,0
DA:25,0
DA:26,0
DA:28,0
DA:29,0
DA:31,0
DA:32,0
DA:34,0
DA:39,0
DA:40,0
DA:41,0
DA:42,0
DA:54,0
DA:55,0
DA:56,0
DA:57,0
DA:58,0
DA:61,0
DA:62,0
DA:64,0
DA:70,0
DA:71,0
DA:76,0
DA:77,0
DA:78,0
DA:79,0
DA:80,0
DA:83,0
DA:94,0
DA:95,0
DA:96,0
DA:97,0
DA:106,0
DA:107,0
DA:108,0
DA:111,0
DA:112,0
DA:116,0
DA:117,0
DA:118,0
DA:119,0
DA:122,0
DA:123,0
DA:127,0
DA:143,0
DA:184,32
DA:186,32
LF:60
LH:5
BRDA:1,0,0,64
BRDA:1,0,1,32
BRDA:1,1,0,32
BRDA:16,2,0,0
BRDA:16,2,1,0
BRDA:18,3,0,0
BRDA:18,3,1,0
BRDA:19,4,0,0
BRDA:19,4,1,0
BRDA:20,5,0,0
BRDA:20,5,1,0
BRDA:56,6,0,0
BRDA:56,7,0,0
BRDA:56,7,1,0
BRDA:61,8,0,0
BRDA:61,8,1,0
BRDA:77,9,0,0
BRDA:77,9,1,0
BRDA:95,10,0,0
BRDA:95,11,0,0
BRDA:95,11,1,0
BRDA:111,12,0,0
BRDA:122,13,0,0
BRDA:122,14,0,0
BRDA:122,14,1,0
BRDA:154,15,0,0
BRDA:154,15,1,0
BRDA:158,16,0,0
BRDA:158,16,1,0
BRF:29
BRH:3
end_of_record
TN:
SF:src\components\aboutus\aboutus.jsx
FN:1,(anonymous_0)
FN:8,(anonymous_1)
FN:8,(anonymous_2)
FNF:3
FNH:3
FNDA:32,(anonymous_0)
FNDA:24,(anonymous_1)
FNDA:8,(anonymous_2)
DA:1,288
DA:8,32
DA:9,32
DA:10,16
DA:80,32
DA:82,32
LF:6
LH:6
BRDA:1,0,0,64
BRDA:1,0,1,32
BRDA:1,1,0,32
BRF:3
BRH:3
end_of_record
